Log file open, 07/30/17 23:35:06
LogInit:Display: Running engine for game: Despair
LogPlatformFile: Not using cached read wrapper
LogInit:Display: RandInit(1461552139) SRandInit(1461552139).
LogTaskGraph: Started task graph with 5 named threads and 8 total threads with 1 sets of task threads.
LogStats: Stats thread started at 0.081828
LogInit: Using libcurl 7.47.1
LogInit:  - built for x86_64-pc-win32
LogInit:  - supports SSL with OpenSSL/1.0.2g
LogInit:  - supports HTTP deflate (compression) using libz 1.2.8
LogInit:  - other features:
LogInit:      CURL_VERSION_SSL
LogInit:      CURL_VERSION_LIBZ
LogInit:      CURL_VERSION_IPV6
LogInit:      CURL_VERSION_ASYNCHDNS
LogInit:      CURL_VERSION_LARGEFILE
LogInit:      CURL_VERSION_IDN
LogInit:  CurlRequestOptions (configurable via config and command line):
LogInit:  - bVerifyPeer = false  - Libcurl will NOT verify peer certificate
LogInit:  - bUseHttpProxy = false  - Libcurl will NOT use HTTP proxy
LogInit:  - bDontReuseConnections = false  - Libcurl will reuse connections
LogInit:  - CertBundlePath = nullptr  - Libcurl will use whatever was configured at build time.
LogInit: Build: ++UE4+Release-4.16-CL-3514769
LogInit: Engine Version: 4.16.2-3514769+++UE4+Release-4.16
LogInit: Compatible Engine Version: 4.16.0-3452394+++UE4+Release-4.16
LogInit: Net CL: 3452394
LogDevObjectVersion: Number of dev versions registered: 16
LogDevObjectVersion:   Dev-Blueprints (B0D832E4-1F89-4F0D-ACCF-7EB736FD4AA2): 9
LogDevObjectVersion:   Dev-Build (E1C64328-A22C-4D53-A36C-8E866417BD8C): 0
LogDevObjectVersion:   Dev-Core (375EC13C-06E4-48FB-B500-84F0262A717E): 2
LogDevObjectVersion:   Dev-Editor (E4B068ED-F494-42E9-A231-DA0B2E46BB41): 17
LogDevObjectVersion:   Dev-Framework (CFFC743F-43B0-4480-9391-14DF171D2073): 23
LogDevObjectVersion:   Dev-Mobile (B02B49B5-BB20-44E9-A304-32B752E40360): 0
LogDevObjectVersion:   Dev-Networking (A4E4105C-59A1-49B5-A7C5-40C4547EDFEE): 0
LogDevObjectVersion:   Dev-Online (39C831C9-5AE6-47DC-9A44-9C173E1C8E7C): 0
LogDevObjectVersion:   Dev-Physics (78F01B33-EBEA-4F98-B9B4-84EACCB95AA2): 0
LogDevObjectVersion:   Dev-Platform (6631380F-2D4D-43E0-8009-CF276956A95A): 0
LogDevObjectVersion:   Dev-Rendering (12F88B9F-8875-4AFC-A67C-D90C383ABD29): 15
LogDevObjectVersion:   Dev-Sequencer (7B5AE74C-D270-4C10-A958-57980B212A5A): 4
LogDevObjectVersion:   Dev-VR (D7296918-1DD6-4BDD-9DE2-64A83CC13884): 0
LogDevObjectVersion:   Dev-LoadTimes (C2A15278-BFE7-4AFE-6C17-90FF531DF755): 1
LogDevObjectVersion:   Private-Geometry (6EACA3D4-40EC-4CC1-B786-8BED09428FC5): 1
LogDevObjectVersion:   Dev-AnimPhys (29E575DD-E0A3-4627-9D10-D276232CDCEA): 3
LogInit: Compiled (64-bit): Jun 29 2017 02:03:24
LogInit: Compiled with Visual C++: 19.00.24215.01
LogInit: Build Configuration: Development
LogInit: Branch Name: ++UE4+Release-4.16
LogInit: Command line:  
LogInit: Base directory: G:/UE_4.16/Engine/Binaries/Win64/
LogInit: Installed Engine Build: 1
LogInit: Presizing for max 8388607 objects, including 0 objects not considered by GC, pre-allocating 0 bytes for permanent pool.
LogInit: Object subsystem initialized
[2017.07.31-03.35.06:975][  0]LogInit: Selected Device Profile: [Windows]
[2017.07.31-03.35.06:975][  0]LogInit: Applying CVar settings loaded from the selected device profile: [Windows]
[2017.07.31-03.35.06:984][  0]LogInit: Computer: DESKTOP-HUFO5MG
[2017.07.31-03.35.06:984][  0]LogInit: User: tappu
[2017.07.31-03.35.06:984][  0]LogInit: CPU Page size=4096, Cores=4
[2017.07.31-03.35.06:984][  0]LogInit: High frequency timer resolution =3.215214 MHz
[2017.07.31-03.35.06:984][  0]LogMemory: Memory total: Physical=7.9GB (8GB approx)
[2017.07.31-03.35.06:984][  0]LogMemory: Platform Memory Stats for Windows
[2017.07.31-03.35.06:985][  0]LogMemory: Process Physical Memory: 272.13 MB used, 272.13 MB peak
[2017.07.31-03.35.06:985][  0]LogMemory: Process Virtual Memory: 258.52 MB used, 258.52 MB peak
[2017.07.31-03.35.06:985][  0]LogMemory: Physical Memory: 2661.68 MB used,  5435.86 MB free, 8097.54 MB total
[2017.07.31-03.35.06:985][  0]LogMemory: Virtual Memory: 635.28 MB used,  5435.86 MB free, 134217728.00 MB total
[2017.07.31-03.35.07:029][  0]LogInit: Using OS detected language (en-US).
[2017.07.31-03.35.07:029][  0]LogInit: Using OS detected locale (en-US).
[2017.07.31-03.35.07:031][  0]LogTextLocalizationManager: No specific localization for 'en-US' exists, so the 'en' localization will be used.
[2017.07.31-03.35.07:822][  0]LogD3D11RHI: D3D11 adapters:
[2017.07.31-03.35.07:862][  0]LogD3D11RHI:    0. 'NVIDIA GeForce GTX 960' (Feature Level 11_0)
[2017.07.31-03.35.07:862][  0]LogD3D11RHI:       2016/0/4048 MB DedicatedVideo/DedicatedSystem/SharedSystem, Outputs:2, VendorId:0x10de
[2017.07.31-03.35.07:863][  0]LogD3D11RHI:    1. 'Microsoft Basic Render Driver' (Feature Level 11_0)
[2017.07.31-03.35.07:863][  0]LogD3D11RHI:       0/0/4048 MB DedicatedVideo/DedicatedSystem/SharedSystem, Outputs:0, VendorId:0x1414
[2017.07.31-03.35.07:863][  0]LogD3D11RHI: Chosen D3D11 Adapter: 0
[2017.07.31-03.35.07:867][  0]LogD3D11RHI: Creating new Direct3DDevice
[2017.07.31-03.35.07:867][  0]LogD3D11RHI:     GPU DeviceId: 0x1401 (for the marketing name, search the web for "GPU Device Id")
[2017.07.31-03.35.07:867][  0]LogWindows: EnumDisplayDevices:
[2017.07.31-03.35.07:867][  0]LogWindows:    0. 'NVIDIA GeForce GTX 960' (P:1 D:1)
[2017.07.31-03.35.07:867][  0]LogWindows:    1. 'NVIDIA GeForce GTX 960' (P:0 D:1)
[2017.07.31-03.35.07:867][  0]LogWindows:    2. 'NVIDIA GeForce GTX 960' (P:0 D:0)
[2017.07.31-03.35.07:868][  0]LogWindows:    3. 'NVIDIA GeForce GTX 960' (P:0 D:0)
[2017.07.31-03.35.07:868][  0]LogWindows: DebugString: FoundDriverCount:4 
[2017.07.31-03.35.07:868][  0]LogD3D11RHI:     Adapter Name: NVIDIA GeForce GTX 960
[2017.07.31-03.35.07:868][  0]LogD3D11RHI:   Driver Version: 382.05 (internal:22.21.13.8205, unified:382.05)
[2017.07.31-03.35.07:868][  0]LogD3D11RHI:      Driver Date: 5-1-2017
[2017.07.31-03.35.07:868][  0]LogRHI: Texture pool is 1361 MB (70% of 1945 MB)
[2017.07.31-03.35.07:895][  0]LogD3D11RHI: Async texture creation enabled
[2017.07.31-03.35.07:907][  0]LogD3D11RHI: GPU Timing Frequency: 1000.000000 (Debug: 2 1)
[2017.07.31-03.35.07:956][  0]LogShaderCompilers: Guid format shader working directory is 4 characters bigger than the processId version (../../../../Game Projects/Project/Despair/Intermediate/Shaders/WorkingDirectory/10456/).
[2017.07.31-03.35.07:956][  0]LogShaderCompilers: Cleaned the shader compiler working directory 'C:/Users/tappu/AppData/Local/Temp/UnrealShaderWorkingDir/8CE54B214CEC361117F5AFA5C85B452E/'.
[2017.07.31-03.35.07:956][  0]LogShaderCompilers:Display: Using Local Shader Compiler.
[2017.07.31-03.35.08:820][  0]LogTemp:Display: Loaded TP AllDesktopTargetPlatform
[2017.07.31-03.35.08:853][  0]LogTemp:Display: Loaded TP MacClientTargetPlatform
[2017.07.31-03.35.08:886][  0]LogTemp:Display: Loaded TP MacNoEditorTargetPlatform
[2017.07.31-03.35.08:918][  0]LogTemp:Display: Loaded TP MacServerTargetPlatform
[2017.07.31-03.35.08:951][  0]LogTemp:Display: Loaded TP MacTargetPlatform
[2017.07.31-03.35.08:983][  0]LogTemp:Display: Loaded TP WindowsClientTargetPlatform
[2017.07.31-03.35.09:016][  0]LogTemp:Display: Loaded TP WindowsNoEditorTargetPlatform
[2017.07.31-03.35.09:048][  0]LogTemp:Display: Loaded TP WindowsServerTargetPlatform
[2017.07.31-03.35.09:075][  0]LogTemp:Display: Loaded TP WindowsTargetPlatform
[2017.07.31-03.35.09:107][  0]LogTemp:Display: Loaded TP AndroidTargetPlatform
[2017.07.31-03.35.09:139][  0]LogTemp:Display: Loaded TP Android_ASTCTargetPlatform
[2017.07.31-03.35.09:170][  0]LogTemp:Display: Loaded TP Android_ATCTargetPlatform
[2017.07.31-03.35.09:202][  0]LogTemp:Display: Loaded TP Android_DXTTargetPlatform
[2017.07.31-03.35.09:234][  0]LogTemp:Display: Loaded TP Android_ETC1TargetPlatform
[2017.07.31-03.35.09:265][  0]LogTemp:Display: Loaded TP Android_ETC2TargetPlatform
[2017.07.31-03.35.09:329][  0]LogTemp:Display: Loaded TP Android_MultiTargetPlatform
[2017.07.31-03.35.09:329][  0]LogTemp:Display: Loaded TP Android_PVRTCTargetPlatform
[2017.07.31-03.35.09:352][  0]LogTemp:Display: Loaded TP HTML5TargetPlatform
[2017.07.31-03.35.09:417][  0]LogTemp:Display: Loaded TP IOSTargetPlatform
[2017.07.31-03.35.09:438][  0]LogTemp:Display: Loaded TP TVOSTargetPlatform
[2017.07.31-03.35.09:470][  0]LogTemp:Display: Loaded TP LinuxClientTargetPlatform
[2017.07.31-03.35.09:502][  0]LogTemp:Display: Loaded TP LinuxNoEditorTargetPlatform
[2017.07.31-03.35.09:533][  0]LogTemp:Display: Loaded TP LinuxServerTargetPlatform
[2017.07.31-03.35.09:566][  0]LogTemp:Display: Loaded TP LinuxTargetPlatform
[2017.07.31-03.35.09:566][  0]LogTargetPlatformManager:Display: Building Assets For Windows
[2017.07.31-03.35.09:857][  0]LogDerivedDataCache:Display: Max Cache Size: 512 MB
[2017.07.31-03.35.09:944][  0]LogDerivedDataCache: Loaded boot cache 0.09s 90MB C:/Users/tappu/AppData/Local/UnrealEngine/4.16/DerivedDataCache/Boot.ddc.
[2017.07.31-03.35.09:944][  0]LogDerivedDataCache:Display: Loaded Boot cache: C:/Users/tappu/AppData/Local/UnrealEngine/4.16/DerivedDataCache/Boot.ddc
[2017.07.31-03.35.09:944][  0]LogDerivedDataCache: FDerivedDataBackendGraph:  Pak pak cache file ../../../../Game Projects/Project/Despair/DerivedDataCache/DDC.ddp not found, will not use a pak cache.
[2017.07.31-03.35.09:944][  0]LogDerivedDataCache: Unable to find inner node Pak for hierarchical cache Hierarchy.
[2017.07.31-03.35.09:944][  0]LogDerivedDataCache: FDerivedDataBackendGraph:  CompressedPak pak cache file ../../../../Game Projects/Project/Despair/DerivedDataCache/Compressed.ddp not found, will not use a pak cache.
[2017.07.31-03.35.09:944][  0]LogDerivedDataCache: Unable to find inner node CompressedPak for hierarchical cache Hierarchy.
[2017.07.31-03.35.09:959][  0]LogDerivedDataCache:Display: Pak cache opened for reading ../../../Engine/DerivedDataCache/Compressed.ddp.
[2017.07.31-03.35.09:971][  0]LogDerivedDataCache: Using Local data cache path C:/Users/tappu/AppData/Local/UnrealEngine/Common/DerivedDataCache: Writable
[2017.07.31-03.35.09:980][  0]LogMaterial: Verifying Global Shaders for PCD3D_SM5
[2017.07.31-03.35.09:980][  0]LogSlate: Using Freetype 2.6.0
[2017.07.31-03.35.09:981][  0]LogSlate: SlateFontCache - WITH_FREETYPE: 1, WITH_HARFBUZZ: 1
[2017.07.31-03.35.09:981][  0]LogSlate: SlateFontCache - WITH_FREETYPE: 1, WITH_HARFBUZZ: 1
[2017.07.31-03.35.10:250][  0]LogInit: Selected Device Profile: [Windows]
[2017.07.31-03.35.10:317][  0]LogContentStreaming: Texture pool size is 0.00 MB
[2017.07.31-03.35.10:439][  0]LogMeshUtilities: Using QuadricMeshReduction for automatic static mesh reduction
[2017.07.31-03.35.10:465][  0]LogSimplygon: Simplygon DLL not present - disabling.
[2017.07.31-03.35.10:493][  0]LogMeshUtilities: Using SimplygonSwarm for distributed automatic mesh merging
[2017.07.31-03.35.10:493][  0]LogMeshUtilities: No automatic skeletal mesh reduction module available
[2017.07.31-03.35.10:493][  0]LogMeshUtilities: No automatic mesh merging module available
[2017.07.31-03.35.10:917][  0]LogNetVersion: Despair , NetCL: 3452394, EngineNetVer: 2, GameNetVer: 0 (Checksum: 109746353)
[2017.07.31-03.35.10:969][  0]LogAssetRegistry: FAssetRegistry took 0.0249 seconds to start up
[2017.07.31-03.35.11:010][  0]LogPackageLocalizationCache: Processed 4 localized package path(s) for 2 prioritized culture(s) in 0.028369 seconds
[2017.07.31-03.35.11:015][  0]LogUObjectArray: 34194 objects as part of root set at end of initial load.
[2017.07.31-03.35.11:015][  0]LogUObjectAllocator: 7260416 out of 0 bytes used by permanent object pool.
[2017.07.31-03.35.11:015][  0]LogUObjectArray: CloseDisregardForGC: 0/0 objects in disregard for GC pool
[2017.07.31-03.35.11:052][  0]LogInit: WinSock: version 1.1 (2.2), MaxSocks=32767, MaxUdp=65467
[2017.07.31-03.35.12:752][  0]LogTcpMessaging: Initializing TcpMessaging bridge
[2017.07.31-03.35.12:780][  0]LogUdpMessaging: Initializing bridge on interface 0.0.0.0:0 to multicast group 230.0.0.1:6666.
[2017.07.31-03.35.13:124][  0]LogMaterial: Uniform references updated for custom material expression Custom.
[2017.07.31-03.35.13:388][  0]SourceControl: Info Source control is disabled
[2017.07.31-03.35.13:388][  0]SourceControl: Info Source control is disabled
[2017.07.31-03.35.13:416][  0]SourceControl: Info Source control is disabled
[2017.07.31-03.35.13:444][  0]SourceControl: Info Source control is disabled
[2017.07.31-03.35.13:843][  0]LogAndroidPermission: UAndroidPermissionCallbackProxy::GetInstance
[2017.07.31-03.35.14:205][  0]LogEngine: Initializing Engine...
[2017.07.31-03.35.14:205][  0]LogHMD: Failed to initialize OpenVR with code 110
[2017.07.31-03.35.14:387][  0]LogStats: UGameplayTagsManager::ConstructGameplayTagTree: Construct from data asset -  0.000 s
[2017.07.31-03.35.14:387][  0]LogStats: UGameplayTagsManager::ConstructGameplayTagTree: GameplayTagTreeChangedEvent.Broadcast -  0.000 s
[2017.07.31-03.35.14:469][  0]LogAIModule: Creating AISystem for world Untitled
[2017.07.31-03.35.14:477][  0]LogInit: XAudio2 using 'Speakers (Logitech USB Headset)' : 2 channels at 44.1 kHz using 16 bits per sample (channel mask 0x3)
[2017.07.31-03.35.14:513][  0]LogInit: FAudioDevice initialized.
[2017.07.31-03.35.14:555][  0]LogDerivedDataCache: Saved boot cache 0.04s 90MB C:/Users/tappu/AppData/Local/UnrealEngine/4.16/DerivedDataCache/Boot.ddc.
[2017.07.31-03.35.14:563][  0]LogInit: Texture streaming: Enabled
[2017.07.31-03.35.14:620][  0]LogEngineSessionManager: EngineSessionManager initialized
[2017.07.31-03.35.14:750][  0]LogInit: Transaction tracking system initialized
[2017.07.31-03.35.14:934][  0]BlueprintLog: New page: Editor Load
[2017.07.31-03.35.15:490][  0]LocalizationService: Info Localization service is disabled
[2017.07.31-03.35.15:901][  0]LogConsoleResponse:Display: 
[2017.07.31-03.35.16:023][  0]LogCook:Display: Max memory allowance for cook 16384mb min free memory 0mb
[2017.07.31-03.35.16:023][  0]LogCook:Display: Mobile HDR setting 1
[2017.07.31-03.35.16:639][  0]LogFileCache: Scanning file cache for directory 'G:/Game Projects/Project/Despair/Content/' took 0.01s
[2017.07.31-03.35.16:639][  0]SourceControl: Info Source control is disabled
[2017.07.31-03.35.16:639][  0]Cmd: MAP LOAD FILE="../../../../Game Projects/Project/Despair/Content/StarterContent/Maps/Minimal_Default.umap" TEMPLATE=0 SHOWPROGRESS=1 FEATURELEVEL=3
[2017.07.31-03.35.16:639][  0]LightingResults: New page: Lighting Build
[2017.07.31-03.35.16:663][  0]MapCheck: New page: Map Check
[2017.07.31-03.35.16:663][  0]LightingResults: New page: Lighting Build
[2017.07.31-03.35.16:955][  0]LogAIModule: Creating AISystem for world Minimal_Default
[2017.07.31-03.35.16:963][  0]LogEditorServer: Finished looking for orphan Actors (0.000 secs)
[2017.07.31-03.35.16:973][  0]Cmd: MAP CHECKDEP NOCLEARLOG
[2017.07.31-03.35.17:008][  0]MapCheck: Info Map check complete: 0 Error(s), 0 Warning(s), took 34.038ms to complete.
[2017.07.31-03.35.17:008][  0]LogFileHelpers: Loading map 'Minimal_Default' took 0.369
[2017.07.31-03.35.17:150][  0]LogCollectionManager: Loaded 0 collections in 0.000766 seconds
[2017.07.31-03.35.17:213][  0]LogFileCache: Scanning file cache for directory 'G:/Game Projects/Project/Despair/Saved/Collections/' took 0.01s
[2017.07.31-03.35.17:213][  0]LogFileCache: Scanning file cache for directory 'G:/Game Projects/Project/Despair/Content/Developers/tappu/Collections/' took 0.01s
[2017.07.31-03.35.17:213][  0]LogFileCache: Scanning file cache for directory 'G:/Game Projects/Project/Despair/Content/Collections/' took 0.01s
[2017.07.31-03.35.17:213][  0]LogCollectionManager: Rebuilt the GUID cache for 0 collections in 0.000002 seconds
[2017.07.31-03.35.17:222][  0]LogContentBrowser: Native class hierarchy populated in 0.0087 seconds. Added 2329 classes and 491 folders.
[2017.07.31-03.35.17:260][  0]LogContentBrowser: Native class hierarchy updated for 'WidgetCarousel' in 0.0005 seconds. Added 0 classes and 0 folders.
[2017.07.31-03.35.17:290][  0]LogContentBrowser: Native class hierarchy updated for 'AddContentDialog' in 0.0005 seconds. Added 0 classes and 0 folders.
[2017.07.31-03.35.17:316][  0]LogContentBrowser: Native class hierarchy updated for 'SceneOutliner' in 0.0005 seconds. Added 1 classes and 2 folders.
[2017.07.31-03.35.17:345][  0]LogCrashTracker: Crashtracker disabled due to settings.
[2017.07.31-03.35.17:349][  0]LogSlate: Took 0.000155 seconds to synchronously load lazily loaded font '../../../Engine/Content/Slate/Fonts/Roboto-Regular.ttf' (155K)
[2017.07.31-03.35.17:351][  0]LogSlate: Took 0.000150 seconds to synchronously load lazily loaded font '../../../Engine/Content/Slate/Fonts/Roboto-Bold.ttf' (160K)
[2017.07.31-03.35.17:355][  0]LogSlate: Took 0.000267 seconds to synchronously load lazily loaded font '../../../Engine/Content/Editor/Slate/Fonts/FontAwesome.ttf' (139K)
[2017.07.31-03.35.17:441][  0]LogRenderer: Reallocating scene render targets to support 1208x576 NumSamples 1 (Frame:1).
[2017.07.31-03.35.17:590][  0]LogUObjectGlobals:Warning: Failed to find object 'Class None.'
[2017.07.31-03.35.17:638][  0]LogContentBrowser: Native class hierarchy updated for 'HierarchicalLODOutliner' in 0.0005 seconds. Added 1 classes and 2 folders.
[2017.07.31-03.35.17:638][  0]LogLoad: (Engine Initialization) Total time: 11.68 seconds
[2017.07.31-03.35.17:638][  0]LogLoad: (Engine Initialization) Total Blueprint compile time: 0.07 seconds
[2017.07.31-03.35.17:638][  0]LogExternalProfiler: No external profilers were discovered.  External profiling features will not be available.
[2017.07.31-03.35.17:648][  0]LogWindowsTextInputMethodSystem:Display: IME system now deactivated.
[2017.07.31-03.35.17:648][  0]LogOcInput: OculusInput pre-init called
[2017.07.31-03.35.17:648][  0]LogHMD: Starting GearVRController plugin
[2017.07.31-03.35.17:663][  0]LogAssetRegistry: Asset discovery search completed in 6.7162 seconds
[2017.07.31-03.35.17:665][  0]LogCollectionManager: Rebuilt the object cache for 0 collections in 0.000001 seconds (found 0 objects)
[2017.07.31-03.35.17:665][  0]LogCollectionManager: Fixed up redirectors for 0 collections in 0.000022 seconds (updated 0 objects)
[2017.07.31-03.35.17:667][  0]LogContentStreaming: Texture pool size now 1000 MB
[2017.07.31-03.35.17:715][  0]LogSlate: Took 0.000112 seconds to synchronously load lazily loaded font '../../../Engine/Content/Slate/Fonts/Roboto-Light.ttf' (159K)
[2017.07.31-03.35.18:676][103]LogSlate: Took 0.000193 seconds to synchronously load lazily loaded font '../../../Engine/Content/Slate/Fonts/Roboto-Light.ttf' (159K)
[2017.07.31-03.35.32:356][741]LogSlate: Took 0.000151 seconds to synchronously load lazily loaded font '../../../Engine/Content/Slate/Fonts/Roboto-Light.ttf' (159K)
[2017.07.31-03.35.32:404][741]LogAIModule: Creating AISystem for world TestMap01
[2017.07.31-03.35.32:421][741]Cmd: MAP LOAD FILE="../../../../Game Projects/Project/Despair/Content/TestMap01.umap" TEMPLATE=0 SHOWPROGRESS=1 FEATURELEVEL=3
[2017.07.31-03.35.32:421][741]LightingResults: New page: Lighting Build
[2017.07.31-03.35.32:421][741]LoadErrors: New page: Loading map: TestMap01.umap
[2017.07.31-03.35.32:422][741]MapCheck: New page: Map Check
[2017.07.31-03.35.32:422][741]LightingResults: New page: Lighting Build
[2017.07.31-03.35.32:432][741]LogEditorServer: Finished looking for orphan Actors (0.000 secs)
[2017.07.31-03.35.32:463][741]Cmd: MAP CHECKDEP NOCLEARLOG
[2017.07.31-03.35.32:497][741]MapCheck: Info Map check complete: 0 Error(s), 0 Warning(s), took 34.032ms to complete.
[2017.07.31-03.35.32:497][741]LogFileHelpers: Loading map 'TestMap01' took 0.077
[2017.07.31-03.35.39:116][518]LogAIModule: Creating AISystem for world TestMap01
[2017.07.31-03.35.39:132][518]Cmd: MAP LOAD FILE="../../../../Game Projects/Project/Despair/Content/Maps/TestMap01.umap" TEMPLATE=0 SHOWPROGRESS=1 FEATURELEVEL=3
[2017.07.31-03.35.39:132][518]LightingResults: New page: Lighting Build
[2017.07.31-03.35.39:133][518]LoadErrors: New page: Loading map: TestMap01.umap
[2017.07.31-03.35.39:133][518]MapCheck: New page: Map Check
[2017.07.31-03.35.39:133][518]LightingResults: New page: Lighting Build
[2017.07.31-03.35.39:148][518]LogEditorServer: Finished looking for orphan Actors (0.000 secs)
[2017.07.31-03.35.39:178][518]Cmd: MAP CHECKDEP NOCLEARLOG
[2017.07.31-03.35.39:212][518]MapCheck: Info Map check complete: 0 Error(s), 0 Warning(s), took 33.881ms to complete.
[2017.07.31-03.35.39:212][518]LogFileHelpers: Loading map 'TestMap01' took 0.081
[2017.07.31-03.35.41:565][797]LogEditorViewport: Clicking on Actor (LMB): BP_Pickup_C (BP_Pickup)
[2017.07.31-03.35.42:341][886]LogEditorViewport: Clicking on Actor (LMB): BP_Pickup_C (BP_Pickup)
[2017.07.31-03.35.42:424][894]LogEditorViewport: Clicking on Component (LMB): StaticMeshComponent (StaticMesh)
[2017.07.31-03.35.47:099][321]LogContentBrowser: Native class hierarchy updated for 'BlueprintGraph' in 0.0009 seconds. Added 112 classes and 0 folders.
[2017.07.31-03.35.47:598][321]LogSlate: Took 0.000133 seconds to synchronously load lazily loaded font '../../../Engine/Content/Slate/Fonts/Roboto-Regular.ttf' (155K)
[2017.07.31-03.35.47:650][321]LogSlate: Took 0.000169 seconds to synchronously load lazily loaded font '../../../Engine/Content/Editor/Slate/Fonts/Roboto-BoldCondensed.ttf' (158K)
[2017.07.31-03.35.47:698][322]LogSlate: Took 0.000217 seconds to synchronously load lazily loaded font '../../../Engine/Content/Editor/Slate/Fonts/Roboto-Italic.ttf' (157K)
[2017.07.31-03.36.13:341][621]BlueprintLog: New page: Compile BP_Pickup
[2017.07.31-03.36.14:677][736]Cmd: OBJ SAVEPACKAGE PACKAGE="/Game/Blueprints/BP_Pickup" FILE="../../../../Game Projects/Project/Despair/Content/Blueprints/BP_Pickup.uasset" SILENT=true
[2017.07.31-03.36.14:708][736]LogSavePackage: Save=24.13ms
[2017.07.31-03.36.14:708][736]LogSavePackage: Moving '../../../../Game Projects/Project/Despair/Saved/BP_Pickup3EF244CE49D31EC155C14B8D4EE0E628.tmp' to '../../../../Game Projects/Project/Despair/Content/Blueprints/BP_Pickup.uasset'
[2017.07.31-03.36.14:709][736]LogSavePackage:Display: Finished SavePackage ../../../../Game Projects/Project/Despair/Content/Blueprints/BP_Pickup.uasset
[2017.07.31-03.36.17:353][995]LogTemp: Repeting last play command: Selected Viewport
[2017.07.31-03.36.17:392][995]LogBlueprintUserMessages: Early PlayInEditor Detection: Level '/Game/Maps/TestMap01.TestMap01:PersistentLevel' has LevelScriptBlueprint '/Game/Maps/TestMap01.TestMap01:PersistentLevel.TestMap01' with GeneratedClass '/Game/Maps/TestMap01.TestMap01_C' with ClassGeneratedBy '/Game/Maps/TestMap01.TestMap01:PersistentLevel.TestMap01'
[2017.07.31-03.36.17:393][995]LogPlayLevel: PlayLevel: No blueprints needed recompiling
[2017.07.31-03.36.17:393][995]PIE: New page: PIE session: TestMap01 (Jul 30, 2017, 7:36:17 PM)
[2017.07.31-03.36.17:393][995]LogPlayLevel: Creating play world package: /Game/Maps/UEDPIE_0_TestMap01
[2017.07.31-03.36.17:395][995]LogPlayLevel: PIE: StaticDuplicateObject took: (0.002266s)
[2017.07.31-03.36.17:396][995]LogAIModule: Creating AISystem for world TestMap01
[2017.07.31-03.36.17:396][995]LogPlayLevel: PIE: World Init took: (0.000561s)
[2017.07.31-03.36.17:396][995]LogPlayLevel: PIE: Created PIE world by copying editor world from /Game/Maps/TestMap01.TestMap01 to /Game/Maps/UEDPIE_0_TestMap01.TestMap01 (0.003031s)
[2017.07.31-03.36.17:413][995]LogInit: XAudio2 using 'Speakers (Logitech USB Headset)' : 2 channels at 44.1 kHz using 16 bits per sample (channel mask 0x3)
[2017.07.31-03.36.17:419][995]LogInit: FAudioDevice initialized.
[2017.07.31-03.36.17:461][995]LogLoad: Game class is 'DespairGameMode_BP_C'
[2017.07.31-03.36.17:464][995]LogWorld: Bringing World /Game/Maps/UEDPIE_0_TestMap01.TestMap01 up for play (max tick rate 0) at 2017.07.30-23.36.17
[2017.07.31-03.36.17:465][995]LogWorld: Bringing up level for play took: 0.001270
[2017.07.31-03.36.17:491][995]LogContentBrowser: Native class hierarchy updated for 'MovieSceneCapture' in 0.0006 seconds. Added 11 classes and 0 folders.
[2017.07.31-03.36.17:492][995]PIE: Info Play in editor start time for /Game/Maps/UEDPIE_0_TestMap01 0.334
[2017.07.31-03.36.17:493][995]LogBlueprintUserMessages: Late PlayInEditor Detection: Level '/Game/Maps/TestMap01.TestMap01:PersistentLevel' has LevelScriptBlueprint '/Game/Maps/TestMap01.TestMap01:PersistentLevel.TestMap01' with GeneratedClass '/Game/Maps/TestMap01.TestMap01_C' with ClassGeneratedBy '/Game/Maps/TestMap01.TestMap01:PersistentLevel.TestMap01'
[2017.07.31-03.36.27:447][171]LogBlueprintUserMessages: Early EndPlayMap Detection: Level '/Game/Maps/TestMap01.TestMap01:PersistentLevel' has LevelScriptBlueprint '/Game/Maps/TestMap01.TestMap01:PersistentLevel.TestMap01' with GeneratedClass '/Game/Maps/TestMap01.TestMap01_C' with ClassGeneratedBy '/Game/Maps/TestMap01.TestMap01:PersistentLevel.TestMap01'
[2017.07.31-03.36.27:489][171]LogBlueprintUserMessages: Late EndPlayMap Detection: Level '/Game/Maps/TestMap01.TestMap01:PersistentLevel' has LevelScriptBlueprint '/Game/Maps/TestMap01.TestMap01:PersistentLevel.TestMap01' with GeneratedClass '/Game/Maps/TestMap01.TestMap01_C' with ClassGeneratedBy '/Game/Maps/TestMap01.TestMap01:PersistentLevel.TestMap01'
[2017.07.31-03.39.51:991][782]BlueprintLog: New page: Compile PlayerPawn2_BP
[2017.07.31-03.39.52:752][827]Cmd: OBJ SAVEPACKAGE PACKAGE="/Game/Blueprints/PlayerPawn2_BP" FILE="../../../../Game Projects/Project/Despair/Content/Blueprints/PlayerPawn2_BP.uasset" SILENT=true
[2017.07.31-03.39.52:803][827]LogSavePackage: Save=42.94ms
[2017.07.31-03.39.52:803][827]LogSavePackage: Moving '../../../../Game Projects/Project/Despair/Saved/PlayerPawn2_BP46C357A14B6D7F0960A2BE967AA4CE83.tmp' to '../../../../Game Projects/Project/Despair/Content/Blueprints/PlayerPawn2_BP.uasset'
[2017.07.31-03.39.52:804][827]LogSavePackage:Display: Finished SavePackage ../../../../Game Projects/Project/Despair/Content/Blueprints/PlayerPawn2_BP.uasset
[2017.07.31-03.40.12:593][678]BlueprintLog: New page: Compile BP_Pickup
[2017.07.31-03.40.13:276][730]Cmd: OBJ SAVEPACKAGE PACKAGE="/Game/Blueprints/BP_Pickup" FILE="../../../../Game Projects/Project/Despair/Content/Blueprints/BP_Pickup.uasset" SILENT=true
[2017.07.31-03.40.13:306][730]LogSavePackage: Save=26.78ms
[2017.07.31-03.40.13:306][730]LogSavePackage: Moving '../../../../Game Projects/Project/Despair/Saved/BP_Pickup4C7C72F94E97AA98D3E0BE8D463BAAD7.tmp' to '../../../../Game Projects/Project/Despair/Content/Blueprints/BP_Pickup.uasset'
[2017.07.31-03.40.13:307][730]LogSavePackage:Display: Finished SavePackage ../../../../Game Projects/Project/Despair/Content/Blueprints/BP_Pickup.uasset
[2017.07.31-03.40.18:438][236]LogTemp: Repeting last play command: Selected Viewport
[2017.07.31-03.40.18:455][236]LogBlueprintUserMessages: Early PlayInEditor Detection: Level '/Game/Maps/TestMap01.TestMap01:PersistentLevel' has LevelScriptBlueprint '/Game/Maps/TestMap01.TestMap01:PersistentLevel.TestMap01' with GeneratedClass '/Game/Maps/TestMap01.TestMap01_C' with ClassGeneratedBy '/Game/Maps/TestMap01.TestMap01:PersistentLevel.TestMap01'
[2017.07.31-03.40.18:455][236]LogPlayLevel: PlayLevel: No blueprints needed recompiling
[2017.07.31-03.40.18:455][236]PIE: New page: PIE session: TestMap01 (Jul 30, 2017, 7:40:18 PM)
[2017.07.31-03.40.18:455][236]LogPlayLevel: Creating play world package: /Game/Maps/UEDPIE_0_TestMap01
[2017.07.31-03.40.18:457][236]LogPlayLevel: PIE: StaticDuplicateObject took: (0.002233s)
[2017.07.31-03.40.18:458][236]LogAIModule: Creating AISystem for world TestMap01
[2017.07.31-03.40.18:458][236]LogPlayLevel: PIE: World Init took: (0.000492s)
[2017.07.31-03.40.18:458][236]LogPlayLevel: PIE: Created PIE world by copying editor world from /Game/Maps/TestMap01.TestMap01 to /Game/Maps/UEDPIE_0_TestMap01.TestMap01 (0.002929s)
[2017.07.31-03.40.18:478][236]LogInit: XAudio2 using 'Speakers (Logitech USB Headset)' : 2 channels at 44.1 kHz using 16 bits per sample (channel mask 0x3)
[2017.07.31-03.40.18:483][236]LogInit: FAudioDevice initialized.
[2017.07.31-03.40.18:514][236]LogLoad: Game class is 'DespairGameMode_BP_C'
[2017.07.31-03.40.18:516][236]LogWorld: Bringing World /Game/Maps/UEDPIE_0_TestMap01.TestMap01 up for play (max tick rate 0) at 2017.07.30-23.40.18
[2017.07.31-03.40.18:516][236]LogWorld: Bringing up level for play took: 0.001401
[2017.07.31-03.40.18:517][236]PIE: Info Play in editor start time for /Game/Maps/UEDPIE_0_TestMap01 -0.641
[2017.07.31-03.40.18:518][236]LogBlueprintUserMessages: Late PlayInEditor Detection: Level '/Game/Maps/TestMap01.TestMap01:PersistentLevel' has LevelScriptBlueprint '/Game/Maps/TestMap01.TestMap01:PersistentLevel.TestMap01' with GeneratedClass '/Game/Maps/TestMap01.TestMap01_C' with ClassGeneratedBy '/Game/Maps/TestMap01.TestMap01:PersistentLevel.TestMap01'
[2017.07.31-03.40.38:204][476]LogBlueprintUserMessages: Early EndPlayMap Detection: Level '/Game/Maps/TestMap01.TestMap01:PersistentLevel' has LevelScriptBlueprint '/Game/Maps/TestMap01.TestMap01:PersistentLevel.TestMap01' with GeneratedClass '/Game/Maps/TestMap01.TestMap01_C' with ClassGeneratedBy '/Game/Maps/TestMap01.TestMap01:PersistentLevel.TestMap01'
[2017.07.31-03.40.38:251][476]LogBlueprintUserMessages: Late EndPlayMap Detection: Level '/Game/Maps/TestMap01.TestMap01:PersistentLevel' has LevelScriptBlueprint '/Game/Maps/TestMap01.TestMap01:PersistentLevel.TestMap01' with GeneratedClass '/Game/Maps/TestMap01.TestMap01_C' with ClassGeneratedBy '/Game/Maps/TestMap01.TestMap01:PersistentLevel.TestMap01'
[2017.07.31-03.40.43:934][ 31]Cmd: OBJ SAVEPACKAGE PACKAGE="/Game/Maps/TestMap01" FILE="../../../../Game Projects/Project/Despair/Content/Maps/TestMap01.umap" SILENT=true AUTOSAVING=false KEEPDIRTY=false
[2017.07.31-03.40.44:086][ 31]LogSavePackage: Save=129.14ms
[2017.07.31-03.40.44:086][ 31]LogSavePackage: Moving '../../../../Game Projects/Project/Despair/Saved/TestMap011BAF91834AFF4AB4B09D65BCD02B5E12.tmp' to '../../../../Game Projects/Project/Despair/Content/Maps/TestMap01.umap'
[2017.07.31-03.40.44:088][ 31]LogSavePackage:Display: Finished SavePackage ../../../../Game Projects/Project/Despair/Content/Maps/TestMap01.umap
[2017.07.31-03.40.44:113][ 31]Cmd: OBJ SAVEPACKAGE PACKAGE="/Game/Maps/TestMap01_BuiltData" FILE="../../../../Game Projects/Project/Despair/Content/Maps/TestMap01_BuiltData.uasset" SILENT=true
[2017.07.31-03.40.44:127][ 31]LogSavePackage: Save=8.05ms
[2017.07.31-03.40.44:127][ 31]LogSavePackage: Moving '../../../../Game Projects/Project/Despair/Saved/TestMap01_BuiltData88C8F79A41EA653FD04BA68875876DC0.tmp' to '../../../../Game Projects/Project/Despair/Content/Maps/TestMap01_BuiltData.uasset'
[2017.07.31-03.40.44:127][ 31]LogSavePackage:Display: Finished SavePackage ../../../../Game Projects/Project/Despair/Content/Maps/TestMap01_BuiltData.uasset
[2017.07.31-03.40.45:929][194]LogActorComponent: UnregisterComponent: (/Engine/Transient.EditorFloorComp) Not registered. Aborting.
[2017.07.31-03.40.45:980][194]LogActorComponent: UnregisterComponent: (/Engine/Transient.EditorFloorComp) Not registered. Aborting.
[2017.07.31-03.40.46:033][194]LogActorComponent: UnregisterComponent: (/Engine/Transient.EditorFloorComp) Not registered. Aborting.
[2017.07.31-03.40.46:081][194]LogWindowsTextInputMethodSystem:Display: IME system now deactivated.
[2017.07.31-03.40.46:303][195]Cmd: QUIT_EDITOR
[2017.07.31-03.40.46:663][195]LogExit: Preparing to exit.
[2017.07.31-03.40.47:017][195]LogDirectoryWatcher: A directory notification for 'G:/Game Projects/Project/Despair/Content/' was aborted.
[2017.07.31-03.40.47:047][195]LogExit: Editor shut down
[2017.07.31-03.40.47:051][195]LogExit: Transaction tracking system shut down
[2017.07.31-03.40.47:134][195]LogObj: Freed 0b from 0 cluster array pools.
[2017.07.31-03.40.47:134][195]LogExit: Object subsystem successfully closed.
[2017.07.31-03.40.47:153][195]LogD3D11RHI: Shutdown
[2017.07.31-03.40.47:153][195]LogD3D11RHI: CleanupD3DDevice
[2017.07.31-03.40.47:210][195]LogD3D11RHI: ~FD3D11DynamicRHI
[2017.07.31-03.40.47:218][195]LogModuleManager: Shutting down and abandoning module MovieSceneCapture (530)
[2017.07.31-03.40.47:218][195]LogModuleManager: Shutting down and abandoning module BlueprintGraph (528)
[2017.07.31-03.40.47:218][195]LogModuleManager: Shutting down and abandoning module BlueprintProfiler (526)
[2017.07.31-03.40.47:218][195]LogModuleManager: Shutting down and abandoning module HierarchicalLODOutliner (524)
[2017.07.31-03.40.47:218][195]LogModuleManager: Shutting down and abandoning module CrashTracker (522)
[2017.07.31-03.40.47:218][195]LogModuleManager: Shutting down and abandoning module SceneOutliner (520)
[2017.07.31-03.40.47:218][195]LogModuleManager: Shutting down and abandoning module AddContentDialog (518)
[2017.07.31-03.40.47:218][195]LogDirectoryWatcher: A directory notification for 'G:/UE_4.16/FeaturePacks/' was aborted.
[2017.07.31-03.40.47:218][195]LogModuleManager: Shutting down and abandoning module WidgetCarousel (517)
[2017.07.31-03.40.47:218][195]LogModuleManager: Shutting down and abandoning module EditorWidgets (514)
[2017.07.31-03.40.47:218][195]LogModuleManager: Shutting down and abandoning module CollectionManager (512)
[2017.07.31-03.40.47:218][195]LogDirectoryWatcher: A directory notification for 'G:/Game Projects/Project/Despair/Content/Collections/' was aborted.
[2017.07.31-03.40.47:218][195]LogDirectoryWatcher: A directory notification for 'G:/Game Projects/Project/Despair/Content/Developers/tappu/Collections/' was aborted.
[2017.07.31-03.40.47:219][195]LogDirectoryWatcher: A directory notification for 'G:/Game Projects/Project/Despair/Saved/Collections/' was aborted.
[2017.07.31-03.40.47:219][195]LogModuleManager: Shutting down and abandoning module StatsViewer (510)
[2017.07.31-03.40.47:219][195]LogModuleManager: Shutting down and abandoning module FoliageEdit (508)
[2017.07.31-03.40.47:219][195]LogModuleManager: Shutting down and abandoning module LandscapeEditor (506)
[2017.07.31-03.40.47:219][195]LogModuleManager: Shutting down and abandoning module MeshPaintMode (504)
[2017.07.31-03.40.47:219][195]LogModuleManager: Shutting down and abandoning module SceneDepthPickerMode (502)
[2017.07.31-03.40.47:219][195]LogModuleManager: Shutting down and abandoning module ActorPickerMode (500)
[2017.07.31-03.40.47:219][195]LogModuleManager: Shutting down and abandoning module GeometryMode (498)
[2017.07.31-03.40.47:219][195]LogModuleManager: Shutting down and abandoning module TextureAlignMode (496)
[2017.07.31-03.40.47:219][195]LogModuleManager: Shutting down and abandoning module BspMode (494)
[2017.07.31-03.40.47:219][195]LogModuleManager: Shutting down and abandoning module HardwareSurvey (492)
[2017.07.31-03.40.47:219][195]LogModuleManager: Shutting down and abandoning module SequenceRecorderSections (490)
[2017.07.31-03.40.47:219][195]LogModuleManager: Shutting down and abandoning module AutomationWorker (488)
[2017.07.31-03.40.47:219][195]LogModuleManager: Shutting down and abandoning module MatineeToLevelSequence (486)
[2017.07.31-03.40.47:219][195]LogModuleManager: Shutting down and abandoning module LevelSequenceEditor (484)
[2017.07.31-03.40.47:219][195]LogModuleManager: Shutting down and abandoning module PlacementMode (483)
[2017.07.31-03.40.47:219][195]LogModuleManager: Shutting down and abandoning module WmfMediaFactory (480)
[2017.07.31-03.40.47:219][195]LogModuleManager: Shutting down and abandoning module WmfMediaEditor (478)
[2017.07.31-03.40.47:219][195]LogModuleManager: Shutting down and abandoning module AvfMediaFactory (476)
[2017.07.31-03.40.47:219][195]LogModuleManager: Shutting down and abandoning module AvfMediaEditor (474)
[2017.07.31-03.40.47:219][195]LogModuleManager: Shutting down and abandoning module AndroidMediaFactory (472)
[2017.07.31-03.40.47:219][195]LogModuleManager: Shutting down and abandoning module Media (471)
[2017.07.31-03.40.47:219][195]LogModuleManager: Shutting down and abandoning module AndroidMediaEditor (468)
[2017.07.31-03.40.47:219][195]LogModuleManager: Shutting down and abandoning module CharacterAI (466)
[2017.07.31-03.40.47:219][195]LogModuleManager: Shutting down and abandoning module AudioCapture (464)
[2017.07.31-03.40.47:219][195]LogModuleManager: Shutting down and abandoning module SequenceRecorder (463)
[2017.07.31-03.40.47:219][195]LogModuleManager: Shutting down and abandoning module SmartSnapping (460)
[2017.07.31-03.40.47:219][195]LogModuleManager: Shutting down and abandoning module SessionServices (458)
[2017.07.31-03.40.47:219][195]LogModuleManager: Shutting down and abandoning module ViewportSnapping (456)
[2017.07.31-03.40.47:219][195]LogModuleManager: Shutting down and abandoning module ViewportInteraction (454)
[2017.07.31-03.40.47:219][195]LogModuleManager: Shutting down and abandoning module ClothPainter (452)
[2017.07.31-03.40.47:219][195]LogModuleManager: Shutting down and abandoning module LogVisualizer (450)
[2017.07.31-03.40.47:219][195]LogModuleManager: Shutting down and abandoning module IntroTutorials (448)
[2017.07.31-03.40.47:219][195]LogModuleManager: Shutting down and abandoning module GameProjectGeneration (447)
[2017.07.31-03.40.47:219][195]LogModuleManager: Shutting down and abandoning module EditorLiveStreaming (444)
[2017.07.31-03.40.47:219][195]LogModuleManager: Shutting down and abandoning module IOSPlatformEditor (442)
[2017.07.31-03.40.47:219][195]LogModuleManager: Shutting down and abandoning module HTML5PlatformEditor (440)
[2017.07.31-03.40.47:219][195]LogModuleManager: Shutting down and abandoning module AndroidPlatformEditor (438)
[2017.07.31-03.40.47:219][195]LogModuleManager: Shutting down and abandoning module AndroidDeviceDetection (437)
[2017.07.31-03.40.47:794][195]LogModuleManager: Shutting down and abandoning module IOSRuntimeSettings (434)
[2017.07.31-03.40.47:794][195]LogModuleManager: Shutting down and abandoning module AndroidRuntimeSettings (432)
[2017.07.31-03.40.47:794][195]LogModuleManager: Shutting down and abandoning module InputBindingEditor (430)
[2017.07.31-03.40.47:794][195]LogModuleManager: Shutting down and abandoning module MergeActors (428)
[2017.07.31-03.40.47:794][195]LogModuleManager: Shutting down and abandoning module SizeMap (426)
[2017.07.31-03.40.47:794][195]LogModuleManager: Shutting down and abandoning module TreeMap (424)
[2017.07.31-03.40.47:794][195]LogModuleManager: Shutting down and abandoning module ReferenceViewer (422)
[2017.07.31-03.40.47:794][195]LogModuleManager: Shutting down and abandoning module LocalizationDashboard (420)
[2017.07.31-03.40.47:794][195]LogModuleManager: Shutting down and abandoning module LocalizationService (419)
[2017.07.31-03.40.47:794][195]LogModuleManager: Shutting down and abandoning module HardwareTargeting (416)
[2017.07.31-03.40.47:794][195]LogModuleManager: Shutting down and abandoning module DeviceProfileEditor (414)
[2017.07.31-03.40.47:794][195]LogModuleManager: Shutting down and abandoning module UndoHistory (412)
[2017.07.31-03.40.47:794][195]LogModuleManager: Shutting down and abandoning module UserFeedback (410)
[2017.07.31-03.40.47:794][195]LogModuleManager: Shutting down and abandoning module XmlParser (408)
[2017.07.31-03.40.47:794][195]LogModuleManager: Shutting down and abandoning module Blutility (406)
[2017.07.31-03.40.47:794][195]LogModuleManager: Shutting down and abandoning module ProjectSettingsViewer (404)
[2017.07.31-03.40.47:794][195]LogModuleManager: Shutting down and abandoning module ProjectTargetPlatformEditor (403)
[2017.07.31-03.40.47:794][195]LogModuleManager: Shutting down and abandoning module EditorSettingsViewer (400)
[2017.07.31-03.40.47:794][195]LogModuleManager: Shutting down and abandoning module SettingsEditor (398)
[2017.07.31-03.40.47:795][195]LogModuleManager: Shutting down and abandoning module ProjectLauncher (396)
[2017.07.31-03.40.47:795][195]LogModuleManager: Shutting down and abandoning module SessionFrontend (394)
[2017.07.31-03.40.47:795][195]LogModuleManager: Shutting down and abandoning module ProfilerClient (392)
[2017.07.31-03.40.47:795][195]LogModuleManager: Shutting down and abandoning module DeviceManager (390)
[2017.07.31-03.40.47:795][195]LogModuleManager: Shutting down and abandoning module TargetDeviceServices (389)
[2017.07.31-03.40.47:847][195]LogModuleManager: Shutting down and abandoning module AutomationController (386)
[2017.07.31-03.40.47:847][195]LogModuleManager: Shutting down and abandoning module AutomationWindow (384)
[2017.07.31-03.40.47:847][195]LogModuleManager: Shutting down and abandoning module Layers (382)
[2017.07.31-03.40.47:847][195]LogModuleManager: Shutting down and abandoning module ComponentVisualizers (380)
[2017.07.31-03.40.47:847][195]LogModuleManager: Shutting down and abandoning module DetailCustomizations (378)
[2017.07.31-03.40.47:847][195]LogModuleManager: Shutting down and abandoning module PackagesDialog (376)
[2017.07.31-03.40.47:847][195]LogModuleManager: Shutting down and abandoning module Persona (374)
[2017.07.31-03.40.47:847][195]LogModuleManager: Shutting down and abandoning module AdvancedPreviewScene (373)
[2017.07.31-03.40.47:847][195]LogModuleManager: Shutting down and abandoning module AnimGraph (371)
[2017.07.31-03.40.47:847][195]LogModuleManager: Shutting down and abandoning module Kismet (368)
[2017.07.31-03.40.47:853][195]LogModuleManager: Shutting down and abandoning module ClassViewer (366)
[2017.07.31-03.40.47:853][195]LogModuleManager: Shutting down and abandoning module Toolbox (364)
[2017.07.31-03.40.47:853][195]LogModuleManager: Shutting down and abandoning module ModuleUI (362)
[2017.07.31-03.40.47:853][195]LogModuleManager: Shutting down and abandoning module MovieSceneTools (360)
[2017.07.31-03.40.47:853][195]LogModuleManager: Shutting down and abandoning module OutputLog (358)
[2017.07.31-03.40.47:853][195]LogModuleManager: Shutting down and abandoning module GammaUI (356)
[2017.07.31-03.40.47:853][195]LogModuleManager: Shutting down and abandoning module Documentation (354)
[2017.07.31-03.40.47:853][195]LogModuleManager: Shutting down and abandoning module MovieSceneTracks (352)
[2017.07.31-03.40.47:853][195]LogModuleManager: Shutting down and abandoning module MovieScene (350)
[2017.07.31-03.40.47:853][195]LogModuleManager: Shutting down and abandoning module Niagara (348)
[2017.07.31-03.40.47:853][195]LogModuleManager: Shutting down and abandoning module NiagaraEditor (347)
[2017.07.31-03.40.47:853][195]LogModuleManager: Shutting down and abandoning module StreamingPauseRendering (344)
[2017.07.31-03.40.47:853][195]LogModuleManager: Shutting down and abandoning module AnalyticsET (342)
[2017.07.31-03.40.47:853][195]LogModuleManager: Shutting down and abandoning module PortalServices (340)
[2017.07.31-03.40.47:853][195]LogModuleManager: Shutting down and abandoning module PortalRpc (338)
[2017.07.31-03.40.47:853][195]LogModuleManager: Shutting down and abandoning module MessagingRpc (336)
[2017.07.31-03.40.47:853][195]LogModuleManager: Shutting down and abandoning module AIModule (334)
[2017.07.31-03.40.47:853][195]LogModuleManager: Shutting down and abandoning module GameplayDebugger (333)
[2017.07.31-03.40.47:853][195]LogModuleManager: Shutting down and abandoning module AITestSuite (331)
[2017.07.31-03.40.47:853][195]LogModuleManager: Shutting down and abandoning module ProfilerService (328)
[2017.07.31-03.40.48:031][195]LogModuleManager: Shutting down and abandoning module TaskGraph (326)
[2017.07.31-03.40.48:031][195]LogModuleManager: Shutting down and abandoning module SteamVRController (324)
[2017.07.31-03.40.48:031][195]LogModuleManager: Shutting down and abandoning module SteamVR (322)
[2017.07.31-03.40.48:031][195]LogModuleManager: Shutting down and abandoning module ProceduralMeshComponentEditor (320)
[2017.07.31-03.40.48:031][195]LogModuleManager: Shutting down and abandoning module ProceduralMeshComponent (318)
[2017.07.31-03.40.48:031][195]LogModuleManager: Shutting down and abandoning module OculusLibrary (316)
[2017.07.31-03.40.48:031][195]LogModuleManager: Shutting down and abandoning module OculusInput (314)
[2017.07.31-03.40.48:031][195]LogModuleManager: Shutting down and abandoning module MobilePatchingUtils (312)
[2017.07.31-03.40.48:031][195]LogModuleManager: Shutting down and abandoning module CustomMeshComponent (310)
[2017.07.31-03.40.48:031][195]LogModuleManager: Shutting down and abandoning module CableComponent (308)
[2017.07.31-03.40.48:031][195]LogModuleManager: Shutting down and abandoning module ArchVisCharacter (306)
[2017.07.31-03.40.48:031][195]LogModuleManager: Shutting down and abandoning module AndroidPermission (304)
[2017.07.31-03.40.48:031][195]LogModuleManager: Shutting down and abandoning module MediaPlayerEditor (300)
[2017.07.31-03.40.48:031][195]LogModuleManager: Shutting down and abandoning module HTML5Networking (298)
[2017.07.31-03.40.48:031][195]LogModuleManager: Shutting down and abandoning module AlembicImporter (296)
[2017.07.31-03.40.48:031][195]LogModuleManager: Shutting down and abandoning module AlembicLibrary (295)
[2017.07.31-03.40.48:031][195]LogModuleManager: Shutting down and abandoning module GeometryCache (294)
[2017.07.31-03.40.48:031][195]LogModuleManager: Shutting down and abandoning module GeometryCacheEd (293)
[2017.07.31-03.40.48:031][195]LogModuleManager: Shutting down and abandoning module SuperSearchEditor (288)
[2017.07.31-03.40.48:031][195]LogModuleManager: Shutting down and abandoning module SuperSearch (287)
[2017.07.31-03.40.48:031][195]LogModuleManager: Shutting down and abandoning module SpeedTreeImporter (284)
[2017.07.31-03.40.48:031][195]LogModuleManager: Shutting down and abandoning module PluginBrowser (282)
[2017.07.31-03.40.48:031][195]LogModuleManager: Shutting down and abandoning module MobileLauncherProfileWizard (280)
[2017.07.31-03.40.48:031][195]LogModuleManager: Shutting down and abandoning module VisualStudioSourceCodeAccess (278)
[2017.07.31-03.40.48:031][195]LogModuleManager: Shutting down and abandoning module DesktopPlatform (277)
[2017.07.31-03.40.48:031][195]LogModuleManager: Shutting down and abandoning module UObjectPlugin (274)
[2017.07.31-03.40.48:031][195]LogModuleManager: Shutting down and abandoning module SubversionSourceControl (272)
[2017.07.31-03.40.48:031][195]LogModuleManager: Shutting down and abandoning module PerforceSourceControl (270)
[2017.07.31-03.40.48:031][195]LogModuleManager: Shutting down and abandoning module GitSourceControl (268)
[2017.07.31-03.40.48:031][195]LogModuleManager: Shutting down and abandoning module SourceControl (267)
[2017.07.31-03.40.48:032][195]LogModuleManager: Shutting down and abandoning module LightPropagationVolumeEditor (264)
[2017.07.31-03.40.48:032][195]LogModuleManager: Shutting down and abandoning module PaperTiledImporter (262)
[2017.07.31-03.40.48:032][195]LogModuleManager: Shutting down and abandoning module PaperSpriteSheetImporter (260)
[2017.07.31-03.40.48:032][195]LogModuleManager: Shutting down and abandoning module Paper2DEditor (258)
[2017.07.31-03.40.48:032][195]LogModuleManager: Shutting down and abandoning module MeshPaint (257)
[2017.07.31-03.40.48:032][195]LogModuleManager: Shutting down and abandoning module LevelEditor (255)
[2017.07.31-03.40.48:033][195]LogModuleManager: Shutting down and abandoning module PixelInspectorModule (254)
[2017.07.31-03.40.48:033][195]LogModuleManager: Shutting down and abandoning module MainFrame (252)
[2017.07.31-03.40.48:033][195]LogModuleManager: Shutting down and abandoning module HotReload (251)
[2017.07.31-03.40.48:033][195]LogModuleManager: Shutting down and abandoning module PhysXVehiclesEditor (246)
[2017.07.31-03.40.48:033][195]LogModuleManager: Shutting down and abandoning module PhysXVehicles (244)
[2017.07.31-03.40.48:033][195]LogModuleManager: Shutting down and abandoning module LocationServicesBPLibrary (242)
[2017.07.31-03.40.48:033][195]LogModuleManager: Shutting down and abandoning module ImmediatePhysicsEditor (240)
[2017.07.31-03.40.48:033][195]LogModuleManager: Shutting down and abandoning module ImmediatePhysics (238)
[2017.07.31-03.40.48:033][195]LogModuleManager: Shutting down and abandoning module UdpMessaging (236)
[2017.07.31-03.40.48:134][195]LogModuleManager: Shutting down and abandoning module TcpMessaging (234)
[2017.07.31-03.40.48:234][195]LogModuleManager: Shutting down and abandoning module GameplayTagsEditor (232)
[2017.07.31-03.40.48:234][195]LogModuleManager: Shutting down and abandoning module FacialAnimationEditor (230)
[2017.07.31-03.40.48:234][195]LogModuleManager: Shutting down and abandoning module FacialAnimation (228)
[2017.07.31-03.40.48:234][195]LogModuleManager: Shutting down and abandoning module AssetManagerEditor (226)
[2017.07.31-03.40.48:234][195]LogModuleManager: Shutting down and abandoning module GraphEditor (225)
[2017.07.31-03.40.48:234][195]LogModuleManager: Shutting down and abandoning module ContentBrowser (223)
[2017.07.31-03.40.48:235][195]LogModuleManager: Shutting down and abandoning module LightPropagationVolumeRuntime (220)
[2017.07.31-03.40.48:235][195]LogModuleManager: Shutting down and abandoning module Paper2D (218)
[2017.07.31-03.40.48:235][195]LogModuleManager: Shutting down and abandoning module WindowsMoviePlayer (216)
[2017.07.31-03.40.48:235][195]LogModuleManager: Shutting down and abandoning module WmfMedia (214)
[2017.07.31-03.40.48:235][195]LogModuleManager: Shutting down and abandoning module ClothingSystemEditor (212)
[2017.07.31-03.40.48:235][195]LogModuleManager: Shutting down and abandoning module ClothingSystemRuntime (210)
[2017.07.31-03.40.48:235][195]LogModuleManager: Shutting down and abandoning module MediaAssets (208)
[2017.07.31-03.40.48:235][195]LogModuleManager: Shutting down and abandoning module GameLiveStreaming (206)
[2017.07.31-03.40.48:235][195]LogModuleManager: Shutting down and abandoning module VREditor (204)
[2017.07.31-03.40.48:235][195]LogModuleManager: Shutting down and abandoning module StringTableEditor (202)
[2017.07.31-03.40.48:235][195]LogModuleManager: Shutting down and abandoning module GameplayTasksEditor (200)
[2017.07.31-03.40.48:235][195]LogModuleManager: Shutting down and abandoning module BehaviorTreeEditor (198)
[2017.07.31-03.40.48:235][195]LogModuleManager: Shutting down and abandoning module FunctionalTesting (196)
[2017.07.31-03.40.48:235][195]LogModuleManager: Shutting down and abandoning module CollisionAnalyzer (194)
[2017.07.31-03.40.48:235][195]LogModuleManager: Shutting down and abandoning module UMG (192)
[2017.07.31-03.40.48:235][195]LogModuleManager: Shutting down and abandoning module UMGEditor (191)
[2017.07.31-03.40.48:235][195]LogModuleManager: Shutting down and abandoning module Sequencer (190)
[2017.07.31-03.40.48:235][195]LogModuleManager: Shutting down and abandoning module AssetTools (188)
[2017.07.31-03.40.48:236][195]LogModuleManager: Shutting down and abandoning module MessageLog (187)
[2017.07.31-03.40.48:236][195]LogModuleManager: Shutting down and abandoning module WorkspaceMenuStructure (186)
[2017.07.31-03.40.48:236][195]LogModuleManager: Shutting down and abandoning module SlateReflector (180)
[2017.07.31-03.40.48:236][195]LogModuleManager: Shutting down and abandoning module Slate (178)
[2017.07.31-03.40.48:236][195]LogModuleManager: Shutting down and abandoning module EditorStyle (176)
[2017.07.31-03.40.48:237][195]LogModuleManager: Shutting down and abandoning module SourceCodeAccess (174)
[2017.07.31-03.40.48:237][195]LogModuleManager: Shutting down and abandoning module HeadMountedDisplay (172)
[2017.07.31-03.40.48:237][195]LogModuleManager: Shutting down and abandoning module XAudio2 (170)
[2017.07.31-03.40.48:237][195]LogModuleManager: Shutting down and abandoning module Networking (168)
[2017.07.31-03.40.48:237][195]LogModuleManager: Shutting down and abandoning module Core (164)
[2017.07.31-03.40.48:237][195]LogModuleManager: Shutting down and abandoning module AssetRegistry (162)
[2017.07.31-03.40.48:421][195]LogDirectoryWatcher: A directory notification for '../../../Engine/Content/' was aborted.
[2017.07.31-03.40.48:421][195]LogDirectoryWatcher: A directory notification for '../../../../Game Projects/Project/Despair/Content/' was aborted.
[2017.07.31-03.40.48:421][195]LogDirectoryWatcher: A directory notification for '../../../Engine/Plugins/2D/Paper2D/Content/' was aborted.
[2017.07.31-03.40.48:421][195]LogDirectoryWatcher: A directory notification for '../../../Engine/Plugins/Runtime/GearVR/Content/' was aborted.
[2017.07.31-03.40.48:425][195]LogModuleManager: Shutting down and abandoning module DirectoryWatcher (161)
[2017.07.31-03.40.48:426][195]LogModuleManager: Shutting down and abandoning module KismetCompiler (158)
[2017.07.31-03.40.48:426][195]LogModuleManager: Shutting down and abandoning module LevelSequence (156)
[2017.07.31-03.40.48:426][195]LogModuleManager: Shutting down and abandoning module PhysXFormats (154)
[2017.07.31-03.40.48:426][195]LogModuleManager: Shutting down and abandoning module MeshUtilities (152)
[2017.07.31-03.40.48:426][195]LogModuleManager: Shutting down and abandoning module SimplygonSwarm (151)
[2017.07.31-03.40.48:426][195]LogModuleManager: Shutting down and abandoning module SimplygonMeshReduction (149)
[2017.07.31-03.40.48:426][195]LogModuleManager: Shutting down and abandoning module QuadricMeshReduction (147)
[2017.07.31-03.40.48:426][195]LogModuleManager: Shutting down and abandoning module DerivedDataCache (144)
[2017.07.31-03.40.48:452][195]LogDerivedDataCache: Shutdown
[2017.07.31-03.40.48:452][195]LogModuleManager: Shutting down and abandoning module TargetPlatform (142)
[2017.07.31-03.40.48:452][195]LogModuleManager: Shutting down and abandoning module VulkanShaderFormat (141)
[2017.07.31-03.40.48:452][195]LogModuleManager: Shutting down and abandoning module ShaderFormatVectorVM (139)
[2017.07.31-03.40.48:452][195]LogModuleManager: Shutting down and abandoning module ShaderFormatOpenGL (137)
[2017.07.31-03.40.48:452][195]LogModuleManager: Shutting down and abandoning module ShaderFormatD3D (135)
[2017.07.31-03.40.48:452][195]LogModuleManager: Shutting down and abandoning module MetalShaderFormat (133)
[2017.07.31-03.40.48:452][195]LogModuleManager: Shutting down and abandoning module TextureFormatUncompressed (131)
[2017.07.31-03.40.48:452][195]LogModuleManager: Shutting down and abandoning module TextureFormatPVR (129)
[2017.07.31-03.40.48:452][195]LogModuleManager: Shutting down and abandoning module TextureFormatDXT (127)
[2017.07.31-03.40.48:452][195]LogModuleManager: Shutting down and abandoning module TextureFormatIntelISPCTexComp (125)
[2017.07.31-03.40.48:452][195]LogModuleManager: Shutting down and abandoning module TextureFormatASTC (123)
[2017.07.31-03.40.48:452][195]LogModuleManager: Shutting down and abandoning module ImageWrapper (122)
[2017.07.31-03.40.48:453][195]LogModuleManager: Shutting down and abandoning module TextureFormatAndroid (119)
[2017.07.31-03.40.48:453][195]LogModuleManager: Shutting down and abandoning module AudioFormatOpus (117)
[2017.07.31-03.40.48:453][195]LogModuleManager: Shutting down and abandoning module AudioFormatOgg (115)
[2017.07.31-03.40.48:453][195]LogModuleManager: Shutting down and abandoning module AudioFormatADPCM (113)
[2017.07.31-03.40.48:453][195]LogModuleManager: Shutting down and abandoning module LinuxTargetPlatform (111)
[2017.07.31-03.40.48:453][195]LogModuleManager: Shutting down and abandoning module LinuxServerTargetPlatform (109)
[2017.07.31-03.40.48:453][195]LogModuleManager: Shutting down and abandoning module LinuxNoEditorTargetPlatform (107)
[2017.07.31-03.40.48:453][195]LogModuleManager: Shutting down and abandoning module LinuxClientTargetPlatform (105)
[2017.07.31-03.40.48:453][195]LogModuleManager: Shutting down and abandoning module TVOSTargetPlatform (103)
[2017.07.31-03.40.48:453][195]LogModuleManager: Shutting down and abandoning module Messaging (101)
[2017.07.31-03.40.48:453][195]LogModuleManager: Shutting down and abandoning module IOSTargetPlatform (99)
[2017.07.31-03.40.48:453][195]LogModuleManager: Shutting down and abandoning module HTML5TargetPlatform (97)
[2017.07.31-03.40.48:453][195]LogModuleManager: Shutting down and abandoning module Android_PVRTCTargetPlatform (95)
[2017.07.31-03.40.48:453][195]LogModuleManager: Shutting down and abandoning module Android_MultiTargetPlatform (93)
[2017.07.31-03.40.48:453][195]LogModuleManager: Shutting down and abandoning module Android_ETC2TargetPlatform (91)
[2017.07.31-03.40.48:453][195]LogModuleManager: Shutting down and abandoning module Android_ETC1TargetPlatform (89)
[2017.07.31-03.40.48:453][195]LogModuleManager: Shutting down and abandoning module Android_DXTTargetPlatform (87)
[2017.07.31-03.40.48:453][195]LogModuleManager: Shutting down and abandoning module Android_ATCTargetPlatform (85)
[2017.07.31-03.40.48:453][195]LogModuleManager: Shutting down and abandoning module Android_ASTCTargetPlatform (83)
[2017.07.31-03.40.48:453][195]LogModuleManager: Shutting down and abandoning module AndroidTargetPlatform (81)
[2017.07.31-03.40.48:453][195]LogModuleManager: Shutting down and abandoning module WindowsTargetPlatform (79)
[2017.07.31-03.40.48:453][195]LogModuleManager: Shutting down and abandoning module WindowsServerTargetPlatform (77)
[2017.07.31-03.40.48:453][195]LogModuleManager: Shutting down and abandoning module WindowsNoEditorTargetPlatform (75)
[2017.07.31-03.40.48:453][195]LogModuleManager: Shutting down and abandoning module WindowsClientTargetPlatform (73)
[2017.07.31-03.40.48:453][195]LogModuleManager: Shutting down and abandoning module MacTargetPlatform (71)
[2017.07.31-03.40.48:453][195]LogModuleManager: Shutting down and abandoning module MacServerTargetPlatform (69)
[2017.07.31-03.40.48:453][195]LogModuleManager: Shutting down and abandoning module MacNoEditorTargetPlatform (67)
[2017.07.31-03.40.48:453][195]LogModuleManager: Shutting down and abandoning module MacClientTargetPlatform (65)
[2017.07.31-03.40.48:453][195]LogModuleManager: Shutting down and abandoning module AllDesktopTargetPlatform (63)
[2017.07.31-03.40.48:453][195]LogModuleManager: Shutting down and abandoning module InputCore (60)
[2017.07.31-03.40.48:453][195]LogModuleManager: Shutting down and abandoning module Settings (58)
[2017.07.31-03.40.48:453][195]LogModuleManager: Shutting down and abandoning module OculusRift (56)
[2017.07.31-03.40.48:453][195]LogModuleManager: Shutting down and abandoning module GearVRController (54)
[2017.07.31-03.40.48:453][195]LogModuleManager: Shutting down and abandoning module GearVR (52)
[2017.07.31-03.40.48:453][195]LogModuleManager: Shutting down and abandoning module ExampleDeviceProfileSelector (50)
[2017.07.31-03.40.48:453][195]LogModuleManager: Shutting down and abandoning module OnlineBlueprintSupport (48)
[2017.07.31-03.40.48:453][195]LogModuleManager: Shutting down and abandoning module OnlineSubsystem (44)
[2017.07.31-03.40.48:453][195]LogOnline:Display: Unloading online subsystem: NULL
[2017.07.31-03.40.48:453][195]LogModuleManager: Shutting down and abandoning module XMPP (43)
[2017.07.31-03.40.48:453][195]LogModuleManager: Shutting down and abandoning module HTTP (41)
[2017.07.31-03.40.48:453][195]LogHttp:Display: Http module shutting down, but needs to wait on 1 outstanding Http requests:
[2017.07.31-03.40.48:453][195]LogHttp:Display: 	verb=[POST] url=[https://datarouter.ol.epicgames.com/datarouter/api/v1/public/data?SessionID=%7B06714387-40BF-8C1D-6E3D-2C8D706F72C7%7D&AppID=UEEditor.Rocket.Release&AppVersion=4.16.2-3514769%2B%2B%2BUE4%2BRelease-4.16&UserID=720b2cff474f3ab6d98cd1be46d9aa48%7Cf396ef44fb4e4d218d566050ce10af92%7C2b249fd7-62d0-4c52-9db5-950be7a3271d&AppEnvironment=datacollector-binary&UploadType=eteventstream] status=Processing
[2017.07.31-03.40.48:455][195]LogModuleManager: Shutting down and abandoning module SSL (40)
[2017.07.31-03.40.48:457][195]LogModuleManager: Shutting down and abandoning module HTTPChunkInstaller (36)
[2017.07.31-03.40.48:457][195]LogModuleManager: Shutting down and abandoning module AnimationModifiers (34)
[2017.07.31-03.40.48:457][195]LogModuleManager: Shutting down and abandoning module PropertyEditor (33)
[2017.07.31-03.40.48:457][195]LogModuleManager: Shutting down and abandoning module AudioEditor (30)
[2017.07.31-03.40.48:457][195]LogModuleManager: Shutting down and abandoning module TextureCompressor (28)
[2017.07.31-03.40.48:457][195]LogModuleManager: Shutting down and abandoning module ShaderCore (26)
[2017.07.31-03.40.48:457][195]LogModuleManager: Shutting down and abandoning module Landscape (24)
[2017.07.31-03.40.48:457][195]LogModuleManager: Shutting down and abandoning module SlateRHIRenderer (22)
[2017.07.31-03.40.48:458][195]LogModuleManager: Shutting down and abandoning module OpenGLDrv (20)
[2017.07.31-03.40.48:458][195]LogModuleManager: Shutting down and abandoning module D3D11RHI (18)
[2017.07.31-03.40.48:458][195]LogModuleManager: Shutting down and abandoning module AnimGraphRuntime (16)
[2017.07.31-03.40.48:458][195]LogModuleManager: Shutting down and abandoning module Renderer (14)
[2017.07.31-03.40.48:458][195]LogModuleManager: Shutting down and abandoning module Engine (12)
[2017.07.31-03.40.48:458][195]LogModuleManager: Shutting down and abandoning module CoreUObject (10)
[2017.07.31-03.40.48:458][195]LogModuleManager: Shutting down and abandoning module NetworkFile (8)
[2017.07.31-03.40.48:458][195]LogModuleManager: Shutting down and abandoning module StreamingFile (6)
[2017.07.31-03.40.48:458][195]LogModuleManager: Shutting down and abandoning module SandboxFile (4)
[2017.07.31-03.40.48:458][195]LogModuleManager: Shutting down and abandoning module PakFile (2)
[2017.07.31-03.40.48:460][195]LogExit: Exiting.
[2017.07.31-03.40.48:477][195]Log file closed, 07/30/17 23:40:48
