Log file open, 08/01/17 21:10:41
LogInit:Display: Running engine for game: Despair
LogPlatformFile: Not using cached read wrapper
LogInit:Display: RandInit(-1667536218) SRandInit(-1667536218).
LogTaskGraph: Started task graph with 5 named threads and 8 total threads with 1 sets of task threads.
LogStats: Stats thread started at 0.086813
LogInit: Using libcurl 7.47.1
LogInit:  - built for x86_64-pc-win32
LogInit:  - supports SSL with OpenSSL/1.0.2g
LogInit:  - supports HTTP deflate (compression) using libz 1.2.8
LogInit:  - other features:
LogInit:      CURL_VERSION_SSL
LogInit:      CURL_VERSION_LIBZ
LogInit:      CURL_VERSION_IPV6
LogInit:      CURL_VERSION_ASYNCHDNS
LogInit:      CURL_VERSION_LARGEFILE
LogInit:      CURL_VERSION_IDN
LogInit:  CurlRequestOptions (configurable via config and command line):
LogInit:  - bVerifyPeer = false  - Libcurl will NOT verify peer certificate
LogInit:  - bUseHttpProxy = false  - Libcurl will NOT use HTTP proxy
LogInit:  - bDontReuseConnections = false  - Libcurl will reuse connections
LogInit:  - CertBundlePath = nullptr  - Libcurl will use whatever was configured at build time.
LogInit: Build: ++UE4+Release-4.16-CL-3514769
LogInit: Engine Version: 4.16.2-3514769+++UE4+Release-4.16
LogInit: Compatible Engine Version: 4.16.0-3452394+++UE4+Release-4.16
LogInit: Net CL: 3452394
LogDevObjectVersion: Number of dev versions registered: 16
LogDevObjectVersion:   Dev-Blueprints (B0D832E4-1F89-4F0D-ACCF-7EB736FD4AA2): 9
LogDevObjectVersion:   Dev-Build (E1C64328-A22C-4D53-A36C-8E866417BD8C): 0
LogDevObjectVersion:   Dev-Core (375EC13C-06E4-48FB-B500-84F0262A717E): 2
LogDevObjectVersion:   Dev-Editor (E4B068ED-F494-42E9-A231-DA0B2E46BB41): 17
LogDevObjectVersion:   Dev-Framework (CFFC743F-43B0-4480-9391-14DF171D2073): 23
LogDevObjectVersion:   Dev-Mobile (B02B49B5-BB20-44E9-A304-32B752E40360): 0
LogDevObjectVersion:   Dev-Networking (A4E4105C-59A1-49B5-A7C5-40C4547EDFEE): 0
LogDevObjectVersion:   Dev-Online (39C831C9-5AE6-47DC-9A44-9C173E1C8E7C): 0
LogDevObjectVersion:   Dev-Physics (78F01B33-EBEA-4F98-B9B4-84EACCB95AA2): 0
LogDevObjectVersion:   Dev-Platform (6631380F-2D4D-43E0-8009-CF276956A95A): 0
LogDevObjectVersion:   Dev-Rendering (12F88B9F-8875-4AFC-A67C-D90C383ABD29): 15
LogDevObjectVersion:   Dev-Sequencer (7B5AE74C-D270-4C10-A958-57980B212A5A): 4
LogDevObjectVersion:   Dev-VR (D7296918-1DD6-4BDD-9DE2-64A83CC13884): 0
LogDevObjectVersion:   Dev-LoadTimes (C2A15278-BFE7-4AFE-6C17-90FF531DF755): 1
LogDevObjectVersion:   Private-Geometry (6EACA3D4-40EC-4CC1-B786-8BED09428FC5): 1
LogDevObjectVersion:   Dev-AnimPhys (29E575DD-E0A3-4627-9D10-D276232CDCEA): 3
LogInit: Compiled (64-bit): Jun 29 2017 02:03:24
LogInit: Compiled with Visual C++: 19.00.24215.01
LogInit: Build Configuration: Development
LogInit: Branch Name: ++UE4+Release-4.16
LogInit: Command line:  
LogInit: Base directory: A:/Program Files (x86)/UE_4.16/Engine/Binaries/Win64/
LogInit: Installed Engine Build: 1
LogInit: Presizing for max 8388607 objects, including 0 objects not considered by GC, pre-allocating 0 bytes for permanent pool.
LogInit: Object subsystem initialized
[2017.08.02-01.10.42:182][  0]LogInit: Selected Device Profile: [Windows]
[2017.08.02-01.10.42:182][  0]LogInit: Applying CVar settings loaded from the selected device profile: [Windows]
[2017.08.02-01.10.42:192][  0]LogInit: Computer: KEITH
[2017.08.02-01.10.42:192][  0]LogInit: User: Keith
[2017.08.02-01.10.42:192][  0]LogInit: CPU Page size=4096, Cores=4
[2017.08.02-01.10.42:192][  0]LogInit: High frequency timer resolution =3.220783 MHz
[2017.08.02-01.10.42:192][  0]LogMemory: Memory total: Physical=15.9GB (16GB approx)
[2017.08.02-01.10.42:192][  0]LogMemory: Platform Memory Stats for Windows
[2017.08.02-01.10.42:192][  0]LogMemory: Process Physical Memory: 272.60 MB used, 272.60 MB peak
[2017.08.02-01.10.42:192][  0]LogMemory: Process Virtual Memory: 258.55 MB used, 258.55 MB peak
[2017.08.02-01.10.42:192][  0]LogMemory: Physical Memory: 4975.00 MB used,  11346.41 MB free, 16321.41 MB total
[2017.08.02-01.10.42:192][  0]LogMemory: Virtual Memory: 635.56 MB used,  11346.41 MB free, 134217728.00 MB total
[2017.08.02-01.10.42:247][  0]LogInit: Using OS detected language (en-US).
[2017.08.02-01.10.42:247][  0]LogInit: Using OS detected locale (en-US).
[2017.08.02-01.10.42:249][  0]LogTextLocalizationManager: No specific localization for 'en-US' exists, so the 'en' localization will be used.
[2017.08.02-01.10.43:113][  0]LogD3D11RHI: D3D11 adapters:
[2017.08.02-01.10.43:723][  0]LogD3D11RHI:    0. 'NVIDIA GeForce GTX 970' (Feature Level 11_0)
[2017.08.02-01.10.43:723][  0]LogD3D11RHI:       4059/0/8160 MB DedicatedVideo/DedicatedSystem/SharedSystem, Outputs:2, VendorId:0x10de
[2017.08.02-01.10.43:724][  0]LogD3D11RHI:    1. 'Microsoft Basic Render Driver' (Feature Level 11_0)
[2017.08.02-01.10.43:724][  0]LogD3D11RHI:       0/0/8160 MB DedicatedVideo/DedicatedSystem/SharedSystem, Outputs:0, VendorId:0x1414
[2017.08.02-01.10.43:724][  0]LogD3D11RHI: Chosen D3D11 Adapter: 0
[2017.08.02-01.10.43:729][  0]LogD3D11RHI: Creating new Direct3DDevice
[2017.08.02-01.10.43:729][  0]LogD3D11RHI:     GPU DeviceId: 0x13c2 (for the marketing name, search the web for "GPU Device Id")
[2017.08.02-01.10.43:729][  0]LogWindows: EnumDisplayDevices:
[2017.08.02-01.10.43:730][  0]LogWindows:    0. 'NVIDIA GeForce GTX 970' (P:1 D:1)
[2017.08.02-01.10.43:730][  0]LogWindows:    1. 'NVIDIA GeForce GTX 970' (P:0 D:1)
[2017.08.02-01.10.43:730][  0]LogWindows:    2. 'NVIDIA GeForce GTX 970' (P:0 D:0)
[2017.08.02-01.10.43:730][  0]LogWindows:    3. 'NVIDIA GeForce GTX 970' (P:0 D:0)
[2017.08.02-01.10.43:730][  0]LogWindows: DebugString: FoundDriverCount:4 
[2017.08.02-01.10.43:730][  0]LogD3D11RHI:     Adapter Name: NVIDIA GeForce GTX 970
[2017.08.02-01.10.43:730][  0]LogD3D11RHI:   Driver Version: 382.05 (internal:22.21.13.8205, unified:382.05)
[2017.08.02-01.10.43:730][  0]LogD3D11RHI:      Driver Date: 5-1-2017
[2017.08.02-01.10.43:730][  0]LogRHI: Texture pool is 1361 MB (70% of 1945 MB)
[2017.08.02-01.10.44:303][  0]LogD3D11RHI: Async texture creation enabled
[2017.08.02-01.10.44:331][  0]LogD3D11RHI: GPU Timing Frequency: 1000.000000 (Debug: 2 1)
[2017.08.02-01.10.44:381][  0]LogShaderCompilers: Guid format shader working directory is 8 characters bigger than the processId version (../../../../../Github/Project/Despair/Intermediate/Shaders/WorkingDirectory/11460/).
[2017.08.02-01.10.44:381][  0]LogShaderCompilers: Cleaned the shader compiler working directory 'C:/Users/Keith/AppData/Local/Temp/UnrealShaderWorkingDir/53060A46467386A4938A8CA04DC7F343/'.
[2017.08.02-01.10.44:381][  0]LogShaderCompilers:Display: Using Local Shader Compiler.
[2017.08.02-01.10.45:378][  0]LogTemp:Display: Loaded TP AllDesktopTargetPlatform
[2017.08.02-01.10.45:418][  0]LogTemp:Display: Loaded TP MacClientTargetPlatform
[2017.08.02-01.10.45:456][  0]LogTemp:Display: Loaded TP MacNoEditorTargetPlatform
[2017.08.02-01.10.45:497][  0]LogTemp:Display: Loaded TP MacServerTargetPlatform
[2017.08.02-01.10.45:534][  0]LogTemp:Display: Loaded TP MacTargetPlatform
[2017.08.02-01.10.45:573][  0]LogTemp:Display: Loaded TP WindowsClientTargetPlatform
[2017.08.02-01.10.45:611][  0]LogTemp:Display: Loaded TP WindowsNoEditorTargetPlatform
[2017.08.02-01.10.45:649][  0]LogTemp:Display: Loaded TP WindowsServerTargetPlatform
[2017.08.02-01.10.45:682][  0]LogTemp:Display: Loaded TP WindowsTargetPlatform
[2017.08.02-01.10.45:720][  0]LogTemp:Display: Loaded TP AndroidTargetPlatform
[2017.08.02-01.10.45:759][  0]LogTemp:Display: Loaded TP Android_ASTCTargetPlatform
[2017.08.02-01.10.45:795][  0]LogTemp:Display: Loaded TP Android_ATCTargetPlatform
[2017.08.02-01.10.45:830][  0]LogTemp:Display: Loaded TP Android_DXTTargetPlatform
[2017.08.02-01.10.45:865][  0]LogTemp:Display: Loaded TP Android_ETC1TargetPlatform
[2017.08.02-01.10.45:900][  0]LogTemp:Display: Loaded TP Android_ETC2TargetPlatform
[2017.08.02-01.10.45:971][  0]LogTemp:Display: Loaded TP Android_MultiTargetPlatform
[2017.08.02-01.10.45:971][  0]LogTemp:Display: Loaded TP Android_PVRTCTargetPlatform
[2017.08.02-01.10.45:998][  0]LogTemp:Display: Loaded TP HTML5TargetPlatform
[2017.08.02-01.10.46:073][  0]LogTemp:Display: Loaded TP IOSTargetPlatform
[2017.08.02-01.10.46:095][  0]LogTemp:Display: Loaded TP TVOSTargetPlatform
[2017.08.02-01.10.46:129][  0]LogTemp:Display: Loaded TP LinuxClientTargetPlatform
[2017.08.02-01.10.46:165][  0]LogTemp:Display: Loaded TP LinuxNoEditorTargetPlatform
[2017.08.02-01.10.46:201][  0]LogTemp:Display: Loaded TP LinuxServerTargetPlatform
[2017.08.02-01.10.46:238][  0]LogTemp:Display: Loaded TP LinuxTargetPlatform
[2017.08.02-01.10.46:238][  0]LogTargetPlatformManager:Display: Building Assets For Windows
[2017.08.02-01.10.46:555][  0]LogDerivedDataCache:Display: Max Cache Size: 512 MB
[2017.08.02-01.10.46:644][  0]LogDerivedDataCache: Loaded boot cache 0.09s 90MB C:/Users/Keith/AppData/Local/UnrealEngine/4.16/DerivedDataCache/Boot.ddc.
[2017.08.02-01.10.46:644][  0]LogDerivedDataCache:Display: Loaded Boot cache: C:/Users/Keith/AppData/Local/UnrealEngine/4.16/DerivedDataCache/Boot.ddc
[2017.08.02-01.10.46:644][  0]LogDerivedDataCache: FDerivedDataBackendGraph:  Pak pak cache file ../../../../../Github/Project/Despair/DerivedDataCache/DDC.ddp not found, will not use a pak cache.
[2017.08.02-01.10.46:644][  0]LogDerivedDataCache: Unable to find inner node Pak for hierarchical cache Hierarchy.
[2017.08.02-01.10.46:644][  0]LogDerivedDataCache: FDerivedDataBackendGraph:  CompressedPak pak cache file ../../../../../Github/Project/Despair/DerivedDataCache/Compressed.ddp not found, will not use a pak cache.
[2017.08.02-01.10.46:644][  0]LogDerivedDataCache: Unable to find inner node CompressedPak for hierarchical cache Hierarchy.
[2017.08.02-01.10.46:660][  0]LogDerivedDataCache:Display: Pak cache opened for reading ../../../Engine/DerivedDataCache/Compressed.ddp.
[2017.08.02-01.10.46:671][  0]LogDerivedDataCache: Using Local data cache path C:/Users/Keith/AppData/Local/UnrealEngine/Common/DerivedDataCache: Writable
[2017.08.02-01.10.46:681][  0]LogMaterial: Verifying Global Shaders for PCD3D_SM5
[2017.08.02-01.10.46:682][  0]LogSlate: Using Freetype 2.6.0
[2017.08.02-01.10.46:682][  0]LogSlate: SlateFontCache - WITH_FREETYPE: 1, WITH_HARFBUZZ: 1
[2017.08.02-01.10.46:682][  0]LogSlate: SlateFontCache - WITH_FREETYPE: 1, WITH_HARFBUZZ: 1
[2017.08.02-01.10.46:980][  0]LogInit: Selected Device Profile: [Windows]
[2017.08.02-01.10.47:054][  0]LogContentStreaming: Texture pool size is 0.00 MB
[2017.08.02-01.10.47:189][  0]LogMeshUtilities: Using QuadricMeshReduction for automatic static mesh reduction
[2017.08.02-01.10.47:221][  0]LogSimplygon: Simplygon DLL not present - disabling.
[2017.08.02-01.10.47:252][  0]LogMeshUtilities: Using SimplygonSwarm for distributed automatic mesh merging
[2017.08.02-01.10.47:252][  0]LogMeshUtilities: No automatic skeletal mesh reduction module available
[2017.08.02-01.10.47:252][  0]LogMeshUtilities: No automatic mesh merging module available
[2017.08.02-01.10.47:730][  0]LogNetVersion: Despair , NetCL: 3452394, EngineNetVer: 2, GameNetVer: 0 (Checksum: 109746353)
[2017.08.02-01.10.47:784][  0]LogAssetRegistry: FAssetRegistry took 0.0259 seconds to start up
[2017.08.02-01.10.47:826][  0]LogPackageLocalizationCache: Processed 4 localized package path(s) for 2 prioritized culture(s) in 0.028173 seconds
[2017.08.02-01.10.47:833][  0]LogUObjectArray: 34194 objects as part of root set at end of initial load.
[2017.08.02-01.10.47:833][  0]LogUObjectAllocator: 7260416 out of 0 bytes used by permanent object pool.
[2017.08.02-01.10.47:833][  0]LogUObjectArray: CloseDisregardForGC: 0/0 objects in disregard for GC pool
[2017.08.02-01.10.47:872][  0]LogInit: WinSock: version 1.1 (2.2), MaxSocks=32767, MaxUdp=65467
[2017.08.02-01.10.49:698][  0]LogTcpMessaging: Initializing TcpMessaging bridge
[2017.08.02-01.10.49:726][  0]LogUdpMessaging: Initializing bridge on interface 0.0.0.0:0 to multicast group 230.0.0.1:6666.
[2017.08.02-01.10.50:094][  0]LogMaterial: Uniform references updated for custom material expression Custom.
[2017.08.02-01.10.50:380][  0]SourceControl: Info Source control is disabled
[2017.08.02-01.10.51:376][  0]LogAndroidPermission: UAndroidPermissionCallbackProxy::GetInstance
[2017.08.02-01.10.51:790][  0]LogEngine: Initializing Engine...
[2017.08.02-01.10.51:790][  0]LogHMD: Failed to initialize OpenVR with code 110
[2017.08.02-01.10.51:979][  0]LogStats: UGameplayTagsManager::ConstructGameplayTagTree: Construct from data asset -  0.000 s
[2017.08.02-01.10.51:979][  0]LogStats: UGameplayTagsManager::ConstructGameplayTagTree: GameplayTagTreeChangedEvent.Broadcast -  0.000 s
[2017.08.02-01.10.52:063][  0]LogAIModule: Creating AISystem for world Untitled
[2017.08.02-01.10.52:075][  0]LogInit: XAudio2 using 'Speakers (Realtek High Definition Audio)' : 2 channels at 48 kHz using 32 bits per sample (channel mask 0x3)
[2017.08.02-01.10.52:089][  0]LogInit: FAudioDevice initialized.
[2017.08.02-01.10.52:133][  0]LogDerivedDataCache: Saved boot cache 0.04s 90MB C:/Users/Keith/AppData/Local/UnrealEngine/4.16/DerivedDataCache/Boot.ddc.
[2017.08.02-01.10.52:139][  0]LogInit: Texture streaming: Enabled
[2017.08.02-01.10.52:202][  0]LogEngineSessionManager: EngineSessionManager initialized
[2017.08.02-01.10.52:347][  0]LogInit: Transaction tracking system initialized
[2017.08.02-01.10.52:547][  0]BlueprintLog: New page: Editor Load
[2017.08.02-01.10.53:154][  0]LocalizationService: Info Localization service is disabled
[2017.08.02-01.10.53:596][  0]LogConsoleResponse:Display: 
[2017.08.02-01.10.53:718][  0]LogCook:Display: Max memory allowance for cook 16384mb min free memory 0mb
[2017.08.02-01.10.53:718][  0]LogCook:Display: Mobile HDR setting 1
[2017.08.02-01.10.54:540][  0]LogFileCache: Scanning file cache for directory 'A:/Github/Project/Despair/Content/' took 0.01s
[2017.08.02-01.10.54:540][  0]Cmd: MAP LOAD FILE="../../../../../Github/Project/Despair/Content/StarterContent/Maps/Minimal_Default.umap" TEMPLATE=0 SHOWPROGRESS=1 FEATURELEVEL=3
[2017.08.02-01.10.54:540][  0]LightingResults: New page: Lighting Build
[2017.08.02-01.10.54:565][  0]MapCheck: New page: Map Check
[2017.08.02-01.10.54:565][  0]LightingResults: New page: Lighting Build
[2017.08.02-01.10.54:871][  0]LogAIModule: Creating AISystem for world Minimal_Default
[2017.08.02-01.10.54:878][  0]LogEditorServer: Finished looking for orphan Actors (0.000 secs)
[2017.08.02-01.10.54:888][  0]Cmd: MAP CHECKDEP NOCLEARLOG
[2017.08.02-01.10.54:923][  0]MapCheck: Info Map check complete: 0 Error(s), 0 Warning(s), took 34.807ms to complete.
[2017.08.02-01.10.54:923][  0]LogFileHelpers: Loading map 'Minimal_Default' took 0.384
[2017.08.02-01.10.55:062][  0]LogCollectionManager: Loaded 0 collections in 0.000997 seconds
[2017.08.02-01.10.55:130][  0]LogFileCache: Scanning file cache for directory 'A:/Github/Project/Despair/Saved/Collections/' took 0.01s
[2017.08.02-01.10.55:130][  0]LogFileCache: Scanning file cache for directory 'A:/Github/Project/Despair/Content/Developers/Keith/Collections/' took 0.01s
[2017.08.02-01.10.55:130][  0]LogFileCache: Scanning file cache for directory 'A:/Github/Project/Despair/Content/Collections/' took 0.01s
[2017.08.02-01.10.55:130][  0]LogCollectionManager: Rebuilt the GUID cache for 0 collections in 0.000002 seconds
[2017.08.02-01.10.55:139][  0]LogContentBrowser: Native class hierarchy populated in 0.0087 seconds. Added 2329 classes and 491 folders.
[2017.08.02-01.10.55:180][  0]LogContentBrowser: Native class hierarchy updated for 'WidgetCarousel' in 0.0005 seconds. Added 0 classes and 0 folders.
[2017.08.02-01.10.55:211][  0]LogContentBrowser: Native class hierarchy updated for 'AddContentDialog' in 0.0006 seconds. Added 0 classes and 0 folders.
[2017.08.02-01.10.55:239][  0]LogContentBrowser: Native class hierarchy updated for 'SceneOutliner' in 0.0005 seconds. Added 1 classes and 2 folders.
[2017.08.02-01.10.55:272][  0]LogContentBrowser: Native class hierarchy updated for 'WorldBrowser' in 0.0005 seconds. Added 1 classes and 3 folders.
[2017.08.02-01.10.55:340][  0]LogCrashTracker: Crashtracker disabled due to settings.
[2017.08.02-01.10.55:346][  0]LogSlate: Took 0.000160 seconds to synchronously load lazily loaded font '../../../Engine/Content/Slate/Fonts/Roboto-Regular.ttf' (155K)
[2017.08.02-01.10.55:350][  0]LogSlate: Took 0.000176 seconds to synchronously load lazily loaded font '../../../Engine/Content/Slate/Fonts/Roboto-Bold.ttf' (160K)
[2017.08.02-01.10.55:354][  0]LogSlate: Took 0.000205 seconds to synchronously load lazily loaded font '../../../Engine/Content/Editor/Slate/Fonts/FontAwesome.ttf' (139K)
[2017.08.02-01.10.55:446][  0]LogRenderer: Reallocating scene render targets to support 1132x640 NumSamples 1 (Frame:1).
[2017.08.02-01.10.55:550][  0]LogUObjectGlobals:Warning: Failed to find object 'Class None.'
[2017.08.02-01.10.55:601][  0]LogContentBrowser: Native class hierarchy updated for 'HierarchicalLODOutliner' in 0.0005 seconds. Added 1 classes and 2 folders.
[2017.08.02-01.10.55:601][  0]LogLoad: (Engine Initialization) Total time: 14.60 seconds
[2017.08.02-01.10.55:601][  0]LogLoad: (Engine Initialization) Total Blueprint compile time: 0.07 seconds
[2017.08.02-01.10.55:601][  0]LogExternalProfiler: Found external profiler: VSPerf
[2017.08.02-01.10.55:601][  0]LogExternalProfiler: Using external profiler: VSPerf
[2017.08.02-01.10.55:943][  0]LogOcInput: OculusInput pre-init called
[2017.08.02-01.10.55:943][  0]LogHMD: Starting GearVRController plugin
[2017.08.02-01.10.55:958][  0]LogAssetRegistry: Asset discovery search completed in 8.1963 seconds
[2017.08.02-01.10.55:960][  0]LogCollectionManager: Rebuilt the object cache for 0 collections in 0.000001 seconds (found 0 objects)
[2017.08.02-01.10.55:960][  0]LogCollectionManager: Fixed up redirectors for 0 collections in 0.000024 seconds (updated 0 objects)
[2017.08.02-01.10.55:963][  0]SourceControl: Info On branch master
[2017.08.02-01.10.55:963][  0]SourceControl: Info Your branch is up-to-date with 'origin/master'.
[2017.08.02-01.10.55:963][  0]SourceControl: Info Changes to be committed:
[2017.08.02-01.10.55:963][  0]SourceControl: Info   (use "git reset HEAD <file>..." to unstage)
[2017.08.02-01.10.55:963][  0]SourceControl: Info 	new file:   Despair/Content/Blueprints/StartMenu_BP.uasset
[2017.08.02-01.10.55:963][  0]SourceControl: Info 	new file:   Despair/Content/Maps/StartLevel.umap
[2017.08.02-01.10.55:963][  0]SourceControl: Info 	new file:   Despair/Content/StartLevel.umap
[2017.08.02-01.10.55:963][  0]SourceControl: Info 	deleted:    Despair/Content/TestMap01.umap
[2017.08.02-01.10.55:963][  0]SourceControl: Info 	new file:   Despair/Content/Textures/CharacterSheet01.uasset
[2017.08.02-01.10.55:963][  0]SourceControl: Info 	new file:   Despair/Content/Textures/CharacterSheet02.uasset
[2017.08.02-01.10.55:963][  0]SourceControl: Info 	new file:   Despair/Content/Textures/CharacterSprite.uasset
[2017.08.02-01.10.55:963][  0]SourceControl: Info 	deleted:    Despair/Saved/AutoScreenshot.png
[2017.08.02-01.10.55:963][  0]SourceControl: Info 	deleted:    Despair/Saved/Config/Windows/Editor.ini
[2017.08.02-01.10.55:963][  0]SourceControl: Info Changes not staged for commit:
[2017.08.02-01.10.55:963][  0]SourceControl: Info   (use "git add/rm <file>..." to update what will be committed)
[2017.08.02-01.10.55:963][  0]SourceControl: Info   (use "git checkout -- <file>..." to discard changes in working directory)
[2017.08.02-01.10.55:963][  0]SourceControl: Info 	modified:   .gitignore
[2017.08.02-01.10.55:963][  0]SourceControl: Info 	modified:   Despair/Config/DefaultInput.ini
[2017.08.02-01.10.55:963][  0]SourceControl: Info 	modified:   Despair/Content/Blueprints/GameState_BP.uasset
[2017.08.02-01.10.55:963][  0]SourceControl: Info 	modified:   Despair/Content/Blueprints/PlayerPawn2_BP.uasset
[2017.08.02-01.10.55:963][  0]SourceControl: Info 	modified:   Despair/Content/Blueprints/StartMenu_BP.uasset
[2017.08.02-01.10.55:963][  0]SourceControl: Info 	modified:   Despair/Content/Maps/StartLevel.umap
[2017.08.02-01.10.55:963][  0]SourceControl: Info 	modified:   Despair/Content/Maps/TestMap01.umap
[2017.08.02-01.10.55:963][  0]SourceControl: Info 	modified:   Despair/Content/StartLevel.umap
[2017.08.02-01.10.55:963][  0]SourceControl: Info 	modified:   Despair/Intermediate/AssetRegistryCache/311563bb.bin
[2017.08.02-01.10.55:963][  0]SourceControl: Info 	modified:   Despair/Intermediate/AssetRegistryCache/c90e3f55.bin
[2017.08.02-01.10.55:963][  0]SourceControl: Info 	modified:   Despair/Intermediate/CachedAssetRegistry.bin
[2017.08.02-01.10.55:963][  0]SourceControl: Info 	modified:   Despair/Intermediate/Config/CoalescedSourceConfigs/Input.ini
[2017.08.02-01.10.55:963][  0]SourceControl: Info 	modified:   Despair/Saved/Autosaves/Game/Maps/TestMap01_Auto1.umap
[2017.08.02-01.10.55:963][  0]SourceControl: Info 	modified:   Despair/Saved/Autosaves/PackageRestoreData.json
[2017.08.02-01.10.55:963][  0]SourceControl: Info 	deleted:    Despair/Saved/Config/CrashReportClient/UE4CC-Windows-2BE75EE24956BE0ED42A22962AA81114/CrashReportClient.ini
[2017.08.02-01.10.55:963][  0]SourceControl: Info 	modified:   Despair/Saved/Config/Windows/EditorPerProjectUserSettings.ini
[2017.08.02-01.10.55:963][  0]SourceControl: Info 	modified:   Despair/Saved/Config/Windows/Engine.ini
[2017.08.02-01.10.55:963][  0]SourceControl: Info 	modified:   Despair/Saved/Logs/Despair.log
[2017.08.02-01.10.55:963][  0]SourceControl: Info Untracked files:
[2017.08.02-01.10.55:963][  0]SourceControl: Info   (use "git add <file>..." to include in what will be committed)
[2017.08.02-01.10.55:963][  0]SourceControl: Info 	Despair/Character.psd
[2017.08.02-01.10.55:963][  0]SourceControl: Info 	Despair/CharacterSheet01.tga
[2017.08.02-01.10.55:963][  0]SourceControl: Info 	Despair/CharacterSheet02.tga
[2017.08.02-01.10.55:963][  0]SourceControl: Info 	Despair/Saved/Autosaves/Game/Textures/
[2017.08.02-01.10.55:963][  0]SourceControl: Info 	Despair/Saved/Backup/CharacterSheet01_2017-08-01-21-02-34.uasset
[2017.08.02-01.10.55:963][  0]SourceControl: Info 	Despair/Saved/Backup/GameState_BP_2017-08-01-19-50-27.uasset
[2017.08.02-01.10.55:963][  0]SourceControl: Info 	Despair/Saved/Backup/GameState_BP_2017-08-01-20-06-30.uasset
[2017.08.02-01.10.55:963][  0]SourceControl: Info 	Despair/Saved/Backup/GameState_BP_2017-08-01-20-20-19.uasset
[2017.08.02-01.10.55:963][  0]SourceControl: Info 	Despair/Saved/Backup/GameState_BP_2017-08-01-20-27-54.uasset
[2017.08.02-01.10.55:963][  0]SourceControl: Info 	Despair/Saved/Backup/PlayerPawn2_BP_2017-08-01-19-44-26.uasset
[2017.08.02-01.10.55:963][  0]SourceControl: Info 	Despair/Saved/Backup/PlayerPawn2_BP_2017-08-01-19-49-48.uasset
[2017.08.02-01.10.55:963][  0]SourceControl: Info 	Despair/Saved/Backup/PlayerPawn2_BP_2017-08-01-20-08-55.uasset
[2017.08.02-01.10.55:963][  0]SourceControl: Info 	Despair/Saved/Backup/PlayerPawn2_BP_2017-08-01-20-19-30.uasset
[2017.08.02-01.10.55:963][  0]SourceControl: Info 	Despair/Saved/Backup/PlayerPawn2_BP_2017-08-01-20-31-16.uasset
[2017.08.02-01.10.55:963][  0]SourceControl: Info 	Despair/Saved/Backup/StartLevel_2017-08-01-20-17-29.umap
[2017.08.02-01.10.55:963][  0]SourceControl: Info 	Despair/Saved/Backup/StartLevel_2017-08-01-20-23-44.umap
[2017.08.02-01.10.55:963][  0]SourceControl: Info 	Despair/Saved/Backup/StartLevel_2017-08-01-20-29-55.umap
[2017.08.02-01.10.55:963][  0]SourceControl: Info 	Despair/Saved/Backup/StartMenu_BP_2017-08-01-19-59-11.uasset
[2017.08.02-01.10.55:963][  0]SourceControl: Info 	Despair/Saved/Backup/StartMenu_BP_2017-08-01-20-08-55.uasset
[2017.08.02-01.10.55:963][  0]SourceControl: Info 	Despair/Saved/Backup/StartMenu_BP_2017-08-01-20-15-13.uasset
[2017.08.02-01.10.55:963][  0]SourceControl: Info 	Despair/Saved/Backup/StartMenu_BP_2017-08-01-20-21-11.uasset
[2017.08.02-01.10.55:963][  0]SourceControl: Info 	Despair/Saved/Backup/TestMap01_2017-08-01-19-59-47.umap
[2017.08.02-01.10.55:963][  0]SourceControl: Info 	Despair/Saved/Backup/TestMap01_2017-08-01-20-29-01.umap
[2017.08.02-01.10.55:963][  0]SourceControl: Info 	Despair/Saved/Config/CrashReportClient/UE4CC-Windows-6691E96749A1C676AF96C3AB735D5006/
[2017.08.02-01.10.55:963][  0]SourceControl: Info 	Despair/Saved/Config/CrashReportClient/UE4CC-Windows-92AC866A4D459F822E798D9A8780E1BA/
[2017.08.02-01.10.55:963][  0]SourceControl: Info 	Despair/Saved/Config/CrashReportClient/UE4CC-Windows-9E36C2E04779F5844B68AC84C6DC94F0/
[2017.08.02-01.10.55:963][  0]SourceControl: Info 	Despair/Saved/Config/CrashReportClient/UE4CC-Windows-C27B9D07458234C600684E93407FF810/
[2017.08.02-01.10.55:963][  0]SourceControl: Info 	Despair/Saved/Config/WorldState/1062799124.json
[2017.08.02-01.10.55:963][  0]SourceControl: Info 	Despair/Saved/Config/WorldState/79343088.json
[2017.08.02-01.10.55:963][  0]SourceControl: Info 	Despair/Saved/Crashes/
[2017.08.02-01.10.55:963][  0]SourceControl: Info 	Despair/Saved/Logs/Despair-backup-2017.07.31-22.26.24.log
[2017.08.02-01.10.55:963][  0]SourceControl: Info 	Despair/Saved/Logs/Despair-backup-2017.08.01-19.37.29.log
[2017.08.02-01.10.55:963][  0]SourceControl: Info 	Despair/Saved/Logs/Despair-backup-2017.08.01-20.02.33.log
[2017.08.02-01.10.55:963][  0]SourceControl: Info 	Despair/Saved/Logs/Despair-backup-2017.08.01-21.10.41.log
[2017.08.02-01.10.55:964][  0]LogContentStreaming: Texture pool size now 1000 MB
[2017.08.02-01.10.56:015][  0]LogSlate: Took 0.000124 seconds to synchronously load lazily loaded font '../../../Engine/Content/Slate/Fonts/Roboto-Light.ttf' (159K)
[2017.08.02-01.10.56:953][  3]LogSlate: Took 0.000258 seconds to synchronously load lazily loaded font '../../../Engine/Content/Slate/Fonts/Roboto-Light.ttf' (159K)
[2017.08.02-01.12.01:157][881]LogSlate: Took 0.000134 seconds to synchronously load lazily loaded font '../../../Engine/Content/Slate/Fonts/Roboto-Light.ttf' (159K)
[2017.08.02-01.12.09:993][760]LogSlate: Took 0.000217 seconds to synchronously load lazily loaded font '../../../Engine/Content/Editor/Slate/Fonts/Roboto-BoldCondensed.ttf' (158K)
[2017.08.02-01.12.44:889][858]Cmd: OBJ SAVEPACKAGE PACKAGE="/Game/Textures/CharacterSheet02_Sprite_0" FILE="../../../../../Github/Project/Despair/Content/Textures/CharacterSheet02_Sprite_0.uasset" SILENT=true
[2017.08.02-01.12.44:897][858]LogSavePackage: Save=6.44ms
[2017.08.02-01.12.44:897][858]LogSavePackage: Moving '../../../../../Github/Project/Despair/Saved/CharacterSheet02_Sprite_090585DD24E90569D9833CE83417CCF2C.tmp' to '../../../../../Github/Project/Despair/Content/Textures/CharacterSheet02_Sprite_0.uasset'
[2017.08.02-01.12.44:898][858]LogSavePackage:Display: Finished SavePackage ../../../../../Github/Project/Despair/Content/Textures/CharacterSheet02_Sprite_0.uasset
[2017.08.02-01.12.45:027][858]Cmd: OBJ SAVEPACKAGE PACKAGE="/Game/Textures/CharacterSheet02_Sprite_1" FILE="../../../../../Github/Project/Despair/Content/Textures/CharacterSheet02_Sprite_1.uasset" SILENT=true
[2017.08.02-01.12.45:035][858]LogSavePackage: Save=6.33ms
[2017.08.02-01.12.45:035][858]LogSavePackage: Moving '../../../../../Github/Project/Despair/Saved/CharacterSheet02_Sprite_118BD4DF540C054295AA35495991C51CF.tmp' to '../../../../../Github/Project/Despair/Content/Textures/CharacterSheet02_Sprite_1.uasset'
[2017.08.02-01.12.45:036][858]LogSavePackage:Display: Finished SavePackage ../../../../../Github/Project/Despair/Content/Textures/CharacterSheet02_Sprite_1.uasset
[2017.08.02-01.12.45:175][858]Cmd: OBJ SAVEPACKAGE PACKAGE="/Game/Textures/CharacterSheet02_Sprite_2" FILE="../../../../../Github/Project/Despair/Content/Textures/CharacterSheet02_Sprite_2.uasset" SILENT=true
[2017.08.02-01.12.45:195][858]LogSavePackage: Save=18.71ms
[2017.08.02-01.12.45:195][858]LogSavePackage: Moving '../../../../../Github/Project/Despair/Saved/CharacterSheet02_Sprite_2B3D9227647F1AE23730F2AAA3B758307.tmp' to '../../../../../Github/Project/Despair/Content/Textures/CharacterSheet02_Sprite_2.uasset'
[2017.08.02-01.12.45:196][858]LogSavePackage:Display: Finished SavePackage ../../../../../Github/Project/Despair/Content/Textures/CharacterSheet02_Sprite_2.uasset
[2017.08.02-01.12.45:323][858]Cmd: OBJ SAVEPACKAGE PACKAGE="/Game/Textures/CharacterSheet02_Sprite_3" FILE="../../../../../Github/Project/Despair/Content/Textures/CharacterSheet02_Sprite_3.uasset" SILENT=true
[2017.08.02-01.12.45:331][858]LogSavePackage: Save=6.26ms
[2017.08.02-01.12.45:331][858]LogSavePackage: Moving '../../../../../Github/Project/Despair/Saved/CharacterSheet02_Sprite_3078B7C8D4D2BBDBE68E322955E434F22.tmp' to '../../../../../Github/Project/Despair/Content/Textures/CharacterSheet02_Sprite_3.uasset'
[2017.08.02-01.12.45:332][858]LogSavePackage:Display: Finished SavePackage ../../../../../Github/Project/Despair/Content/Textures/CharacterSheet02_Sprite_3.uasset
[2017.08.02-01.12.45:460][858]Cmd: OBJ SAVEPACKAGE PACKAGE="/Game/Textures/CharacterSheet02_Sprite_4" FILE="../../../../../Github/Project/Despair/Content/Textures/CharacterSheet02_Sprite_4.uasset" SILENT=true
[2017.08.02-01.12.45:477][858]LogSavePackage: Save=15.74ms
[2017.08.02-01.12.45:477][858]LogSavePackage: Moving '../../../../../Github/Project/Despair/Saved/CharacterSheet02_Sprite_4FC0289F74F8D7282B6BA29A3D078E574.tmp' to '../../../../../Github/Project/Despair/Content/Textures/CharacterSheet02_Sprite_4.uasset'
[2017.08.02-01.12.45:478][858]LogSavePackage:Display: Finished SavePackage ../../../../../Github/Project/Despair/Content/Textures/CharacterSheet02_Sprite_4.uasset
[2017.08.02-01.13.07:449][689]LogRenderer: Reallocating scene render targets to support 1528x828 NumSamples 1 (Frame:1).
[2017.08.02-01.13.35:055][975]Cmd: TRANSACTION UNDO
[2017.08.02-01.13.35:055][975]LogEditorTransaction: Undo Duplicate Keyframe
[2017.08.02-01.14.54:853][458]Cmd: OBJ SAVEPACKAGE PACKAGE="/Game/Textures/Character_Idle" FILE="../../../../../Github/Project/Despair/Content/Textures/Character_Idle.uasset" SILENT=true
[2017.08.02-01.14.54:860][458]LogSavePackage: Save=5.97ms
[2017.08.02-01.14.54:860][458]LogSavePackage: Moving '../../../../../Github/Project/Despair/Saved/Character_IdleD0F33C4649FE417CDC340F8081A89999.tmp' to '../../../../../Github/Project/Despair/Content/Textures/Character_Idle.uasset'
[2017.08.02-01.14.54:862][458]LogSavePackage:Display: Finished SavePackage ../../../../../Github/Project/Despair/Content/Textures/Character_Idle.uasset
[2017.08.02-01.15.33:832][109]Cmd: OBJ SAVEPACKAGE PACKAGE="/Game/Textures/Character_Idle" FILE="../../../../../Github/Project/Despair/Content/Textures/Character_Idle.uasset" SILENT=true
[2017.08.02-01.15.33:844][109]LogSavePackage: Save=6.65ms
[2017.08.02-01.15.33:844][109]LogSavePackage: Moving '../../../../../Github/Project/Despair/Saved/Character_Idle1D56208F4496ED74A912D3AEA5B4D6DC.tmp' to '../../../../../Github/Project/Despair/Content/Textures/Character_Idle.uasset'
[2017.08.02-01.15.33:845][109]LogSavePackage:Display: Finished SavePackage ../../../../../Github/Project/Despair/Content/Textures/Character_Idle.uasset
[2017.08.02-01.15.50:504][ 28]Cmd: OBJ SAVEPACKAGE PACKAGE="/Game/Textures/Character_Run" FILE="../../../../../Github/Project/Despair/Content/Textures/Character_Run.uasset" SILENT=true
[2017.08.02-01.15.50:511][ 28]LogSavePackage: Save=5.98ms
[2017.08.02-01.15.50:511][ 28]LogSavePackage: Moving '../../../../../Github/Project/Despair/Saved/Character_RunD396D2204F7E7D7637C4ED92B7A89D72.tmp' to '../../../../../Github/Project/Despair/Content/Textures/Character_Run.uasset'
[2017.08.02-01.15.50:512][ 28]LogSavePackage:Display: Finished SavePackage ../../../../../Github/Project/Despair/Content/Textures/Character_Run.uasset
[2017.08.02-01.15.53:960][398]Cmd: OBJ SAVEPACKAGE PACKAGE="/Game/Textures/Character_Run" FILE="../../../../../Github/Project/Despair/Content/Textures/Character_Run.uasset" SILENT=true
[2017.08.02-01.15.53:968][398]LogSavePackage: Save=3.99ms
[2017.08.02-01.15.53:968][398]LogSavePackage: Moving '../../../../../Github/Project/Despair/Saved/Character_Run0A438C8A4E9A2D7D055DA9A6913F5722.tmp' to '../../../../../Github/Project/Despair/Content/Textures/Character_Run.uasset'
[2017.08.02-01.15.53:969][398]LogSavePackage:Display: Finished SavePackage ../../../../../Github/Project/Despair/Content/Textures/Character_Run.uasset
[2017.08.02-01.16.10:462][363]Cmd: OBJ SAVEPACKAGE PACKAGE="/Game/Textures/Character_Run" FILE="../../../../../Github/Project/Despair/Content/Textures/Character_Run.uasset" SILENT=true
[2017.08.02-01.16.10:471][363]LogSavePackage: Save=5.82ms
[2017.08.02-01.16.10:471][363]LogSavePackage: Moving '../../../../../Github/Project/Despair/Saved/Character_Run836635CA42F9CB798418E5954F8DBBB8.tmp' to '../../../../../Github/Project/Despair/Content/Textures/Character_Run.uasset'
[2017.08.02-01.16.10:473][363]LogSavePackage:Display: Finished SavePackage ../../../../../Github/Project/Despair/Content/Textures/Character_Run.uasset
[2017.08.02-01.16.19:520][440]Cmd: OBJ SAVEPACKAGE PACKAGE="/Game/Textures/Character_Run" FILE="../../../../../Github/Project/Despair/Content/Textures/Character_Run.uasset" SILENT=true
[2017.08.02-01.16.19:540][440]LogSavePackage: Save=16.82ms
[2017.08.02-01.16.19:540][440]LogSavePackage: Moving '../../../../../Github/Project/Despair/Saved/Character_RunA1CB4F5243EE31F6FD1343AA20761A4C.tmp' to '../../../../../Github/Project/Despair/Content/Textures/Character_Run.uasset'
[2017.08.02-01.16.19:540][440]LogSavePackage:Display: Finished SavePackage ../../../../../Github/Project/Despair/Content/Textures/Character_Run.uasset
[2017.08.02-01.16.19:735][455]Cmd: OBJ SAVEPACKAGE PACKAGE="/Game/Textures/Character_Run" FILE="../../../../../Github/Project/Despair/Content/Textures/Character_Run.uasset" SILENT=true
[2017.08.02-01.16.19:742][455]LogSavePackage: Save=3.39ms
[2017.08.02-01.16.19:742][455]LogSavePackage: Moving '../../../../../Github/Project/Despair/Saved/Character_Run4AF4069C47651B9C12B124859D46CB37.tmp' to '../../../../../Github/Project/Despair/Content/Textures/Character_Run.uasset'
[2017.08.02-01.16.19:742][455]LogSavePackage:Display: Finished SavePackage ../../../../../Github/Project/Despair/Content/Textures/Character_Run.uasset
[2017.08.02-01.19.47:425][272]LogEditorFactories: Performing atomic reimport of [A:/Github/Project/Despair/CharacterSheet02.tga]
[2017.08.02-01.19.47:425][272]LogFactory: FactoryCreateFile: Texture2D with ReimportTextureFactory (0 0 A:/Github/Project/Despair/CharacterSheet02.tga)
[2017.08.02-01.19.47:427][272]LogTexture:Display: Building textures: CharacterSheet02 (AutoDXT, 128X64)
[2017.08.02-01.19.47:431][272]LogEditorFactories: -- imported successfully
[2017.08.02-01.19.49:894][546]LogContentBrowser: Native class hierarchy updated for 'TextureEditor' in 0.0006 seconds. Added 1 classes and 2 folders.
[2017.08.02-01.20.11:882][924]LogEditorFactories: Performing atomic reimport of [A:/Github/Project/Despair/CharacterSheet02.tga]
[2017.08.02-01.20.11:883][924]LogFactory: FactoryCreateFile: Texture2D with ReimportTextureFactory (0 0 A:/Github/Project/Despair/CharacterSheet02.tga)
[2017.08.02-01.20.11:883][924]LogTexture:Display: Building textures: CharacterSheet02 (BGRA8, 128X64)
[2017.08.02-01.20.11:886][924]LogTexture:Display: Building textures: CharacterSheet02 (BGRA8, 128X64)
[2017.08.02-01.20.11:888][924]LogEditorFactories: -- imported successfully
[2017.08.02-01.20.55:336][711]Cmd: TRANSACTION UNDO
[2017.08.02-01.20.55:336][711]LogEditorTransaction: Undo Insert assets as frames
[2017.08.02-01.21.23:643][ 63]Cmd: OBJ SAVEPACKAGE PACKAGE="/Game/Textures/CharacterSheet02_Sprite_10" FILE="../../../../../Github/Project/Despair/Content/Textures/CharacterSheet02_Sprite_10.uasset" SILENT=true
[2017.08.02-01.21.23:652][ 63]LogSavePackage: Save=7.32ms
[2017.08.02-01.21.23:652][ 63]LogSavePackage: Moving '../../../../../Github/Project/Despair/Saved/CharacterSheet02_Sprite_109AEAE15947D8BFEC1CAAA6AD706D5FF6.tmp' to '../../../../../Github/Project/Despair/Content/Textures/CharacterSheet02_Sprite_10.uasset'
[2017.08.02-01.21.23:653][ 63]LogSavePackage:Display: Finished SavePackage ../../../../../Github/Project/Despair/Content/Textures/CharacterSheet02_Sprite_10.uasset
[2017.08.02-01.21.28:654][489]Cmd: OBJ SAVEPACKAGE PACKAGE="/Game/Textures/Character_Run" FILE="../../../../../Github/Project/Despair/Content/Textures/Character_Run.uasset" SILENT=true
[2017.08.02-01.21.28:665][489]LogSavePackage: Save=6.14ms
[2017.08.02-01.21.28:665][489]LogSavePackage: Moving '../../../../../Github/Project/Despair/Saved/Character_Run054215D54FB559199EF274B6E395DE11.tmp' to '../../../../../Github/Project/Despair/Content/Textures/Character_Run.uasset'
[2017.08.02-01.21.28:666][489]LogSavePackage:Display: Finished SavePackage ../../../../../Github/Project/Despair/Content/Textures/Character_Run.uasset
[2017.08.02-01.21.34:644][136]LogAIModule: Creating AISystem for world TestMap01
[2017.08.02-01.21.36:315][136]Cmd: OBJ SAVEPACKAGE PACKAGE="/Game/Textures/CharacterSheet02" FILE="../../../../../Github/Project/Despair/Content/Textures/CharacterSheet02.uasset" SILENT=true
[2017.08.02-01.21.36:322][136]LogTexture:Display: Building textures: CharacterSheet02 (AutoDXT, 128X64)
[2017.08.02-01.21.36:332][136]LogSavePackage: Save=10.47ms
[2017.08.02-01.21.36:332][136]LogSavePackage: Moving '../../../../../Github/Project/Despair/Saved/CharacterSheet0211B1E38E40E127C6675912ABF7B341C3.tmp' to '../../../../../Github/Project/Despair/Content/Textures/CharacterSheet02.uasset'
[2017.08.02-01.21.36:333][136]LogSavePackage:Display: Finished SavePackage ../../../../../Github/Project/Despair/Content/Textures/CharacterSheet02.uasset
[2017.08.02-01.21.36:334][136]Cmd: MAP LOAD FILE="../../../../../Github/Project/Despair/Content/Maps/TestMap01.umap" TEMPLATE=0 SHOWPROGRESS=1 FEATURELEVEL=3
[2017.08.02-01.21.36:334][136]LightingResults: New page: Lighting Build
[2017.08.02-01.21.36:335][136]LoadErrors: New page: Loading map: TestMap01.umap
[2017.08.02-01.21.36:336][136]MapCheck: New page: Map Check
[2017.08.02-01.21.36:336][136]LightingResults: New page: Lighting Build
[2017.08.02-01.21.36:805][136]LogEditorServer: Finished looking for orphan Actors (0.000 secs)
[2017.08.02-01.21.36:848][136]Cmd: MAP CHECKDEP NOCLEARLOG
[2017.08.02-01.21.36:888][136]MapCheck: Info Map check complete: 0 Error(s), 0 Warning(s), took 40.216ms to complete.
[2017.08.02-01.21.36:888][136]LogFileHelpers: Loading map 'TestMap01' took 0.555
[2017.08.02-01.21.36:889][136]LogSlate: Took 0.000122 seconds to synchronously load lazily loaded font '../../../Engine/Content/Slate/Fonts/Roboto-Regular.ttf' (155K)
[2017.08.02-01.21.49:446][342]LogContentBrowser: Native class hierarchy updated for 'BlueprintGraph' in 0.0009 seconds. Added 112 classes and 0 folders.
[2017.08.02-01.21.50:129][343]LogSlate: Took 0.000163 seconds to synchronously load lazily loaded font '../../../Engine/Content/Editor/Slate/Fonts/Roboto-Italic.ttf' (157K)
[2017.08.02-01.22.44:924][493]LogEditorViewport: Clicking on Actor (LMB): SwapCollisionPlatform01_C (SwapCollisionPlatform175)
[2017.08.02-01.23.30:527][730]LogRenderer: Reallocating scene render targets to support 1528x960 NumSamples 1 (Frame:1).
[2017.08.02-01.24.00:881][640]Cmd: OBJ SAVEPACKAGE PACKAGE="/Game/Textures/Character_Sprite" FILE="../../../../../Github/Project/Despair/Content/Textures/Character_Sprite.uasset" SILENT=true
[2017.08.02-01.24.00:889][640]LogSavePackage: Save=6.81ms
[2017.08.02-01.24.00:889][640]LogSavePackage: Moving '../../../../../Github/Project/Despair/Saved/Character_Sprite79DC532D44C066399FE28D8FB28B2040.tmp' to '../../../../../Github/Project/Despair/Content/Textures/Character_Sprite.uasset'
[2017.08.02-01.24.00:890][640]LogSavePackage:Display: Finished SavePackage ../../../../../Github/Project/Despair/Content/Textures/Character_Sprite.uasset
[2017.08.02-01.24.06:062][130]Cmd: OBJ SAVEPACKAGE PACKAGE="/Game/Textures/Character_Sprite" FILE="../../../../../Github/Project/Despair/Content/Textures/Character_Sprite.uasset" SILENT=true
[2017.08.02-01.24.06:073][130]LogSavePackage: Save=4.45ms
[2017.08.02-01.24.06:073][130]LogSavePackage: Moving '../../../../../Github/Project/Despair/Saved/Character_Sprite7B2748064FD32F22A20F6285D0998605.tmp' to '../../../../../Github/Project/Despair/Content/Textures/Character_Sprite.uasset'
[2017.08.02-01.24.06:073][130]LogSavePackage:Display: Finished SavePackage ../../../../../Github/Project/Despair/Content/Textures/Character_Sprite.uasset
[2017.08.02-01.24.15:704][ 50]Cmd: OBJ SAVEPACKAGE PACKAGE="/Game/Textures/Character_Sprite" FILE="../../../../../Github/Project/Despair/Content/Textures/Character_Sprite.uasset" SILENT=true
[2017.08.02-01.24.15:724][ 50]LogSavePackage: Save=16.06ms
[2017.08.02-01.24.15:724][ 50]LogSavePackage: Moving '../../../../../Github/Project/Despair/Saved/Character_Sprite748ECA894F638173E9AAB189889B4E23.tmp' to '../../../../../Github/Project/Despair/Content/Textures/Character_Sprite.uasset'
[2017.08.02-01.24.15:725][ 50]LogSavePackage:Display: Finished SavePackage ../../../../../Github/Project/Despair/Content/Textures/Character_Sprite.uasset
[2017.08.02-01.25.54:764][368]BlueprintLog: New page: Compile PlayerPawn2_BP
[2017.08.02-01.25.55:424][395]Cmd: OBJ SAVEPACKAGE PACKAGE="/Game/Blueprints/PlayerPawn2_BP" FILE="../../../../../Github/Project/Despair/Content/Blueprints/PlayerPawn2_BP.uasset" SILENT=true
[2017.08.02-01.25.55:706][395]LogSavePackage: Save=274.03ms
[2017.08.02-01.25.55:706][395]LogSavePackage: Moving '../../../../../Github/Project/Despair/Saved/PlayerPawn2_BP785E816B4A1203FE0576D89F1D06DE58.tmp' to '../../../../../Github/Project/Despair/Content/Blueprints/PlayerPawn2_BP.uasset'
[2017.08.02-01.25.55:711][395]LogSavePackage:Display: Finished SavePackage ../../../../../Github/Project/Despair/Content/Blueprints/PlayerPawn2_BP.uasset
[2017.08.02-01.25.56:070][426]LogTemp: Repeting last play command: Selected Viewport
[2017.08.02-01.25.56:184][426]LogBlueprintUserMessages: Early PlayInEditor Detection: Level '/Game/Maps/TestMap01.TestMap01:PersistentLevel' has LevelScriptBlueprint '/Game/Maps/TestMap01.TestMap01:PersistentLevel.TestMap01' with GeneratedClass '/Game/Maps/TestMap01.TestMap01_C' with ClassGeneratedBy '/Game/Maps/TestMap01.TestMap01:PersistentLevel.TestMap01'
[2017.08.02-01.25.56:184][426]LogPlayLevel: PlayLevel: No blueprints needed recompiling
[2017.08.02-01.25.56:185][426]PIE: New page: PIE session: TestMap01 (Aug 1, 2017, 5:25:56 PM)
[2017.08.02-01.25.56:185][426]LogPlayLevel: Creating play world package: /Game/Maps/UEDPIE_0_TestMap01
[2017.08.02-01.25.56:268][426]LogPlayLevel: PIE: StaticDuplicateObject took: (0.083837s)
[2017.08.02-01.25.56:269][426]LogAIModule: Creating AISystem for world TestMap01
[2017.08.02-01.25.56:269][426]LogPlayLevel: PIE: World Init took: (0.000628s)
[2017.08.02-01.25.56:269][426]LogPlayLevel: PIE: Created PIE world by copying editor world from /Game/Maps/TestMap01.TestMap01 to /Game/Maps/UEDPIE_0_TestMap01.TestMap01 (0.084774s)
[2017.08.02-01.25.56:290][426]LogInit: XAudio2 using 'Speakers (Realtek High Definition Audio)' : 2 channels at 48 kHz using 32 bits per sample (channel mask 0x3)
[2017.08.02-01.25.56:302][426]LogInit: FAudioDevice initialized.
[2017.08.02-01.25.56:345][426]LogLoad: Game class is 'DespairGameMode_BP_C'
[2017.08.02-01.25.56:373][426]LogWorld: Bringing World /Game/Maps/UEDPIE_0_TestMap01.TestMap01 up for play (max tick rate 0) at 2017.08.01-21.25.56
[2017.08.02-01.25.56:385][426]LogWorld: Bringing up level for play took: 0.039241
[2017.08.02-01.25.56:413][426]LogContentBrowser: Native class hierarchy updated for 'MovieSceneCapture' in 0.0006 seconds. Added 11 classes and 0 folders.
[2017.08.02-01.25.56:418][426]PIE: Info Play in editor start time for /Game/Maps/UEDPIE_0_TestMap01 1.212
[2017.08.02-01.25.56:418][426]LogBlueprintUserMessages: Late PlayInEditor Detection: Level '/Game/Maps/TestMap01.TestMap01:PersistentLevel' has LevelScriptBlueprint '/Game/Maps/TestMap01.TestMap01:PersistentLevel.TestMap01' with GeneratedClass '/Game/Maps/TestMap01.TestMap01_C' with ClassGeneratedBy '/Game/Maps/TestMap01.TestMap01:PersistentLevel.TestMap01'
[2017.08.02-01.25.57:849][572]LogBlueprintUserMessages: Early EndPlayMap Detection: Level '/Game/Maps/TestMap01.TestMap01:PersistentLevel' has LevelScriptBlueprint '/Game/Maps/TestMap01.TestMap01:PersistentLevel.TestMap01' with GeneratedClass '/Game/Maps/TestMap01.TestMap01_C' with ClassGeneratedBy '/Game/Maps/TestMap01.TestMap01:PersistentLevel.TestMap01'
[2017.08.02-01.25.57:892][572]LogBlueprintUserMessages: Late EndPlayMap Detection: Level '/Game/Maps/TestMap01.TestMap01:PersistentLevel' has LevelScriptBlueprint '/Game/Maps/TestMap01.TestMap01:PersistentLevel.TestMap01' with GeneratedClass '/Game/Maps/TestMap01.TestMap01_C' with ClassGeneratedBy '/Game/Maps/TestMap01.TestMap01:PersistentLevel.TestMap01'
[2017.08.02-01.26.05:292][269]BlueprintLog: New page: Compile PlayerPawn2_BP
[2017.08.02-01.26.05:717][287]Cmd: OBJ SAVEPACKAGE PACKAGE="/Game/Blueprints/PlayerPawn2_BP" FILE="../../../../../Github/Project/Despair/Content/Blueprints/PlayerPawn2_BP.uasset" SILENT=true
[2017.08.02-01.26.05:778][287]LogSavePackage: Save=55.98ms
[2017.08.02-01.26.05:778][287]LogSavePackage: Moving '../../../../../Github/Project/Despair/Saved/PlayerPawn2_BPE8C70E5E4E144593F5378B8EE7218393.tmp' to '../../../../../Github/Project/Despair/Content/Blueprints/PlayerPawn2_BP.uasset'
[2017.08.02-01.26.05:779][287]LogSavePackage:Display: Finished SavePackage ../../../../../Github/Project/Despair/Content/Blueprints/PlayerPawn2_BP.uasset
[2017.08.02-01.26.06:539][362]LogTemp: Repeting last play command: Selected Viewport
[2017.08.02-01.26.06:558][362]LogBlueprintUserMessages: Early PlayInEditor Detection: Level '/Game/Maps/TestMap01.TestMap01:PersistentLevel' has LevelScriptBlueprint '/Game/Maps/TestMap01.TestMap01:PersistentLevel.TestMap01' with GeneratedClass '/Game/Maps/TestMap01.TestMap01_C' with ClassGeneratedBy '/Game/Maps/TestMap01.TestMap01:PersistentLevel.TestMap01'
[2017.08.02-01.26.06:558][362]LogPlayLevel: PlayLevel: No blueprints needed recompiling
[2017.08.02-01.26.06:558][362]PIE: New page: PIE session: TestMap01 (Aug 1, 2017, 5:26:06 PM)
[2017.08.02-01.26.06:558][362]LogPlayLevel: Creating play world package: /Game/Maps/UEDPIE_0_TestMap01
[2017.08.02-01.26.06:638][362]LogPlayLevel: PIE: StaticDuplicateObject took: (0.080499s)
[2017.08.02-01.26.06:638][362]LogAIModule: Creating AISystem for world TestMap01
[2017.08.02-01.26.06:639][362]LogPlayLevel: PIE: World Init took: (0.000524s)
[2017.08.02-01.26.06:639][362]LogPlayLevel: PIE: Created PIE world by copying editor world from /Game/Maps/TestMap01.TestMap01 to /Game/Maps/UEDPIE_0_TestMap01.TestMap01 (0.081387s)
[2017.08.02-01.26.06:660][362]LogInit: XAudio2 using 'Speakers (Realtek High Definition Audio)' : 2 channels at 48 kHz using 32 bits per sample (channel mask 0x3)
[2017.08.02-01.26.06:670][362]LogInit: FAudioDevice initialized.
[2017.08.02-01.26.06:702][362]LogLoad: Game class is 'DespairGameMode_BP_C'
[2017.08.02-01.26.06:729][362]LogWorld: Bringing World /Game/Maps/UEDPIE_0_TestMap01.TestMap01 up for play (max tick rate 0) at 2017.08.01-21.26.06
[2017.08.02-01.26.06:740][362]LogWorld: Bringing up level for play took: 0.037764
[2017.08.02-01.26.06:745][362]PIE: Info Play in editor start time for /Game/Maps/UEDPIE_0_TestMap01 -0.461
[2017.08.02-01.26.06:746][362]LogBlueprintUserMessages: Late PlayInEditor Detection: Level '/Game/Maps/TestMap01.TestMap01:PersistentLevel' has LevelScriptBlueprint '/Game/Maps/TestMap01.TestMap01:PersistentLevel.TestMap01' with GeneratedClass '/Game/Maps/TestMap01.TestMap01_C' with ClassGeneratedBy '/Game/Maps/TestMap01.TestMap01:PersistentLevel.TestMap01'
[2017.08.02-01.26.07:747][474]LogBlueprintUserMessages: Early EndPlayMap Detection: Level '/Game/Maps/TestMap01.TestMap01:PersistentLevel' has LevelScriptBlueprint '/Game/Maps/TestMap01.TestMap01:PersistentLevel.TestMap01' with GeneratedClass '/Game/Maps/TestMap01.TestMap01_C' with ClassGeneratedBy '/Game/Maps/TestMap01.TestMap01:PersistentLevel.TestMap01'
[2017.08.02-01.26.07:789][474]LogBlueprintUserMessages: Late EndPlayMap Detection: Level '/Game/Maps/TestMap01.TestMap01:PersistentLevel' has LevelScriptBlueprint '/Game/Maps/TestMap01.TestMap01:PersistentLevel.TestMap01' with GeneratedClass '/Game/Maps/TestMap01.TestMap01_C' with ClassGeneratedBy '/Game/Maps/TestMap01.TestMap01:PersistentLevel.TestMap01'
[2017.08.02-01.26.23:051][790]LogTemp: Repeting last play command: Selected Viewport
[2017.08.02-01.26.23:070][790]LogBlueprintUserMessages: Early PlayInEditor Detection: Level '/Game/Maps/TestMap01.TestMap01:PersistentLevel' has LevelScriptBlueprint '/Game/Maps/TestMap01.TestMap01:PersistentLevel.TestMap01' with GeneratedClass '/Game/Maps/TestMap01.TestMap01_C' with ClassGeneratedBy '/Game/Maps/TestMap01.TestMap01:PersistentLevel.TestMap01'
[2017.08.02-01.26.23:070][790]BlueprintLog: New page: Pre-Play auto-recompile
[2017.08.02-01.26.23:070][790]LogPlayLevel: [PlayLevel] Compiling PlayerPawn2_BP before play...
[2017.08.02-01.26.23:191][790]LogPlayLevel: PlayLevel: Blueprint regeneration took 120 ms (1 blueprints)
[2017.08.02-01.26.23:191][790]PIE: New page: PIE session: TestMap01 (Aug 1, 2017, 5:26:23 PM)
[2017.08.02-01.26.23:191][790]LogPlayLevel: Creating play world package: /Game/Maps/UEDPIE_0_TestMap01
[2017.08.02-01.26.23:271][790]LogPlayLevel: PIE: StaticDuplicateObject took: (0.080590s)
[2017.08.02-01.26.23:272][790]LogAIModule: Creating AISystem for world TestMap01
[2017.08.02-01.26.23:272][790]LogPlayLevel: PIE: World Init took: (0.000530s)
[2017.08.02-01.26.23:272][790]LogPlayLevel: PIE: Created PIE world by copying editor world from /Game/Maps/TestMap01.TestMap01 to /Game/Maps/UEDPIE_0_TestMap01.TestMap01 (0.081408s)
[2017.08.02-01.26.23:292][790]LogInit: XAudio2 using 'Speakers (Realtek High Definition Audio)' : 2 channels at 48 kHz using 32 bits per sample (channel mask 0x3)
[2017.08.02-01.26.23:302][790]LogInit: FAudioDevice initialized.
[2017.08.02-01.26.23:331][790]LogLoad: Game class is 'DespairGameMode_BP_C'
[2017.08.02-01.26.23:359][790]LogWorld: Bringing World /Game/Maps/UEDPIE_0_TestMap01.TestMap01 up for play (max tick rate 0) at 2017.08.01-21.26.23
[2017.08.02-01.26.23:370][790]LogWorld: Bringing up level for play took: 0.038083
[2017.08.02-01.26.23:376][790]PIE: Info Play in editor start time for /Game/Maps/UEDPIE_0_TestMap01 0.17
[2017.08.02-01.26.23:376][790]LogBlueprintUserMessages: Late PlayInEditor Detection: Level '/Game/Maps/TestMap01.TestMap01:PersistentLevel' has LevelScriptBlueprint '/Game/Maps/TestMap01.TestMap01:PersistentLevel.TestMap01' with GeneratedClass '/Game/Maps/TestMap01.TestMap01_C' with ClassGeneratedBy '/Game/Maps/TestMap01.TestMap01:PersistentLevel.TestMap01'
[2017.08.02-01.26.29:265][382]LogBlueprintUserMessages: Early EndPlayMap Detection: Level '/Game/Maps/TestMap01.TestMap01:PersistentLevel' has LevelScriptBlueprint '/Game/Maps/TestMap01.TestMap01:PersistentLevel.TestMap01' with GeneratedClass '/Game/Maps/TestMap01.TestMap01_C' with ClassGeneratedBy '/Game/Maps/TestMap01.TestMap01:PersistentLevel.TestMap01'
[2017.08.02-01.26.29:311][382]LogBlueprintUserMessages: Late EndPlayMap Detection: Level '/Game/Maps/TestMap01.TestMap01:PersistentLevel' has LevelScriptBlueprint '/Game/Maps/TestMap01.TestMap01:PersistentLevel.TestMap01' with GeneratedClass '/Game/Maps/TestMap01.TestMap01_C' with ClassGeneratedBy '/Game/Maps/TestMap01.TestMap01:PersistentLevel.TestMap01'
[2017.08.02-01.26.33:246][707]BlueprintLog: New page: Compile PlayerPawn2_BP
[2017.08.02-01.26.33:907][744]Cmd: OBJ SAVEPACKAGE PACKAGE="/Game/Blueprints/PlayerPawn2_BP" FILE="../../../../../Github/Project/Despair/Content/Blueprints/PlayerPawn2_BP.uasset" SILENT=true
[2017.08.02-01.26.33:968][744]LogSavePackage: Save=57.00ms
[2017.08.02-01.26.33:968][744]LogSavePackage: Moving '../../../../../Github/Project/Despair/Saved/PlayerPawn2_BPC46F05D14DE0E54EBFFDC383B58A0168.tmp' to '../../../../../Github/Project/Despair/Content/Blueprints/PlayerPawn2_BP.uasset'
[2017.08.02-01.26.33:969][744]LogSavePackage:Display: Finished SavePackage ../../../../../Github/Project/Despair/Content/Blueprints/PlayerPawn2_BP.uasset
[2017.08.02-01.26.34:689][806]LogTemp: Repeting last play command: Selected Viewport
[2017.08.02-01.26.34:708][806]LogBlueprintUserMessages: Early PlayInEditor Detection: Level '/Game/Maps/TestMap01.TestMap01:PersistentLevel' has LevelScriptBlueprint '/Game/Maps/TestMap01.TestMap01:PersistentLevel.TestMap01' with GeneratedClass '/Game/Maps/TestMap01.TestMap01_C' with ClassGeneratedBy '/Game/Maps/TestMap01.TestMap01:PersistentLevel.TestMap01'
[2017.08.02-01.26.34:708][806]LogPlayLevel: PlayLevel: No blueprints needed recompiling
[2017.08.02-01.26.34:708][806]PIE: New page: PIE session: TestMap01 (Aug 1, 2017, 5:26:34 PM)
[2017.08.02-01.26.34:708][806]LogPlayLevel: Creating play world package: /Game/Maps/UEDPIE_0_TestMap01
[2017.08.02-01.26.34:788][806]LogPlayLevel: PIE: StaticDuplicateObject took: (0.080189s)
[2017.08.02-01.26.34:789][806]LogAIModule: Creating AISystem for world TestMap01
[2017.08.02-01.26.34:789][806]LogPlayLevel: PIE: World Init took: (0.000491s)
[2017.08.02-01.26.34:789][806]LogPlayLevel: PIE: Created PIE world by copying editor world from /Game/Maps/TestMap01.TestMap01 to /Game/Maps/UEDPIE_0_TestMap01.TestMap01 (0.080991s)
[2017.08.02-01.26.34:810][806]LogInit: XAudio2 using 'Speakers (Realtek High Definition Audio)' : 2 channels at 48 kHz using 32 bits per sample (channel mask 0x3)
[2017.08.02-01.26.34:820][806]LogInit: FAudioDevice initialized.
[2017.08.02-01.26.34:849][806]LogLoad: Game class is 'DespairGameMode_BP_C'
[2017.08.02-01.26.34:877][806]LogWorld: Bringing World /Game/Maps/UEDPIE_0_TestMap01.TestMap01 up for play (max tick rate 0) at 2017.08.01-21.26.34
[2017.08.02-01.26.34:888][806]LogWorld: Bringing up level for play took: 0.037292
[2017.08.02-01.26.34:893][806]PIE: Info Play in editor start time for /Game/Maps/UEDPIE_0_TestMap01 -0.313
[2017.08.02-01.26.34:893][806]LogBlueprintUserMessages: Late PlayInEditor Detection: Level '/Game/Maps/TestMap01.TestMap01:PersistentLevel' has LevelScriptBlueprint '/Game/Maps/TestMap01.TestMap01:PersistentLevel.TestMap01' with GeneratedClass '/Game/Maps/TestMap01.TestMap01_C' with ClassGeneratedBy '/Game/Maps/TestMap01.TestMap01:PersistentLevel.TestMap01'
[2017.08.02-01.26.56:642][ 63]Cmd: LevelEditor.ToggleImmersive
[2017.08.02-01.26.56:802][ 64]LogRenderer: Reallocating scene render targets to support 1668x960 NumSamples 1 (Frame:2259).
[2017.08.02-01.26.56:883][ 65]LogRenderer: Reallocating scene render targets to support 1920x1040 NumSamples 1 (Frame:2261).
[2017.08.02-01.27.00:645][514]LogBlueprintUserMessages: Early EndPlayMap Detection: Level '/Game/Maps/TestMap01.TestMap01:PersistentLevel' has LevelScriptBlueprint '/Game/Maps/TestMap01.TestMap01:PersistentLevel.TestMap01' with GeneratedClass '/Game/Maps/TestMap01.TestMap01_C' with ClassGeneratedBy '/Game/Maps/TestMap01.TestMap01:PersistentLevel.TestMap01'
[2017.08.02-01.27.00:713][514]LogBlueprintUserMessages: Late EndPlayMap Detection: Level '/Game/Maps/TestMap01.TestMap01:PersistentLevel' has LevelScriptBlueprint '/Game/Maps/TestMap01.TestMap01:PersistentLevel.TestMap01' with GeneratedClass '/Game/Maps/TestMap01.TestMap01_C' with ClassGeneratedBy '/Game/Maps/TestMap01.TestMap01:PersistentLevel.TestMap01'
[2017.08.02-01.27.12:248][795]BlueprintLog: New page: Compile PlayerPawn2_BP
[2017.08.02-01.27.12:676][816]Cmd: OBJ SAVEPACKAGE PACKAGE="/Game/Blueprints/PlayerPawn2_BP" FILE="../../../../../Github/Project/Despair/Content/Blueprints/PlayerPawn2_BP.uasset" SILENT=true
[2017.08.02-01.27.12:735][816]LogSavePackage: Save=55.75ms
[2017.08.02-01.27.12:735][816]LogSavePackage: Moving '../../../../../Github/Project/Despair/Saved/PlayerPawn2_BP2F3C8E5945671235B7122797F41CC48D.tmp' to '../../../../../Github/Project/Despair/Content/Blueprints/PlayerPawn2_BP.uasset'
[2017.08.02-01.27.12:737][816]LogSavePackage:Display: Finished SavePackage ../../../../../Github/Project/Despair/Content/Blueprints/PlayerPawn2_BP.uasset
[2017.08.02-01.27.15:131][ 46]LogTemp: Repeting last play command: Selected Viewport
[2017.08.02-01.27.15:149][ 46]LogBlueprintUserMessages: Early PlayInEditor Detection: Level '/Game/Maps/TestMap01.TestMap01:PersistentLevel' has LevelScriptBlueprint '/Game/Maps/TestMap01.TestMap01:PersistentLevel.TestMap01' with GeneratedClass '/Game/Maps/TestMap01.TestMap01_C' with ClassGeneratedBy '/Game/Maps/TestMap01.TestMap01:PersistentLevel.TestMap01'
[2017.08.02-01.27.15:149][ 46]LogPlayLevel: PlayLevel: No blueprints needed recompiling
[2017.08.02-01.27.15:150][ 46]PIE: New page: PIE session: TestMap01 (Aug 1, 2017, 5:27:15 PM)
[2017.08.02-01.27.15:150][ 46]LogPlayLevel: Creating play world package: /Game/Maps/UEDPIE_0_TestMap01
[2017.08.02-01.27.15:230][ 46]LogPlayLevel: PIE: StaticDuplicateObject took: (0.080338s)
[2017.08.02-01.27.15:231][ 46]LogAIModule: Creating AISystem for world TestMap01
[2017.08.02-01.27.15:231][ 46]LogPlayLevel: PIE: World Init took: (0.000524s)
[2017.08.02-01.27.15:231][ 46]LogPlayLevel: PIE: Created PIE world by copying editor world from /Game/Maps/TestMap01.TestMap01 to /Game/Maps/UEDPIE_0_TestMap01.TestMap01 (0.081104s)
[2017.08.02-01.27.15:253][ 46]LogInit: XAudio2 using 'Speakers (Realtek High Definition Audio)' : 2 channels at 48 kHz using 32 bits per sample (channel mask 0x3)
[2017.08.02-01.27.15:263][ 46]LogInit: FAudioDevice initialized.
[2017.08.02-01.27.15:295][ 46]LogLoad: Game class is 'DespairGameMode_BP_C'
[2017.08.02-01.27.15:322][ 46]LogWorld: Bringing World /Game/Maps/UEDPIE_0_TestMap01.TestMap01 up for play (max tick rate 0) at 2017.08.01-21.27.15
[2017.08.02-01.27.15:334][ 46]LogWorld: Bringing up level for play took: 0.038241
[2017.08.02-01.27.15:339][ 46]PIE: Info Play in editor start time for /Game/Maps/UEDPIE_0_TestMap01 0.133
[2017.08.02-01.27.15:339][ 46]LogBlueprintUserMessages: Late PlayInEditor Detection: Level '/Game/Maps/TestMap01.TestMap01:PersistentLevel' has LevelScriptBlueprint '/Game/Maps/TestMap01.TestMap01:PersistentLevel.TestMap01' with GeneratedClass '/Game/Maps/TestMap01.TestMap01_C' with ClassGeneratedBy '/Game/Maps/TestMap01.TestMap01:PersistentLevel.TestMap01'
[2017.08.02-01.27.17:167][232]Cmd: LevelEditor.ToggleImmersive
[2017.08.02-01.27.24:470][ 88]LogBlueprintUserMessages: Early EndPlayMap Detection: Level '/Game/Maps/TestMap01.TestMap01:PersistentLevel' has LevelScriptBlueprint '/Game/Maps/TestMap01.TestMap01:PersistentLevel.TestMap01' with GeneratedClass '/Game/Maps/TestMap01.TestMap01_C' with ClassGeneratedBy '/Game/Maps/TestMap01.TestMap01:PersistentLevel.TestMap01'
[2017.08.02-01.27.24:543][ 88]LogBlueprintUserMessages: Late EndPlayMap Detection: Level '/Game/Maps/TestMap01.TestMap01:PersistentLevel' has LevelScriptBlueprint '/Game/Maps/TestMap01.TestMap01:PersistentLevel.TestMap01' with GeneratedClass '/Game/Maps/TestMap01.TestMap01_C' with ClassGeneratedBy '/Game/Maps/TestMap01.TestMap01:PersistentLevel.TestMap01'
[2017.08.02-01.27.27:657][445]BlueprintLog: New page: Compile PlayerPawn2_BP
[2017.08.02-01.28.58:072][989]LogWindowsTextInputMethodSystem:Display: IME system now deactivated.
[2017.08.02-01.28.58:072][989]LogWindowsTextInputMethodSystem:Display: IME system now deactivated.
[2017.08.02-01.28.58:340][990]Cmd: QUIT_EDITOR
[2017.08.02-01.28.59:272][990]LogExit: Preparing to exit.
[2017.08.02-01.29.00:394][990]LogDirectoryWatcher: A directory notification for 'A:/Github/Project/Despair/Content/' was aborted.
[2017.08.02-01.29.00:492][990]LogExit: Editor shut down
[2017.08.02-01.29.00:496][990]LogExit: Transaction tracking system shut down
[2017.08.02-01.29.01:792][990]LogObj: Freed 0b from 0 cluster array pools.
[2017.08.02-01.29.01:792][990]LogExit: Object subsystem successfully closed.
[2017.08.02-01.29.01:852][990]LogD3D11RHI: Shutdown
[2017.08.02-01.29.01:852][990]LogD3D11RHI: CleanupD3DDevice
[2017.08.02-01.29.01:963][990]LogD3D11RHI: ~FD3D11DynamicRHI
[2017.08.02-01.29.02:654][990]LogModuleManager: Shutting down and abandoning module MovieSceneCapture (534)
[2017.08.02-01.29.02:655][990]LogModuleManager: Shutting down and abandoning module BlueprintGraph (532)
[2017.08.02-01.29.02:655][990]LogModuleManager: Shutting down and abandoning module BlueprintProfiler (530)
[2017.08.02-01.29.02:678][990]LogModuleManager: Shutting down and abandoning module TextureEditor (528)
[2017.08.02-01.29.02:686][990]LogModuleManager: Shutting down and abandoning module HierarchicalLODOutliner (526)
[2017.08.02-01.29.02:697][990]LogModuleManager: Shutting down and abandoning module CrashTracker (524)
[2017.08.02-01.29.02:697][990]LogModuleManager: Shutting down and abandoning module WorldBrowser (522)
[2017.08.02-01.29.02:708][990]LogModuleManager: Shutting down and abandoning module SceneOutliner (520)
[2017.08.02-01.29.02:708][990]LogModuleManager: Shutting down and abandoning module AddContentDialog (518)
[2017.08.02-01.29.02:726][990]LogDirectoryWatcher: A directory notification for 'A:/Program Files (x86)/UE_4.16/FeaturePacks/' was aborted.
[2017.08.02-01.29.02:729][990]LogModuleManager: Shutting down and abandoning module WidgetCarousel (517)
[2017.08.02-01.29.02:729][990]LogModuleManager: Shutting down and abandoning module EditorWidgets (514)
[2017.08.02-01.29.02:729][990]LogModuleManager: Shutting down and abandoning module CollectionManager (512)
[2017.08.02-01.29.02:729][990]LogDirectoryWatcher: A directory notification for 'A:/Github/Project/Despair/Content/Collections/' was aborted.
[2017.08.02-01.29.02:729][990]LogDirectoryWatcher: A directory notification for 'A:/Github/Project/Despair/Content/Developers/Keith/Collections/' was aborted.
[2017.08.02-01.29.02:729][990]LogDirectoryWatcher: A directory notification for 'A:/Github/Project/Despair/Saved/Collections/' was aborted.
[2017.08.02-01.29.02:729][990]LogModuleManager: Shutting down and abandoning module StatsViewer (510)
[2017.08.02-01.29.02:741][990]LogModuleManager: Shutting down and abandoning module FoliageEdit (508)
[2017.08.02-01.29.02:741][990]LogModuleManager: Shutting down and abandoning module LandscapeEditor (506)
[2017.08.02-01.29.02:754][990]LogModuleManager: Shutting down and abandoning module MeshPaintMode (504)
[2017.08.02-01.29.02:754][990]LogModuleManager: Shutting down and abandoning module SceneDepthPickerMode (502)
[2017.08.02-01.29.02:754][990]LogModuleManager: Shutting down and abandoning module ActorPickerMode (500)
[2017.08.02-01.29.02:754][990]LogModuleManager: Shutting down and abandoning module GeometryMode (498)
[2017.08.02-01.29.02:754][990]LogModuleManager: Shutting down and abandoning module TextureAlignMode (496)
[2017.08.02-01.29.02:754][990]LogModuleManager: Shutting down and abandoning module BspMode (494)
[2017.08.02-01.29.02:764][990]LogModuleManager: Shutting down and abandoning module HardwareSurvey (492)
[2017.08.02-01.29.02:764][990]LogModuleManager: Shutting down and abandoning module SequenceRecorderSections (490)
[2017.08.02-01.29.02:764][990]LogModuleManager: Shutting down and abandoning module AutomationWorker (488)
[2017.08.02-01.29.02:769][990]LogModuleManager: Shutting down and abandoning module MatineeToLevelSequence (486)
[2017.08.02-01.29.02:769][990]LogModuleManager: Shutting down and abandoning module LevelSequenceEditor (484)
[2017.08.02-01.29.02:792][990]LogModuleManager: Shutting down and abandoning module PlacementMode (483)
[2017.08.02-01.29.02:792][990]LogModuleManager: Shutting down and abandoning module WmfMediaFactory (480)
[2017.08.02-01.29.02:792][990]LogModuleManager: Shutting down and abandoning module WmfMediaEditor (478)
[2017.08.02-01.29.02:792][990]LogModuleManager: Shutting down and abandoning module AvfMediaFactory (476)
[2017.08.02-01.29.02:792][990]LogModuleManager: Shutting down and abandoning module AvfMediaEditor (474)
[2017.08.02-01.29.02:792][990]LogModuleManager: Shutting down and abandoning module AndroidMediaFactory (472)
[2017.08.02-01.29.02:792][990]LogModuleManager: Shutting down and abandoning module Media (471)
[2017.08.02-01.29.02:792][990]LogModuleManager: Shutting down and abandoning module AndroidMediaEditor (468)
[2017.08.02-01.29.02:792][990]LogModuleManager: Shutting down and abandoning module CharacterAI (466)
[2017.08.02-01.29.02:792][990]LogModuleManager: Shutting down and abandoning module AudioCapture (464)
[2017.08.02-01.29.02:793][990]LogModuleManager: Shutting down and abandoning module SequenceRecorder (463)
[2017.08.02-01.29.02:809][990]LogModuleManager: Shutting down and abandoning module SmartSnapping (460)
[2017.08.02-01.29.02:809][990]LogModuleManager: Shutting down and abandoning module SessionServices (458)
[2017.08.02-01.29.02:809][990]LogModuleManager: Shutting down and abandoning module ViewportSnapping (456)
[2017.08.02-01.29.02:809][990]LogModuleManager: Shutting down and abandoning module ViewportInteraction (454)
[2017.08.02-01.29.02:809][990]LogModuleManager: Shutting down and abandoning module ClothPainter (452)
[2017.08.02-01.29.02:831][990]LogModuleManager: Shutting down and abandoning module LogVisualizer (450)
[2017.08.02-01.29.02:847][990]LogModuleManager: Shutting down and abandoning module IntroTutorials (448)
[2017.08.02-01.29.02:892][990]LogModuleManager: Shutting down and abandoning module GameProjectGeneration (447)
[2017.08.02-01.29.02:909][990]LogModuleManager: Shutting down and abandoning module EditorLiveStreaming (444)
[2017.08.02-01.29.02:909][990]LogModuleManager: Shutting down and abandoning module IOSPlatformEditor (442)
[2017.08.02-01.29.02:909][990]LogModuleManager: Shutting down and abandoning module HTML5PlatformEditor (440)
[2017.08.02-01.29.02:909][990]LogModuleManager: Shutting down and abandoning module AndroidPlatformEditor (438)
[2017.08.02-01.29.02:909][990]LogModuleManager: Shutting down and abandoning module AndroidDeviceDetection (437)
[2017.08.02-01.29.03:690][990]LogModuleManager: Shutting down and abandoning module IOSRuntimeSettings (434)
[2017.08.02-01.29.03:690][990]LogModuleManager: Shutting down and abandoning module AndroidRuntimeSettings (432)
[2017.08.02-01.29.03:690][990]LogModuleManager: Shutting down and abandoning module InputBindingEditor (430)
[2017.08.02-01.29.03:703][990]LogModuleManager: Shutting down and abandoning module MergeActors (428)
[2017.08.02-01.29.03:718][990]LogModuleManager: Shutting down and abandoning module SizeMap (426)
[2017.08.02-01.29.03:718][990]LogModuleManager: Shutting down and abandoning module TreeMap (424)
[2017.08.02-01.29.03:734][990]LogModuleManager: Shutting down and abandoning module ReferenceViewer (422)
[2017.08.02-01.29.03:750][990]LogModuleManager: Shutting down and abandoning module LocalizationDashboard (420)
[2017.08.02-01.29.03:762][990]LogModuleManager: Shutting down and abandoning module LocalizationService (419)
[2017.08.02-01.29.03:773][990]LogModuleManager: Shutting down and abandoning module HardwareTargeting (416)
[2017.08.02-01.29.03:773][990]LogModuleManager: Shutting down and abandoning module DeviceProfileEditor (414)
[2017.08.02-01.29.03:784][990]LogModuleManager: Shutting down and abandoning module UndoHistory (412)
[2017.08.02-01.29.03:793][990]LogModuleManager: Shutting down and abandoning module UserFeedback (410)
[2017.08.02-01.29.03:793][990]LogModuleManager: Shutting down and abandoning module XmlParser (408)
[2017.08.02-01.29.03:793][990]LogModuleManager: Shutting down and abandoning module Blutility (406)
[2017.08.02-01.29.03:802][990]LogModuleManager: Shutting down and abandoning module ProjectSettingsViewer (404)
[2017.08.02-01.29.03:802][990]LogModuleManager: Shutting down and abandoning module ProjectTargetPlatformEditor (403)
[2017.08.02-01.29.03:802][990]LogModuleManager: Shutting down and abandoning module EditorSettingsViewer (400)
[2017.08.02-01.29.03:802][990]LogModuleManager: Shutting down and abandoning module SettingsEditor (398)
[2017.08.02-01.29.03:802][990]LogModuleManager: Shutting down and abandoning module ProjectLauncher (396)
[2017.08.02-01.29.03:821][990]LogModuleManager: Shutting down and abandoning module SessionFrontend (394)
[2017.08.02-01.29.03:837][990]LogModuleManager: Shutting down and abandoning module ProfilerClient (392)
[2017.08.02-01.29.03:860][990]LogModuleManager: Shutting down and abandoning module DeviceManager (390)
[2017.08.02-01.29.03:885][990]LogModuleManager: Shutting down and abandoning module TargetDeviceServices (389)
[2017.08.02-01.29.03:939][990]LogModuleManager: Shutting down and abandoning module AutomationController (386)
[2017.08.02-01.29.03:961][990]LogModuleManager: Shutting down and abandoning module AutomationWindow (384)
[2017.08.02-01.29.03:982][990]LogModuleManager: Shutting down and abandoning module Layers (382)
[2017.08.02-01.29.04:001][990]LogModuleManager: Shutting down and abandoning module ComponentVisualizers (380)
[2017.08.02-01.29.04:001][990]LogModuleManager: Shutting down and abandoning module DetailCustomizations (378)
[2017.08.02-01.29.04:010][990]LogModuleManager: Shutting down and abandoning module PackagesDialog (376)
[2017.08.02-01.29.04:010][990]LogModuleManager: Shutting down and abandoning module Persona (374)
[2017.08.02-01.29.04:037][990]LogModuleManager: Shutting down and abandoning module AdvancedPreviewScene (373)
[2017.08.02-01.29.04:038][990]LogModuleManager: Shutting down and abandoning module AnimGraph (371)
[2017.08.02-01.29.04:038][990]LogModuleManager: Shutting down and abandoning module Kismet (368)
[2017.08.02-01.29.04:047][990]LogModuleManager: Shutting down and abandoning module ClassViewer (366)
[2017.08.02-01.29.04:047][990]LogModuleManager: Shutting down and abandoning module Toolbox (364)
[2017.08.02-01.29.04:047][990]LogModuleManager: Shutting down and abandoning module ModuleUI (362)
[2017.08.02-01.29.04:066][990]LogModuleManager: Shutting down and abandoning module MovieSceneTools (360)
[2017.08.02-01.29.04:068][990]LogModuleManager: Shutting down and abandoning module OutputLog (358)
[2017.08.02-01.29.04:089][990]LogModuleManager: Shutting down and abandoning module GammaUI (356)
[2017.08.02-01.29.04:099][990]LogModuleManager: Shutting down and abandoning module Documentation (354)
[2017.08.02-01.29.04:099][990]LogModuleManager: Shutting down and abandoning module MovieSceneTracks (352)
[2017.08.02-01.29.04:099][990]LogModuleManager: Shutting down and abandoning module MovieScene (350)
[2017.08.02-01.29.04:099][990]LogModuleManager: Shutting down and abandoning module Niagara (348)
[2017.08.02-01.29.04:099][990]LogModuleManager: Shutting down and abandoning module NiagaraEditor (347)
[2017.08.02-01.29.04:136][990]LogModuleManager: Shutting down and abandoning module StreamingPauseRendering (344)
[2017.08.02-01.29.04:136][990]LogModuleManager: Shutting down and abandoning module AnalyticsET (342)
[2017.08.02-01.29.04:136][990]LogModuleManager: Shutting down and abandoning module PortalServices (340)
[2017.08.02-01.29.04:137][990]LogModuleManager: Shutting down and abandoning module PortalRpc (338)
[2017.08.02-01.29.04:137][990]LogModuleManager: Shutting down and abandoning module MessagingRpc (336)
[2017.08.02-01.29.04:137][990]LogModuleManager: Shutting down and abandoning module AIModule (334)
[2017.08.02-01.29.04:137][990]LogModuleManager: Shutting down and abandoning module GameplayDebugger (333)
[2017.08.02-01.29.04:137][990]LogModuleManager: Shutting down and abandoning module AITestSuite (331)
[2017.08.02-01.29.04:149][990]LogModuleManager: Shutting down and abandoning module ProfilerService (328)
[2017.08.02-01.29.04:332][990]LogModuleManager: Shutting down and abandoning module TaskGraph (326)
[2017.08.02-01.29.04:353][990]LogModuleManager: Shutting down and abandoning module SteamVRController (324)
[2017.08.02-01.29.04:353][990]LogModuleManager: Shutting down and abandoning module SteamVR (322)
[2017.08.02-01.29.04:354][990]LogModuleManager: Shutting down and abandoning module ProceduralMeshComponentEditor (320)
[2017.08.02-01.29.04:354][990]LogModuleManager: Shutting down and abandoning module ProceduralMeshComponent (318)
[2017.08.02-01.29.04:368][990]LogModuleManager: Shutting down and abandoning module OculusLibrary (316)
[2017.08.02-01.29.04:368][990]LogModuleManager: Shutting down and abandoning module OculusInput (314)
[2017.08.02-01.29.04:368][990]LogModuleManager: Shutting down and abandoning module MobilePatchingUtils (312)
[2017.08.02-01.29.04:368][990]LogModuleManager: Shutting down and abandoning module CustomMeshComponent (310)
[2017.08.02-01.29.04:368][990]LogModuleManager: Shutting down and abandoning module CableComponent (308)
[2017.08.02-01.29.04:368][990]LogModuleManager: Shutting down and abandoning module ArchVisCharacter (306)
[2017.08.02-01.29.04:368][990]LogModuleManager: Shutting down and abandoning module AndroidPermission (304)
[2017.08.02-01.29.04:368][990]LogModuleManager: Shutting down and abandoning module MediaPlayerEditor (300)
[2017.08.02-01.29.04:384][990]LogModuleManager: Shutting down and abandoning module HTML5Networking (298)
[2017.08.02-01.29.04:384][990]LogModuleManager: Shutting down and abandoning module AlembicImporter (296)
[2017.08.02-01.29.04:392][990]LogModuleManager: Shutting down and abandoning module AlembicLibrary (295)
[2017.08.02-01.29.04:392][990]LogModuleManager: Shutting down and abandoning module GeometryCache (294)
[2017.08.02-01.29.04:393][990]LogModuleManager: Shutting down and abandoning module GeometryCacheEd (293)
[2017.08.02-01.29.04:393][990]LogModuleManager: Shutting down and abandoning module SuperSearchEditor (288)
[2017.08.02-01.29.04:393][990]LogModuleManager: Shutting down and abandoning module SuperSearch (287)
[2017.08.02-01.29.04:393][990]LogModuleManager: Shutting down and abandoning module SpeedTreeImporter (284)
[2017.08.02-01.29.04:393][990]LogModuleManager: Shutting down and abandoning module PluginBrowser (282)
[2017.08.02-01.29.04:409][990]LogModuleManager: Shutting down and abandoning module MobileLauncherProfileWizard (280)
[2017.08.02-01.29.04:421][990]LogModuleManager: Shutting down and abandoning module VisualStudioSourceCodeAccess (278)
[2017.08.02-01.29.04:421][990]LogModuleManager: Shutting down and abandoning module DesktopPlatform (277)
[2017.08.02-01.29.04:421][990]LogModuleManager: Shutting down and abandoning module UObjectPlugin (274)
[2017.08.02-01.29.04:421][990]LogModuleManager: Shutting down and abandoning module SubversionSourceControl (272)
[2017.08.02-01.29.04:428][990]LogModuleManager: Shutting down and abandoning module PerforceSourceControl (270)
[2017.08.02-01.29.04:446][990]LogModuleManager: Shutting down and abandoning module GitSourceControl (268)
[2017.08.02-01.29.04:459][990]LogModuleManager: Shutting down and abandoning module SourceControl (267)
[2017.08.02-01.29.04:459][990]LogModuleManager: Shutting down and abandoning module LightPropagationVolumeEditor (264)
[2017.08.02-01.29.04:459][990]LogModuleManager: Shutting down and abandoning module PaperTiledImporter (262)
[2017.08.02-01.29.04:459][990]LogModuleManager: Shutting down and abandoning module PaperSpriteSheetImporter (260)
[2017.08.02-01.29.04:459][990]LogModuleManager: Shutting down and abandoning module Paper2DEditor (258)
[2017.08.02-01.29.04:459][990]LogModuleManager: Shutting down and abandoning module MeshPaint (257)
[2017.08.02-01.29.04:473][990]LogModuleManager: Shutting down and abandoning module LevelEditor (255)
[2017.08.02-01.29.04:485][990]LogModuleManager: Shutting down and abandoning module PixelInspectorModule (254)
[2017.08.02-01.29.04:501][990]LogModuleManager: Shutting down and abandoning module MainFrame (252)
[2017.08.02-01.29.04:509][990]LogModuleManager: Shutting down and abandoning module HotReload (251)
[2017.08.02-01.29.04:517][990]LogModuleManager: Shutting down and abandoning module PhysXVehiclesEditor (246)
[2017.08.02-01.29.04:535][990]LogModuleManager: Shutting down and abandoning module PhysXVehicles (244)
[2017.08.02-01.29.04:535][990]LogModuleManager: Shutting down and abandoning module LocationServicesBPLibrary (242)
[2017.08.02-01.29.04:535][990]LogModuleManager: Shutting down and abandoning module ImmediatePhysicsEditor (240)
[2017.08.02-01.29.04:535][990]LogModuleManager: Shutting down and abandoning module ImmediatePhysics (238)
[2017.08.02-01.29.04:542][990]LogModuleManager: Shutting down and abandoning module UdpMessaging (236)
[2017.08.02-01.29.04:642][990]LogModuleManager: Shutting down and abandoning module TcpMessaging (234)
[2017.08.02-01.29.04:756][990]LogModuleManager: Shutting down and abandoning module GameplayTagsEditor (232)
[2017.08.02-01.29.04:764][990]LogModuleManager: Shutting down and abandoning module FacialAnimationEditor (230)
[2017.08.02-01.29.04:764][990]LogModuleManager: Shutting down and abandoning module FacialAnimation (228)
[2017.08.02-01.29.04:764][990]LogModuleManager: Shutting down and abandoning module AssetManagerEditor (226)
[2017.08.02-01.29.04:775][990]LogModuleManager: Shutting down and abandoning module GraphEditor (225)
[2017.08.02-01.29.04:775][990]LogModuleManager: Shutting down and abandoning module ContentBrowser (223)
[2017.08.02-01.29.04:778][990]LogModuleManager: Shutting down and abandoning module LightPropagationVolumeRuntime (220)
[2017.08.02-01.29.04:778][990]LogModuleManager: Shutting down and abandoning module Paper2D (218)
[2017.08.02-01.29.04:789][990]LogModuleManager: Shutting down and abandoning module WindowsMoviePlayer (216)
[2017.08.02-01.29.04:789][990]LogModuleManager: Shutting down and abandoning module WmfMedia (214)
[2017.08.02-01.29.04:790][990]LogModuleManager: Shutting down and abandoning module ClothingSystemEditor (212)
[2017.08.02-01.29.04:790][990]LogModuleManager: Shutting down and abandoning module ClothingSystemRuntime (210)
[2017.08.02-01.29.04:807][990]LogModuleManager: Shutting down and abandoning module MediaAssets (208)
[2017.08.02-01.29.04:807][990]LogModuleManager: Shutting down and abandoning module GameLiveStreaming (206)
[2017.08.02-01.29.04:818][990]LogModuleManager: Shutting down and abandoning module VREditor (204)
[2017.08.02-01.29.04:829][990]LogModuleManager: Shutting down and abandoning module StringTableEditor (202)
[2017.08.02-01.29.04:848][990]LogModuleManager: Shutting down and abandoning module GameplayTasksEditor (200)
[2017.08.02-01.29.04:848][990]LogModuleManager: Shutting down and abandoning module BehaviorTreeEditor (198)
[2017.08.02-01.29.04:869][990]LogModuleManager: Shutting down and abandoning module FunctionalTesting (196)
[2017.08.02-01.29.04:869][990]LogModuleManager: Shutting down and abandoning module CollisionAnalyzer (194)
[2017.08.02-01.29.04:884][990]LogModuleManager: Shutting down and abandoning module UMG (192)
[2017.08.02-01.29.04:895][990]LogModuleManager: Shutting down and abandoning module UMGEditor (191)
[2017.08.02-01.29.04:895][990]LogModuleManager: Shutting down and abandoning module Sequencer (190)
[2017.08.02-01.29.04:901][990]LogModuleManager: Shutting down and abandoning module AssetTools (188)
[2017.08.02-01.29.04:926][990]LogModuleManager: Shutting down and abandoning module MessageLog (187)
[2017.08.02-01.29.04:926][990]LogModuleManager: Shutting down and abandoning module WorkspaceMenuStructure (186)
[2017.08.02-01.29.04:926][990]LogModuleManager: Shutting down and abandoning module SlateReflector (180)
[2017.08.02-01.29.04:947][990]LogModuleManager: Shutting down and abandoning module Slate (178)
[2017.08.02-01.29.04:947][990]LogModuleManager: Shutting down and abandoning module EditorStyle (176)
[2017.08.02-01.29.04:949][990]LogModuleManager: Shutting down and abandoning module SourceCodeAccess (174)
[2017.08.02-01.29.04:949][990]LogModuleManager: Shutting down and abandoning module HeadMountedDisplay (172)
[2017.08.02-01.29.04:949][990]LogModuleManager: Shutting down and abandoning module XAudio2 (170)
[2017.08.02-01.29.04:949][990]LogModuleManager: Shutting down and abandoning module Networking (168)
[2017.08.02-01.29.04:949][990]LogModuleManager: Shutting down and abandoning module Core (164)
[2017.08.02-01.29.04:949][990]LogModuleManager: Shutting down and abandoning module AssetRegistry (162)
[2017.08.02-01.29.05:097][990]LogDirectoryWatcher: A directory notification for '../../../Engine/Content/' was aborted.
[2017.08.02-01.29.05:097][990]LogDirectoryWatcher: A directory notification for '../../../../../Github/Project/Despair/Content/' was aborted.
[2017.08.02-01.29.05:097][990]LogDirectoryWatcher: A directory notification for '../../../Engine/Plugins/2D/Paper2D/Content/' was aborted.
[2017.08.02-01.29.05:097][990]LogDirectoryWatcher: A directory notification for '../../../Engine/Plugins/Runtime/GearVR/Content/' was aborted.
[2017.08.02-01.29.05:111][990]LogModuleManager: Shutting down and abandoning module DirectoryWatcher (161)
[2017.08.02-01.29.05:111][990]LogModuleManager: Shutting down and abandoning module KismetCompiler (158)
[2017.08.02-01.29.05:111][990]LogModuleManager: Shutting down and abandoning module LevelSequence (156)
[2017.08.02-01.29.05:111][990]LogModuleManager: Shutting down and abandoning module PhysXFormats (154)
[2017.08.02-01.29.05:111][990]LogModuleManager: Shutting down and abandoning module MeshUtilities (152)
[2017.08.02-01.29.05:131][990]LogModuleManager: Shutting down and abandoning module SimplygonSwarm (151)
[2017.08.02-01.29.05:145][990]LogModuleManager: Shutting down and abandoning module SimplygonMeshReduction (149)
[2017.08.02-01.29.05:145][990]LogModuleManager: Shutting down and abandoning module QuadricMeshReduction (147)
[2017.08.02-01.29.05:157][990]LogModuleManager: Shutting down and abandoning module DerivedDataCache (144)
[2017.08.02-01.29.05:218][990]LogDerivedDataCache: Shutdown
[2017.08.02-01.29.05:218][990]LogModuleManager: Shutting down and abandoning module TargetPlatform (142)
[2017.08.02-01.29.05:218][990]LogModuleManager: Shutting down and abandoning module VulkanShaderFormat (141)
[2017.08.02-01.29.05:229][990]LogModuleManager: Shutting down and abandoning module ShaderFormatVectorVM (139)
[2017.08.02-01.29.05:236][990]LogModuleManager: Shutting down and abandoning module ShaderFormatOpenGL (137)
[2017.08.02-01.29.05:246][990]LogModuleManager: Shutting down and abandoning module ShaderFormatD3D (135)
[2017.08.02-01.29.05:246][990]LogModuleManager: Shutting down and abandoning module MetalShaderFormat (133)
[2017.08.02-01.29.05:269][990]LogModuleManager: Shutting down and abandoning module TextureFormatUncompressed (131)
[2017.08.02-01.29.05:269][990]LogModuleManager: Shutting down and abandoning module TextureFormatPVR (129)
[2017.08.02-01.29.05:269][990]LogModuleManager: Shutting down and abandoning module TextureFormatDXT (127)
[2017.08.02-01.29.05:269][990]LogModuleManager: Shutting down and abandoning module TextureFormatIntelISPCTexComp (125)
[2017.08.02-01.29.05:269][990]LogModuleManager: Shutting down and abandoning module TextureFormatASTC (123)
[2017.08.02-01.29.05:269][990]LogModuleManager: Shutting down and abandoning module ImageWrapper (122)
[2017.08.02-01.29.05:269][990]LogModuleManager: Shutting down and abandoning module TextureFormatAndroid (119)
[2017.08.02-01.29.05:269][990]LogModuleManager: Shutting down and abandoning module AudioFormatOpus (117)
[2017.08.02-01.29.05:269][990]LogModuleManager: Shutting down and abandoning module AudioFormatOgg (115)
[2017.08.02-01.29.05:269][990]LogModuleManager: Shutting down and abandoning module AudioFormatADPCM (113)
[2017.08.02-01.29.05:269][990]LogModuleManager: Shutting down and abandoning module LinuxTargetPlatform (111)
[2017.08.02-01.29.05:269][990]LogModuleManager: Shutting down and abandoning module LinuxServerTargetPlatform (109)
[2017.08.02-01.29.05:269][990]LogModuleManager: Shutting down and abandoning module LinuxNoEditorTargetPlatform (107)
[2017.08.02-01.29.05:269][990]LogModuleManager: Shutting down and abandoning module LinuxClientTargetPlatform (105)
[2017.08.02-01.29.05:269][990]LogModuleManager: Shutting down and abandoning module TVOSTargetPlatform (103)
[2017.08.02-01.29.05:269][990]LogModuleManager: Shutting down and abandoning module Messaging (101)
[2017.08.02-01.29.05:269][990]LogModuleManager: Shutting down and abandoning module IOSTargetPlatform (99)
[2017.08.02-01.29.05:269][990]LogModuleManager: Shutting down and abandoning module HTML5TargetPlatform (97)
[2017.08.02-01.29.05:269][990]LogModuleManager: Shutting down and abandoning module Android_PVRTCTargetPlatform (95)
[2017.08.02-01.29.05:270][990]LogModuleManager: Shutting down and abandoning module Android_MultiTargetPlatform (93)
[2017.08.02-01.29.05:270][990]LogModuleManager: Shutting down and abandoning module Android_ETC2TargetPlatform (91)
[2017.08.02-01.29.05:270][990]LogModuleManager: Shutting down and abandoning module Android_ETC1TargetPlatform (89)
[2017.08.02-01.29.05:270][990]LogModuleManager: Shutting down and abandoning module Android_DXTTargetPlatform (87)
[2017.08.02-01.29.05:270][990]LogModuleManager: Shutting down and abandoning module Android_ATCTargetPlatform (85)
[2017.08.02-01.29.05:270][990]LogModuleManager: Shutting down and abandoning module Android_ASTCTargetPlatform (83)
[2017.08.02-01.29.05:270][990]LogModuleManager: Shutting down and abandoning module AndroidTargetPlatform (81)
[2017.08.02-01.29.05:270][990]LogModuleManager: Shutting down and abandoning module WindowsTargetPlatform (79)
[2017.08.02-01.29.05:270][990]LogModuleManager: Shutting down and abandoning module WindowsServerTargetPlatform (77)
[2017.08.02-01.29.05:270][990]LogModuleManager: Shutting down and abandoning module WindowsNoEditorTargetPlatform (75)
[2017.08.02-01.29.05:270][990]LogModuleManager: Shutting down and abandoning module WindowsClientTargetPlatform (73)
[2017.08.02-01.29.05:270][990]LogModuleManager: Shutting down and abandoning module MacTargetPlatform (71)
[2017.08.02-01.29.05:270][990]LogModuleManager: Shutting down and abandoning module MacServerTargetPlatform (69)
[2017.08.02-01.29.05:270][990]LogModuleManager: Shutting down and abandoning module MacNoEditorTargetPlatform (67)
[2017.08.02-01.29.05:270][990]LogModuleManager: Shutting down and abandoning module MacClientTargetPlatform (65)
[2017.08.02-01.29.05:270][990]LogModuleManager: Shutting down and abandoning module AllDesktopTargetPlatform (63)
[2017.08.02-01.29.05:270][990]LogModuleManager: Shutting down and abandoning module InputCore (60)
[2017.08.02-01.29.05:270][990]LogModuleManager: Shutting down and abandoning module Settings (58)
[2017.08.02-01.29.05:270][990]LogModuleManager: Shutting down and abandoning module OculusRift (56)
[2017.08.02-01.29.05:280][990]LogModuleManager: Shutting down and abandoning module GearVRController (54)
[2017.08.02-01.29.05:280][990]LogModuleManager: Shutting down and abandoning module GearVR (52)
[2017.08.02-01.29.05:303][990]LogModuleManager: Shutting down and abandoning module ExampleDeviceProfileSelector (50)
[2017.08.02-01.29.05:303][990]LogModuleManager: Shutting down and abandoning module OnlineBlueprintSupport (48)
[2017.08.02-01.29.05:303][990]LogModuleManager: Shutting down and abandoning module OnlineSubsystem (44)
[2017.08.02-01.29.05:303][990]LogOnline:Display: Unloading online subsystem: NULL
[2017.08.02-01.29.05:344][990]LogModuleManager: Shutting down and abandoning module XMPP (43)
[2017.08.02-01.29.05:363][990]LogModuleManager: Shutting down and abandoning module HTTP (41)
[2017.08.02-01.29.05:363][990]LogHttp:Display: Http module shutting down, but needs to wait on 1 outstanding Http requests:
[2017.08.02-01.29.05:370][990]LogHttp:Display: 	verb=[POST] url=[https://datarouter.ol.epicgames.com/datarouter/api/v1/public/data?SessionID=%7BDBBA2B3F-4096-EE9E-C539-6CB82C67EAF6%7D&AppID=UEEditor.Rocket.Release&AppVersion=4.16.2-3514769%2B%2B%2BUE4%2BRelease-4.16&UserID=b674157049ff5d686f7dd79206b81724%7C18e788fe59b64e9283077b7c7a8a30f4%7C8f71e18e-72df-4785-b849-0b773ae68b60&AppEnvironment=datacollector-binary&UploadType=eteventstream] status=Processing
[2017.08.02-01.29.05:406][990]LogModuleManager: Shutting down and abandoning module SSL (40)
[2017.08.02-01.29.05:423][990]LogModuleManager: Shutting down and abandoning module HTTPChunkInstaller (36)
[2017.08.02-01.29.05:444][990]LogModuleManager: Shutting down and abandoning module AnimationModifiers (34)
[2017.08.02-01.29.05:456][990]LogModuleManager: Shutting down and abandoning module PropertyEditor (33)
[2017.08.02-01.29.05:456][990]LogModuleManager: Shutting down and abandoning module AudioEditor (30)
[2017.08.02-01.29.05:462][990]LogModuleManager: Shutting down and abandoning module TextureCompressor (28)
[2017.08.02-01.29.05:462][990]LogModuleManager: Shutting down and abandoning module ShaderCore (26)
[2017.08.02-01.29.05:463][990]LogModuleManager: Shutting down and abandoning module Landscape (24)
[2017.08.02-01.29.05:463][990]LogModuleManager: Shutting down and abandoning module SlateRHIRenderer (22)
[2017.08.02-01.29.05:484][990]LogModuleManager: Shutting down and abandoning module OpenGLDrv (20)
[2017.08.02-01.29.05:502][990]LogModuleManager: Shutting down and abandoning module D3D11RHI (18)
[2017.08.02-01.29.05:502][990]LogModuleManager: Shutting down and abandoning module AnimGraphRuntime (16)
[2017.08.02-01.29.05:512][990]LogModuleManager: Shutting down and abandoning module Renderer (14)
[2017.08.02-01.29.05:512][990]LogModuleManager: Shutting down and abandoning module Engine (12)
[2017.08.02-01.29.05:512][990]LogModuleManager: Shutting down and abandoning module CoreUObject (10)
[2017.08.02-01.29.05:512][990]LogModuleManager: Shutting down and abandoning module NetworkFile (8)
[2017.08.02-01.29.05:512][990]LogModuleManager: Shutting down and abandoning module StreamingFile (6)
[2017.08.02-01.29.05:512][990]LogModuleManager: Shutting down and abandoning module SandboxFile (4)
[2017.08.02-01.29.05:512][990]LogModuleManager: Shutting down and abandoning module PakFile (2)
[2017.08.02-01.29.05:517][990]LogExit: Exiting.
[2017.08.02-01.29.05:557][990]Log file closed, 08/01/17 21:29:05
