"../../../Despair/Content/Maps/TestMap01_BuiltData.uasset" 0
"../../../Despair/Content/Materials/M_FlatColor.uasset" 1
"../../../Despair/Content/Materials/MI_Platform01.uasset" 2
"../../../Engine/Content/Functions/Engine_MaterialFunctions01/Opacity/CameraDepthFade.uasset" 3
"../../../Engine/Content/EngineMaterials/T_Default_Material_Grid_M.uasset" 4
"../../../Engine/Content/EngineMaterials/T_Default_Material_Grid_N.uasset" 5
"../../../Engine/Content/EngineMaterials/WorldGridMaterial.uasset" 6
"../../../Engine/Content/BasicShapes/Cube.uasset" 7
"../../../Despair/Content/Blueprints/SwapCollisionBlock_Class.uasset" 8
"../../../Despair/Content/Materials/MI_Platform02.uasset" 9
"../../../Despair/Content/Blueprints/SwapCollisionBlock_Class_Child1.uasset" 10
"../../../Despair/Content/Materials/M_Glow.uasset" 11
"../../../Despair/Content/Materials/MI_GlowMoon1.uasset" 12
"../../../Despair/Content/Materials/M_WorldGradient.uasset" 13
"../../../Despair/Content/Materials/MI_IntroGradient.uasset" 14
"../../../Despair/Content/Materials/M_BackgroundDark.uasset" 15
"../../../Despair/Content/Materials/M_FlatColor_Inst.uasset" 16
"../../../Despair/Content/Materials/M_FlatColor_Pickup.uasset" 17
"../../../Despair/Content/Materials/M_Platform01_Brighten.uasset" 18
"../../../Engine/Content/Functions/Engine_MaterialFunctions02/Utility/BreakOutFloat2Components.uasset" 19
"../../../Engine/Content/Functions/Engine_MaterialFunctions02/Utility/VectorToRadialValue.uasset" 20
"../../../Despair/Content/Materials/M_RadialGlow.uasset" 21
"../../../Despair/Content/Materials/M_RadialGlow_Inst.uasset" 22
"../../../Despair/Content/Materials/M_WorldGradient_Inst.uasset" 23
"../../../Despair/Content/Textures/Background/T_Hills_01.uasset" 24
"../../../Despair/Content/Materials/T_TranslucentBackground_Inst_Inst.uasset" 25
"../../../Despair/Content/Textures/Background/T_Trees_01.uasset" 26
"../../../Despair/Content/Materials/Backgrounds/M_BackgroundMaster.uasset" 27
"../../../Despair/Content/Textures/Background/T_Trees_02.uasset" 28
"../../../Despair/Content/Materials/Backgrounds/T_TranslucentBackground_Inst.uasset" 29
"../../../Despair/Content/Textures/Background/T_Factory01.uasset" 30
"../../../Despair/Content/Materials/Backgrounds/MI_FactoryBackground.uasset" 31
"../../../Despair/Content/Materials/Backgrounds/MI_FactoryBackground1.uasset" 32
"../../../Despair/Content/Materials/Backgrounds/T_TranslucentBackground.uasset" 33
"../../../Despair/Content/Materials/MI_Checkpoint.uasset" 34
"../../../Despair/Content/Meshes/SM_Checkpoint.uasset" 35
"../../../Engine/Content/Functions/Engine_MaterialFunctions01/Density/ExponentialDensity.uasset" 36
"../../../Engine/Content/Functions/Engine_MaterialFunctions01/Gradient/RadialGradientExponential.uasset" 37
"../../../Despair/Content/Materials/M_Particle.uasset" 38
"../../../Despair/Content/Materials/M_Particle_Inst.uasset" 39
"../../../Despair/Content/Particles/P_Rain.uasset" 40
"../../../Despair/Content/StarterContent/Materials/M_Basic_Wall.uasset" 41
"../../../Despair/Content/StarterContent/Architecture/Pillar_50x500.uasset" 42
"../../../Despair/Content/StarterContent/Architecture/Wall_400x300.uasset" 43
"../../../Despair/Content/StarterContent/Architecture/Wall_400x400.uasset" 44
"../../../Despair/Content/StarterContent/Architecture/Wall_500x500.uasset" 45
"../../../Despair/Content/StarterContent/Architecture/Wall_Door_400x400.uasset" 46
"../../../Despair/Content/StarterContent/Architecture/Wall_Window_400x400.uasset" 47
"../../../Despair/Content/StarterContent/Audio/Light01_Cue.uasset" 48
"../../../Despair/Content/StarterContent/Audio/Light02_Cue.uasset" 49
"../../../Despair/Content/StarterContent/Audio/Explosion_Cue.uasset" 50
"../../../Despair/Content/StarterContent/Textures/T_Burst_M.uasset" 51
"../../../Despair/Content/StarterContent/Particles/Materials/M_Burst.uasset" 52
"../../../Despair/Content/StarterContent/Textures/T_Explosion_SubUV.uasset" 53
"../../../Despair/Content/StarterContent/Particles/Materials/M_explosion_subUV.uasset" 54
"../../../Despair/Content/StarterContent/Particles/Materials/m_flare_01.uasset" 55
"../../../Engine/Content/Functions/Engine_MaterialFunctions01/Gradient/RadialGradient.uasset" 56
"../../../Despair/Content/StarterContent/Particles/Materials/M_radial_ramp.uasset" 57
"../../../Despair/Content/StarterContent/Textures/T_Smoke_SubUV.uasset" 58
"../../../Despair/Content/StarterContent/Textures/T_Smoke_Tiled_D.uasset" 59
"../../../Despair/Content/StarterContent/Particles/Materials/M_smoke_subUV.uasset" 60
"../../../Despair/Content/StarterContent/Particles/P_Explosion.uasset" 61
"../../../Despair/Content/StarterContent/Blueprints/Blueprint_Effect_Explosion.uasset" 62
"../../../Engine/Content/EditorMeshes/ColorCalibrator/T_ColorGrid.uasset" 63
"../../../Despair/Content/StarterContent/Materials/M_ColorGrid_LowSpec.uasset" 64
"../../../Despair/Content/StarterContent/Textures/T_Bush_D.uasset" 65
"../../../Despair/Content/StarterContent/Textures/T_Bush_N.uasset" 66
"../../../Despair/Content/StarterContent/Props/Materials/M_Bush.uasset" 67
"../../../Despair/Content/StarterContent/Props/SM_Bush.uasset" 68
"../../../Despair/Content/StarterContent/Textures/T_Chair_M.uasset" 69
"../../../Despair/Content/StarterContent/Textures/T_Chair_N.uasset" 70
"../../../Despair/Content/StarterContent/Props/Materials/M_Chair.uasset" 71
"../../../Despair/Content/StarterContent/Props/SM_Couch.uasset" 72
"../../../Despair/Content/StarterContent/Props/Materials/M_MaterialSphere.uasset" 73
"../../../Despair/Content/StarterContent/Props/Materials/M_MaterialSphere_Plain.uasset" 74
"../../../Despair/Content/StarterContent/Props/SM_MatPreviewMesh_02.uasset" 75
"../../../Engine/Content/Functions/Engine_MaterialFunctions02/Utility/BlendAngleCorrectedNormals.uasset" 76
"../../../Despair/Content/StarterContent/Textures/T_Detail_Rocky_N.uasset" 77
"../../../Despair/Content/StarterContent/Textures/T_Rock_Basalt_D.uasset" 78
"../../../Despair/Content/StarterContent/Textures/T_RockMesh_M.uasset" 79
"../../../Despair/Content/StarterContent/Textures/T_RockMesh_N.uasset" 80
"../../../Despair/Content/StarterContent/Props/Materials/M_Rock.uasset" 81
"../../../Despair/Content/StarterContent/Props/SM_Rock.uasset" 82
"../../../Despair/Content/StarterContent/Textures/T_Shelf_M.uasset" 83
"../../../Despair/Content/StarterContent/Textures/T_Shelf_N.uasset" 84
"../../../Despair/Content/StarterContent/Props/Materials/M_Shelf.uasset" 85
"../../../Despair/Content/StarterContent/Props/SM_Shelf.uasset" 86
"../../../Despair/Content/StarterContent/Materials/M_Basic_Floor.uasset" 87
"../../../Despair/Content/StarterContent/Props/SM_Stairs.uasset" 88
"../../../Despair/Content/StarterContent/Shapes/Shape_Cone.uasset" 89
"../../../Despair/Content/StarterContent/Shapes/Shape_Cylinder.uasset" 90
"../../../Despair/Content/StarterContent/Shapes/Shape_NarrowCapsule.uasset" 91
"../../../Despair/Content/StarterContent/Shapes/Shape_Pipe.uasset" 92
"../../../Despair/Content/StarterContent/Shapes/Shape_Pipe_180.uasset" 93
"../../../Despair/Content/StarterContent/Shapes/Shape_Pipe_90.uasset" 94
"../../../Despair/Content/StarterContent/Shapes/Shape_Torus.uasset" 95
"../../../Despair/Content/StarterContent/Shapes/Shape_Trim.uasset" 96
"../../../Despair/Content/StarterContent/Shapes/Shape_Trim_90_In.uasset" 97
"../../../Despair/Content/StarterContent/Shapes/Shape_Trim_90_Out.uasset" 98
"../../../Despair/Content/StarterContent/Shapes/Shape_TriPyramid.uasset" 99
"../../../Despair/Content/StarterContent/Shapes/Shape_Tube.uasset" 100
"../../../Despair/Content/StarterContent/Shapes/Shape_Wedge_A.uasset" 101
"../../../Despair/Content/StarterContent/Shapes/Shape_Wedge_B.uasset" 102
"../../../Despair/Content/StarterContent/Shapes/Shape_WideCapsule.uasset" 103
"../../../Despair/Content/Textures/CharacterLedge.uasset" 104
"../../../Despair/Content/Textures/CharacterLedge_Sprite_0.uasset" 105
"../../../Despair/Content/Textures/CharacterLedge_Sprite_1.uasset" 106
"../../../Despair/Content/Textures/CharacterSheet01.uasset" 107
"../../../Despair/Content/Textures/CharacterSheet02.uasset" 108
"../../../Despair/Content/Textures/CharacterSprite.uasset" 109
"../../../Despair/Content/Textures/Character_Sprite.uasset" 110
"../../../Engine/Content/EngineMaterials/DefaultMaterial.uasset" 111
"../../../Engine/Content/BasicShapes/Cone.uasset" 112
"../../../Engine/Content/BasicShapes/Cylinder.uasset" 113
"../../../Engine/Content/BasicShapes/Plane.uasset" 114
"../../../Engine/Content/EditorLandscapeResources/DataLayer.uasset" 115
"../../../Engine/Content/EditorMaterials/GizmoMaterial.uasset" 116
"../../../Engine/Content/EditorMaterials/MAT_Groups_Toggle.uasset" 117
"../../../Engine/Content/EditorMaterials/MAT_Groups_Visibility.uasset" 118
"../../../Engine/Content/EditorMaterials/PreviewShadowIndicator.uasset" 119
"../../../Engine/Content/EditorMaterials/PreviewShadowIndicatorMaterial.uasset" 120
"../../../Engine/Content/EditorMaterials/AssetViewer/EpicQuadPanorama_CC+EV1.uasset" 121
"../../../Engine/Content/EditorMaterials/MatineeGroups/MAT_ColorTrack.uasset" 122
"../../../Engine/Content/EditorMaterials/MatineeGroups/MAT_Groups_Anim.uasset" 123
"../../../Engine/Content/EditorMaterials/MatineeGroups/MAT_Groups_AudioMaster.uasset" 124
"../../../Engine/Content/EditorMaterials/MatineeGroups/MAT_Groups_Director.uasset" 125
"../../../Engine/Content/EditorMaterials/MatineeGroups/MAT_Groups_Event.uasset" 126
"../../../Engine/Content/EditorMaterials/MatineeGroups/MAT_Groups_Fade.uasset" 127
"../../../Engine/Content/EditorMaterials/MatineeGroups/MAT_Groups_Float.uasset" 128
"../../../Engine/Content/EditorMaterials/MatineeGroups/MAT_Groups_Move.uasset" 129
"../../../Engine/Content/EditorMaterials/MatineeGroups/MAT_Groups_Slomo.uasset" 130
"../../../Engine/Content/EditorMaterials/MatineeGroups/MAT_Groups_Sound.uasset" 131
"../../../Engine/Content/EditorMaterials/MatineeGroups/MAT_Groups_Vector.uasset" 132
"../../../Engine/Content/EditorMaterials/ParticleSystems/PSysThumbnail_NoImage.uasset" 133
"../../../Engine/Content/EditorMaterials/ParticleSystems/PSysThumbnail_OOD.uasset" 134
"../../../Engine/Content/EditorMaterials/Camera/CineMat.uasset" 135
"../../../Engine/Content/EditorMaterials/Camera/MI_CineMat_Rig.uasset" 136
"../../../Engine/Content/EditorMeshes/Camera/SM_CraneRig_Arm.uasset" 137
"../../../Engine/Content/EditorMeshes/Camera/SM_CraneRig_Base.uasset" 138
"../../../Engine/Content/EditorMeshes/Camera/SM_CraneRig_Body.uasset" 139
"../../../Engine/Content/EditorMeshes/Camera/SM_CraneRig_Mount.uasset" 140
"../../../Engine/Content/EditorMeshes/Camera/SM_RailRig_Mount.uasset" 141
"../../../Engine/Content/EditorMeshes/Camera/SM_RailRig_Track.uasset" 142
"../../../Engine/Content/EditorResources/BSPVertex.uasset" 143
"../../../Engine/Content/EditorResources/EmptyActor.uasset" 144
"../../../Engine/Content/EditorResources/S_Actor.uasset" 145
"../../../Engine/Content/EditorResources/S_Trigger.uasset" 146
"../../../Engine/Content/EditorResources/AudioIcons/S_AudioComponent.uasset" 147
"../../../Engine/Content/EditorResources/AudioIcons/S_AudioComponent_AutoActivate.uasset" 148
"../../../Engine/Content/EditorResources/LightIcons/S_LightError.uasset" 149
"../../../Engine/Content/EditorResources/SequenceRecorder/Countdown.uasset" 150
"../../../Engine/Content/EditorResources/SequenceRecorder/RecordingIndicator.uasset" 151
"../../../Engine/Content/EditorSounds/Notifications/CompileFailed.uasset" 152
"../../../Engine/Content/EditorSounds/Notifications/CompileFailed_Cue.uasset" 153
"../../../Engine/Content/EditorSounds/Notifications/CompileSuccess.uasset" 154
"../../../Engine/Content/EditorSounds/Notifications/CompileStart_Cue.uasset" 155
"../../../Engine/Content/EditorSounds/Notifications/CompileSuccess_Cue.uasset" 156
"../../../Engine/Content/EngineDamageTypes/DmgTypeBP_Environmental.uasset" 157
"../../../Engine/Content/EngineDebugMaterials/HeatmapGradient.uasset" 158
"../../../Engine/Content/EngineDebugMaterials/BoneWeightMaterial.uasset" 159
"../../../Engine/Content/EngineDebugMaterials/ClothMaterial.uasset" 160
"../../../Engine/Content/EngineDebugMaterials/DebugMeshMaterial.uasset" 161
"../../../Engine/Content/EngineDebugMaterials/GeomMaterial.uasset" 162
"../../../Engine/Content/EngineFonts/Faces/RobotoBold.uasset" 163
"../../../Engine/Content/EngineFonts/Faces/RobotoBoldItalic.uasset" 164
"../../../Engine/Content/EngineFonts/Faces/RobotoItalic.uasset" 165
"../../../Engine/Content/EngineFonts/Faces/RobotoLight.uasset" 166
"../../../Engine/Content/EngineFonts/Faces/RobotoRegular.uasset" 167
"../../../Engine/Content/EngineFonts/Roboto.uasset" 168
"../../../Engine/Content/EngineFonts/Faces/RobotoTiny.uasset" 169
"../../../Engine/Content/EngineFonts/RobotoTiny.uasset" 170
"../../../Engine/Content/EngineMaterials/DefaultBloomKernel.uasset" 171
"../../../Engine/Content/EngineMaterials/DefaultBokeh.uasset" 172
"../../../Engine/Content/EngineMaterials/DefaultDiffuse.uasset" 173
"../../../Engine/Content/EngineMaterials/DefaultDeferredDecalMaterial.uasset" 174
"../../../Engine/Content/EngineMaterials/DefaultLightFunctionMaterial.uasset" 175
"../../../Engine/Content/EngineMaterials/DefaultPhysicalMaterial.uasset" 176
"../../../Engine/Content/EngineMaterials/DefaultPostProcessMaterial.uasset" 177
"../../../Engine/Content/EngineFonts/RobotoDistanceField.uasset" 178
"../../../Engine/Content/EngineMaterials/DefaultTextMaterialOpaque.uasset" 179
"../../../Engine/Content/EngineMaterials/DefaultWhiteGrid.uasset" 180
"../../../Engine/Content/EngineMaterials/EditorBrushMaterial.uasset" 181
"../../../Engine/Content/EngineMaterials/Good64x64TilingNoiseHighFreq.uasset" 182
"../../../Engine/Content/EngineMaterials/MiniFont.uasset" 183
"../../../Engine/Content/EngineMaterials/InvalidLightmapSettings.uasset" 184
"../../../Engine/Content/EngineMaterials/M_InvalidLightmapSettings.uasset" 185
"../../../Engine/Content/EngineMaterials/PhAT_JointLimitMaterial.uasset" 186
"../../../Engine/Content/EngineMaterials/PreintegratedSkinBRDF.uasset" 187
"../../../Engine/Content/EngineMaterials/RemoveSurfaceMaterial.uasset" 188
"../../../Engine/Content/EngineMaterials/WeightMapPlaceholderTexture.uasset" 189
"../../../Engine/Content/EngineResources/WhiteSquareTexture.uasset" 190
"../../../Engine/Content/EngineMaterials/Widget3DPassThrough.uasset" 191
"../../../Engine/Content/EngineMaterials/Widget3DPassThrough_Masked.uasset" 192
"../../../Engine/Content/EngineMaterials/Widget3DPassThrough_Opaque.uasset" 193
"../../../Engine/Content/EngineMaterials/Widget3DPassThrough_Masked_OneSided.uasset" 194
"../../../Engine/Content/EngineMaterials/Widget3DPassThrough_Opaque_OneSided.uasset" 195
"../../../Engine/Content/EngineMaterials/Widget3DPassThrough_Translucent.uasset" 196
"../../../Engine/Content/EngineMaterials/Widget3DPassThrough_Translucent_OneSided.uasset" 197
"../../../Engine/Content/EngineMeshes/Cube.uasset" 198
"../../../Engine/Content/EngineMeshes/Cylinder.uasset" 199
"../../../Engine/Content/EngineMeshes/Sphere.uasset" 200
"../../../Engine/Content/EngineResources/Black.uasset" 201
"../../../Engine/Content/EngineResources/DefaultTexture.uasset" 202
"../../../Engine/Content/EngineResources/DefaultTextureCube.uasset" 203
"../../../Engine/Content/EngineResources/GradientTexture0.uasset" 204
"../../../Engine/Content/EngineSounds/Master.uasset" 205
"../../../Engine/Content/Functions/Engine_MaterialFunctions01/Shading/ConvertFromDiffSpec.uasset" 206
"../../../Engine/Content/Functions/Engine_MaterialFunctions01/Shading/PowerToRoughness.uasset" 207
"../../../Engine/Content/Maps/Templates/Thumbnails/Default.uasset" 208
"../../../Engine/Content/Maps/Templates/Thumbnails/VR-Basic.uasset" 209
"../../../Engine/Content/MobileResources/T_MobileControls_texture.uasset" 210
"../../../Engine/Content/MobileResources/T_MobileMenu2.uasset" 211
"../../../Engine/Content/MobileResources/HUD/AnalogHat.uasset" 212
"../../../Engine/Content/MobileResources/HUD/VirtualJoystick_Background.uasset" 213
"../../../Engine/Content/MobileResources/HUD/VirtualJoystick_Thumb.uasset" 214
"../../../Engine/Content/MobileResources/HUD/DefaultVirtualJoysticks.uasset" 215
"../../../Engine/Content/MobileResources/HUD/LeftVirtualJoystickOnly.uasset" 216
"../../../Engine/Content/MobileResources/HUD/MobileHUDButton1_off.uasset" 217
"../../../Engine/Content/MobileResources/HUD/MobileHUDButton1_on.uasset" 218
"../../../Engine/Content/MobileResources/HUD/MobileHUDButton2_off.uasset" 219
"../../../Engine/Content/MobileResources/HUD/MobileHUDButton2_on.uasset" 220
"../../../Engine/Content/MobileResources/HUD/MobileHUDButton3.uasset" 221
"../../../Engine/Content/MobileResources/HUD/MobileHUDButtonFire.uasset" 222
"../../../Engine/Content/MobileResources/HUD/MobileHUDDirectionPad.uasset" 223
"../../../Engine/Content/MobileResources/HUD/MobileHUDDirectionPad2.uasset" 224
"../../../Engine/Content/MobileResources/HUD/MobileHUDDirectionPad3.uasset" 225
"../../../Engine/Content/MobileResources/HUD/MobileHUDDirectionStick.uasset" 226
"../../../Engine/Content/MobileResources/HUD/T_Castle_ThumbstickInner.uasset" 227
"../../../Engine/Content/MobileResources/HUD/T_Castle_ThumbstickOutter.uasset" 228
"../../../Engine/Content/Tutorial/ContentIntroCurve.uasset" 229
"../../../Engine/Content/Tutorial/Basics/TutorialAssets/icon_tab_Levels_40x.uasset" 230
"../../../Engine/Content/Tutorial/BlueprintTutorials/TutorialAssets/BlueprintInterface_64x.uasset" 231
"../../../Engine/Content/Tutorial/BlueprintTutorials/TutorialAssets/BlueprintMacroLibrary_64x.uasset" 232
"../../../Engine/Content/Tutorial/BlueprintTutorials/TutorialAssets/Blueprint_64x.uasset" 233
"../../../Engine/Content/Tutorial/BlueprintTutorials/TutorialAssets/Tutorial_BP_Interface.uasset" 234
"../../../Engine/Content/Tutorial/Foliage/TutorialAssets/Foliage.uasset" 235
"../../../Engine/Content/Tutorial/Landscape/TutorialAssets/Landscape.uasset" 236
"../../../Engine/Content/Tutorial/Paper2D/TutorialAssets/Paper2DFlipbook_TutorialIcon.uasset" 237
"../../../Engine/Content/Tutorial/Paper2D/TutorialAssets/Paper2DSprite_TutorialIcon.uasset" 238
"../../../Engine/Content/Tutorial/SubEditors/TutorialAssets/icon_Editor_Preferences_General_40x.uasset" 239
"../../../Engine/Content/Tutorial/SubEditors/TutorialAssets/icon_ShowSkeletalMeshes_40x.uasset" 240
"../../../Engine/Content/Tutorial/SubEditors/TutorialAssets/TutorialMaterial.uasset" 241
"../../../Engine/Content/Tutorial/SubEditors/TutorialAssets/T_SmokeSubUV_8X8.uasset" 242
"../../../Engine/Content/Tutorial/SubEditors/TutorialAssets/T_soft_smoke.uasset" 243
"../../../Engine/Content/Tutorial/SubEditors/TutorialAssets/M_smoke_subUV_blackbody.uasset" 244
"../../../Engine/Content/Tutorial/SubEditors/TutorialAssets/TutorialParticleSystem.uasset" 245
"../../../Engine/Content/EditorMeshes/EditorCube.uasset" 246
"../../../Engine/Content/Tutorial/SubEditors/TutorialAssets/Tutorial_DM.uasset" 247
"../../../Engine/Content/VREditor/Devices/Generic/GenericHMDMaterial.uasset" 248
"../../../Engine/Content/VREditor/Devices/Generic/GenericHMD.uasset" 249
"../../../Engine/Content/VREditor/FloatingText/LineMaterial.uasset" 250
"../../../Engine/Content/VREditor/FloatingText/JointSphere.uasset" 251
"../../../Engine/Content/VREditor/FloatingText/LineSegmentCylinder.uasset" 252
"../../../Engine/Content/VREditor/Fonts/VRText_RobotoLarge.uasset" 253
"../../../Engine/Content/VREditor/Fonts/VRTextMaterial.uasset" 254
"../../../Engine/Content/VREditor/Fonts/TranslucentVRTextMaterial.uasset" 255
"../../../Engine/Content/VREditor/LaserPointer/VR_LaserPower_01.uasset" 256
"../../../Engine/Content/VREditor/TransformGizmo/TransformGizmoMaterial.uasset" 257
"../../../Engine/Content/VREditor/LaserPointer/HoverMaterial.uasset" 258
"../../../Engine/Content/VREditor/TransformGizmo/TranslucentTransformGizmoMaterial.uasset" 259
"../../../Engine/Content/VREditor/LaserPointer/TranslucentHoverMaterial.uasset" 260
"../../../Engine/Content/VREditor/LaserPointer/HoverMesh.uasset" 261
"../../../Engine/Content/VREditor/LaserPointer/LaserPointerMaterial.uasset" 262
"../../../Engine/Content/VREditor/LaserPointer/LaserPointerMaterialInst.uasset" 263
"../../../Engine/Content/VREditor/LaserPointer/TranslucentLaserPointerMaterialInst.uasset" 264
"../../../Engine/Content/VREditor/LaserPointer/LaserPointerMesh.uasset" 265
"../../../Engine/Content/VREditor/LaserPointer/LaserPointerMesh_End.uasset" 266
"../../../Engine/Content/VREditor/LaserPointer/LaserPointerMesh_Start.uasset" 267
"../../../Engine/Content/Functions/Engine_MaterialFunctions02/Utility/BreakOutFloat3Components.uasset" 268
"../../../Engine/Content/Functions/Engine_MaterialFunctions02/Math/Transform3x3Matrix.uasset" 269
"../../../Engine/Content/Functions/Engine_MaterialFunctions02/SplitComponents.uasset" 270
"../../../Engine/Content/Functions/Engine_MaterialFunctions02/Utility/MakeFloat3.uasset" 271
"../../../Engine/Content/VREditor/SnapGrid/SnapGridMaterial.uasset" 272
"../../../Engine/Content/VREditor/SnapGrid/SnapGridPlaneMesh.uasset" 273
"../../../Engine/Content/VREditor/Sounds/VR_teleport_Cue.uasset" 274
"../../../Engine/Content/VREditor/Sounds/UI/Click_on_Button_Cue.uasset" 275
"../../../Engine/Content/VREditor/Sounds/UI/Dockable_Window_Close.uasset" 276
"../../../Engine/Content/VREditor/Sounds/UI/Dockable_Window_Drop.uasset" 277
"../../../Engine/Content/VREditor/Sounds/UI/Dockable_Window_Open.uasset" 278
"../../../Engine/Content/VREditor/Sounds/UI/Dockable_Window_Pick_Up.uasset" 279
"../../../Engine/Content/VREditor/Sounds/UI/Drop_Item_From_ContentBrowser.uasset" 280
"../../../Engine/Content/VREditor/Sounds/UI/Floating_UI_Open-001.uasset" 281
"../../../Engine/Content/VREditor/Sounds/UI/Gizmo_Handle_Clicked.uasset" 282
"../../../Engine/Content/VREditor/Sounds/UI/Object_PickUp.uasset" 283
"../../../Engine/Content/VREditor/Sounds/UI/Object_Snaps_To_Another_Actor.uasset" 284
"../../../Engine/Content/VREditor/Sounds/UI/Object_Snaps_To_Grid.uasset" 285
"../../../Engine/Content/VREditor/Sounds/UI/Radial_Menu_FadeOut.uasset" 286
"../../../Engine/Content/VREditor/Sounds/UI/Scaling_Down.uasset" 287
"../../../Engine/Content/VREditor/Sounds/UI/Scaling_Up.uasset" 288
"../../../Engine/Content/VREditor/Sounds/UI/Selection_Changes.uasset" 289
"../../../Engine/Content/VREditor/Sounds/UI/Teleport_Mode_Entered.uasset" 290
"../../../Engine/Content/VREditor/Teleport/TeleportDirectionMaterial.uasset" 291
"../../../Engine/Content/VREditor/Teleport/TeleportDirectionMaterial_Inst.uasset" 292
"../../../Engine/Content/VREditor/Teleport/TeleportDirectionMesh.uasset" 293
"../../../Engine/Content/VREditor/TransformGizmo/BoundingBoxCorner.uasset" 294
"../../../Engine/Content/VREditor/TransformGizmo/BoundingBoxEdge.uasset" 295
"../../../Engine/Content/VREditor/TransformGizmo/PlaneTranslationHandle.uasset" 296
"../../../Engine/Content/VREditor/TransformGizmo/RotationHandle.uasset" 297
"../../../Engine/Content/VREditor/TransformGizmo/RotationHandleFull.uasset" 298
"../../../Engine/Content/VREditor/TransformGizmo/RotationHandleIndicator.uasset" 299
"../../../Engine/Content/VREditor/TransformGizmo/RotationHandleQuarter.uasset" 300
"../../../Engine/Content/VREditor/TransformGizmo/Main.uasset" 301
"../../../Engine/Content/VREditor/TransformGizmo/Xray.uasset" 302
"../../../Engine/Content/VREditor/TransformGizmo/SM_Dialog_Close.uasset" 303
"../../../Engine/Content/VREditor/TransformGizmo/SM_Dialog_Move.uasset" 304
"../../../Engine/Content/VREditor/TransformGizmo/SM_Sequencer_Key.uasset" 305
"../../../Engine/Content/VREditor/TransformGizmo/StartRotationHandleIndicator.uasset" 306
"../../../Engine/Content/VREditor/TransformGizmo/TransformGizmoMaterial_Inst.uasset" 307
"../../../Engine/Content/VREditor/TransformGizmo/TranslateArrowHandle.uasset" 308
"../../../Engine/Content/VREditor/TransformGizmo/TranslationHandle.uasset" 309
"../../../Engine/Content/VREditor/TransformGizmo/TranslucentTransformGizmoMaterial_Inst.uasset" 310
"../../../Engine/Content/VREditor/TransformGizmo/UniformScaleHandle.uasset" 311
"../../../Engine/Content/VREditor/UI/KeyDiskMaterial.uasset" 312
"../../../Engine/Content/VREditor/UI/DiscMaterial.uasset" 313
"../../../Engine/Content/VREditor/UI/SM_Radial_Disk.uasset" 314
"../../../Engine/Content/VREditor/WorldMovementGrid/SimpleGrid.uasset" 315
"../../../Engine/Content/VREditor/WorldMovementGrid/GridMaterial.uasset" 316
"../../../Engine/Content/VREditor/WorldMovementGrid/GridPostProcess.uasset" 317
"../../../Engine/Content/EditorLandscapeResources/FlattenHeightMat.uasset" 318
"../../../Engine/Content/VREditor/WorldMovementGrid/PlaneMesh.uasset" 319
"../../../Engine/Plugins/2D/Paper2D/Content/DummySprite.uasset" 320
"../../../Engine/Plugins/2D/Paper2D/Content/DefaultPaperTerrainMaterial.uasset" 321
"../../../Engine/Plugins/2D/Paper2D/Content/DefaultSpriteMaterial.uasset" 322
"../../../Engine/Plugins/2D/Paper2D/Content/MaskedUnlitSpriteMaterial.uasset" 323
"../../../Engine/Plugins/2D/Paper2D/Content/OpaqueUnlitSpriteMaterial.uasset" 324
"../../../Engine/Plugins/2D/Paper2D/Content/PlaceholderTextures/DummySpriteTexture.uasset" 325
"../../../Engine/Plugins/Runtime/GearVR/Content/Textures/GearVRController_AO.uasset" 326
"../../../Engine/Plugins/Runtime/GearVR/Content/Textures/GearVRController_Color.uasset" 327
"../../../Engine/Plugins/Runtime/GearVR/Content/Textures/GearVRController_Normal.uasset" 328
"../../../Engine/Plugins/Runtime/GearVR/Content/Materials/GearVRControllerMaterial.uasset" 329
"../../../Engine/Plugins/Runtime/GearVR/Content/Meshes/GearVrController.uasset" 330
"../../../Engine/Content/EditorBlueprintResources/StandardMacros.uasset" 331
"../../../Engine/Content/EngineSky/C_Sky_Cloud_Color.uasset" 332
"../../../Engine/Content/EngineSky/C_Sky_Horizon_Color.uasset" 333
"../../../Engine/Content/EngineSky/C_Sky_Zenith_Color.uasset" 334
"../../../Engine/Content/EngineSky/T_Sky_Blue.uasset" 335
"../../../Engine/Content/EngineSky/T_Sky_Clouds_M.uasset" 336
"../../../Engine/Content/EngineSky/T_Sky_Stars.uasset" 337
"../../../Engine/Content/EngineSky/M_Sky_Panning_Clouds2.uasset" 338
"../../../Engine/Content/EngineSky/SM_SkySphere.uasset" 339
"../../../Engine/Content/EngineSky/BP_Sky_Sphere.uasset" 340
"../../../Despair/Content/Blueprints/GameInstance_BP.uasset" 341
"../../../Engine/Content/BasicShapes/BasicShapeMaterial.uasset" 342
"../../../Despair/Content/Materials/MI_PlayerCharacter.uasset" 343
"../../../Engine/Content/BasicShapes/Sphere.uasset" 344
"../../../Despair/Content/Blueprints/CharacterAnimState_Enum.uasset" 345
"../../../Despair/Content/Blueprints/Left_Right.uasset" 346
"../../../Despair/Content/Sounds/Death2Sound.uasset" 347
"../../../Despair/Content/Sounds/DeathSound.uasset" 348
"../../../Despair/Content/Sounds/JumpSound.uasset" 349
"../../../Despair/Content/Textures/Character_Death.uasset" 350
"../../../Despair/Content/Textures/Character_Death_Sprite.uasset" 351
"../../../Despair/Content/Textures/Character_Deathbook.uasset" 352
"../../../Despair/Content/Textures/CharacterFall.uasset" 353
"../../../Despair/Content/Textures/CharacterFall_Sprite.uasset" 354
"../../../Despair/Content/Textures/Character_Fall.uasset" 355
"../../../Despair/Content/Textures/CharacterSheet02_Sprite_0.uasset" 356
"../../../Despair/Content/Textures/CharacterSheet02_Sprite_1.uasset" 357
"../../../Despair/Content/Textures/CharacterSheet02_Sprite_2.uasset" 358
"../../../Despair/Content/Textures/Character_Idle.uasset" 359
"../../../Despair/Content/Textures/CharacterSheet02_Sprite_10.uasset" 360
"../../../Despair/Content/Textures/CharacterSheet02_Sprite_3.uasset" 361
"../../../Despair/Content/Textures/CharacterSheet02_Sprite_4.uasset" 362
"../../../Despair/Content/Textures/Character_Run.uasset" 363
"../../../Despair/Content/Textures/CharacterJump.uasset" 364
"../../../Despair/Content/Textures/CharacterLedge_Sprite_2.uasset" 365
"../../../Despair/Content/Textures/CharacterLedge_Sprite_3.uasset" 366
"../../../Despair/Content/Textures/CharacterLedge1.uasset" 367
"../../../Despair/Content/Blueprints/PlayerPawn2_BP.uasset" 368
"../../../Despair/Content/Meshes/SM_Saw.uasset" 369
"../../../Despair/Content/Blueprints/Saw_BP.uasset" 370
"../../../Despair/Content/Materials/MI_HeartGlow.uasset" 371
"../../../Despair/Content/Meshes/SM_Heart.uasset" 372
"../../../Despair/Content/Sounds/HeartGrab.uasset" 373
"../../../Despair/Content/Blueprints/BP_Pickup.uasset" 374
"../../../Despair/Content/Blueprints/SwapCollisionPlatform01.uasset" 375
"../../../Despair/Content/Sounds/Hope_Fades_-_Melody_Only.uasset" 376
"../../../Despair/Content/Blueprints/GameState_BP.uasset" 377
"../../../Despair/Content/Blueprints/PlayerController_BP.uasset" 378
"../../../Despair/Content/Blueprints/DespairGameMode_BP.uasset" 379
"../../../Despair/Content/Maps/EndLevel_BuiltData.uasset" 380
"../../../Despair/Content/Materials/MI_WorldGradient.uasset" 381
"../../../Despair/Content/Blueprints/EndScreen.uasset" 382
"../../../Despair/Content/Sounds/StartSound.uasset" 383
"../../../Despair/Content/StarterContent/Shapes/Shape_Plane.uasset" 384
"../../../Despair/Content/Textures/Character_cheering.uasset" 385
"../../../Despair/Content/Textures/Character_cheering_Sprite_5.uasset" 386
"../../../Despair/Content/Textures/Character_cheering_Sprite_6.uasset" 387
"../../../Despair/Content/Textures/Character_cheering_Sprite_7.uasset" 388
"../../../Despair/Content/Textures/Character_cheering_Sprite_8.uasset" 389
"../../../Despair/Content/Textures/Character_cheering_Sprite_9.uasset" 390
"../../../Despair/Content/Textures/Character_Cheer.uasset" 391
"../../../Despair/Content/Maps/EndLevel.umap" 392
"../../../Despair/Content/Blueprints/DeathVolume_BP.uasset" 393
"../../../Despair/Content/Sounds/DoorSound.uasset" 394
"../../../Despair/Content/StarterContent/Materials/M_Glass.uasset" 395
"../../../Despair/Content/StarterContent/Textures/T_Door_M.uasset" 396
"../../../Despair/Content/StarterContent/Textures/T_Door_N.uasset" 397
"../../../Despair/Content/StarterContent/Props/Materials/M_Door.uasset" 398
"../../../Despair/Content/StarterContent/Props/SM_Door.uasset" 399
"../../../Despair/Content/StarterContent/Textures/T_Frame_M.uasset" 400
"../../../Despair/Content/StarterContent/Textures/T_Frame_N.uasset" 401
"../../../Despair/Content/StarterContent/Props/Materials/M_Frame.uasset" 402
"../../../Despair/Content/StarterContent/Props/SM_DoorFrame.uasset" 403
"../../../Despair/Content/Blueprints/DoorExit_BP.uasset" 404
"../../../Despair/Content/Textures/Background/T_City01.uasset" 405
"../../../Despair/Content/Materials/Backgrounds/MI_CityBackground01.uasset" 406
"../../../Despair/Content/Maps/Level01.umap" 407
"../../../Despair/Content/Materials/Backgrounds/Hills_background.uasset" 408
"../../../Despair/Content/Materials/MI_GlowMoon.uasset" 409
"../../../Despair/Content/StarterContent/Shapes/Shape_Sphere.uasset" 410
"../../../Despair/Content/Maps/Level02.umap" 411
"../../../Despair/Content/Meshes/SM_Flag.uasset" 412
"../../../Despair/Content/Meshes/SM_FlagPole.uasset" 413
"../../../Despair/Content/Sounds/FlagSound.uasset" 414
"../../../Despair/Content/Blueprints/CheckPoint_BP.uasset" 415
"../../../Despair/Content/Materials/MI_GlowStars.uasset" 416
"../../../Despair/Content/StarterContent/Shapes/Shape_Cube.uasset" 417
"../../../Despair/Content/Maps/Level03.umap" 418
"../../../Despair/Content/Textures/Background/T_Ruins1.uasset" 419
"../../../Despair/Content/Materials/Backgrounds/MI_RuinsBackground.uasset" 420
"../../../Despair/Content/Textures/Background/T_Ruins2.uasset" 421
"../../../Despair/Content/Materials/Backgrounds/MI_RuinsBackground1.uasset" 422
"../../../Despair/Content/Textures/Background/T_Ruins3.uasset" 423
"../../../Despair/Content/Materials/Backgrounds/MI_RuinsBackground2.uasset" 424
"../../../Despair/Content/Materials/GlowSun.uasset" 425
"../../../Despair/Content/Maps/Level04.umap" 426
"../../../Despair/Content/Textures/Background/T_Cloud01.uasset" 427
"../../../Despair/Content/Materials/Backgrounds/MI_Cloud.uasset" 428
"../../../Despair/Content/Textures/Background/T_Flag01.uasset" 429
"../../../Despair/Content/Materials/Backgrounds/MI_FlagBackground.uasset" 430
"../../../Despair/Content/Maps/Level05.umap" 431
"../../../Despair/Content/Meshes/SM_Heart01.uasset" 432
"../../../Despair/Content/Meshes/SM_Heart02.uasset" 433
"../../../Despair/Content/Blueprints/IntroAnimation.uasset" 434
"../../../Despair/Content/Maps/StartLevel_BuiltData.uasset" 435
"../../../Despair/Content/Blueprints/StartMenu_BP.uasset" 436
"../../../Despair/Content/Maps/StartLevel.umap" 437
"../../../Despair/Content/Maps/TestMap02.umap" 438
"../../../Despair/Content/StarterContent/Blueprints/Assets/FogBrightnessLUT.uasset" 439
"../../../Despair/Content/StarterContent/Blueprints/Assets/SunlightColorLUT.uasset" 440
"../../../Despair/Content/StarterContent/Blueprints/Assets/M_LightStage_Arrows.uasset" 441
"../../../Engine/Content/MapTemplates/Sky/DaylightAmbientCubemap.uasset" 442
"../../../Despair/Content/StarterContent/Blueprints/Assets/M_LightStage_Skybox_Master.uasset" 443
"../../../Despair/Content/StarterContent/Blueprints/Assets/M_LightStage_Skybox_Black.uasset" 444
"../../../Despair/Content/StarterContent/Blueprints/Assets/M_LightStage_Skybox_HDRI.uasset" 445
"../../../Engine/Content/EditorMaterials/Thumbnails/SkySphereMaterial.uasset" 446
"../../../Despair/Content/StarterContent/Blueprints/Assets/Skybox.uasset" 447
"../../../Despair/Content/StarterContent/Blueprints/Assets/SM_Arrows.uasset" 448
"../../../Despair/Content/StarterContent/HDRI/HDRI_Epic_Courtyard_Daylight.uasset" 449
"../../../Despair/Content/StarterContent/Blueprints/BP_LightStudio.uasset" 450
"../../../Despair/Content/StarterContent/Maps/Advanced_Lighting_BuiltData.uasset" 451
"../../../Despair/Content/StarterContent/Materials/M_AssetPlatform.uasset" 452
"../../../Engine/Content/EditorMeshes/ColorCalibrator/M_ChromeBall.uasset" 453
"../../../Engine/Content/EditorMeshes/ColorCalibrator/M_ClearCoat.uasset" 454
"../../../Engine/Content/EditorMeshes/ColorCalibrator/M_ClearCoatBlack.uasset" 455
"../../../Engine/Content/EditorMeshes/ColorCalibrator/M_ColorGrid.uasset" 456
"../../../Engine/Content/EditorMeshes/ColorCalibrator/M_GreyBall.uasset" 457
"../../../Engine/Content/EditorMeshes/ColorCalibrator/SM_ColorCalibrator.uasset" 458
"../../../Despair/Content/StarterContent/Architecture/SM_AssetPlatform.uasset" 459
"../../../Despair/Content/StarterContent/Maps/Advanced_Lighting.umap" 460
"../../../Despair/Content/StarterContent/Maps/Minimal_Default_BuiltData.uasset" 461
"../../../Despair/Content/StarterContent/Textures/T_MacroVariation.uasset" 462
"../../../Despair/Content/StarterContent/Materials/M_Metal_Brushed_Nickel.uasset" 463
"../../../Despair/Content/StarterContent/Textures/T_Metal_Aluminum_D.uasset" 464
"../../../Despair/Content/StarterContent/Textures/T_Metal_Gold_N.uasset" 465
"../../../Despair/Content/StarterContent/Materials/M_Metal_Burnished_Steel.uasset" 466
"../../../Despair/Content/StarterContent/Textures/T_Metal_Copper_D.uasset" 467
"../../../Despair/Content/StarterContent/Materials/M_Metal_Copper.uasset" 468
"../../../Despair/Content/StarterContent/Textures/T_Statue_M.uasset" 469
"../../../Despair/Content/StarterContent/Textures/T_Statue_N.uasset" 470
"../../../Despair/Content/StarterContent/Props/Materials/M_StatueGlass.uasset" 471
"../../../Despair/Content/StarterContent/Architecture/Floor_400x400.uasset" 472
"../../../Despair/Content/StarterContent/Audio/Starter_Background_Cue.uasset" 473
"../../../Despair/Content/StarterContent/Props/SM_Chair.uasset" 474
"../../../Despair/Content/StarterContent/Props/Materials/M_Statue.uasset" 475
"../../../Despair/Content/StarterContent/Props/SM_Statue.uasset" 476
"../../../Despair/Content/StarterContent/Textures/T_TableRound_M.uasset" 477
"../../../Despair/Content/StarterContent/Textures/T_TableRound_N.uasset" 478
"../../../Despair/Content/StarterContent/Props/Materials/M_TableRound.uasset" 479
"../../../Despair/Content/StarterContent/Props/SM_TableRound.uasset" 480
"../../../Despair/Content/StarterContent/Maps/Minimal_Default.umap" 481
"../../../Despair/Content/StarterContent/Audio/Fire01_Cue.uasset" 482
"../../../Despair/Content/StarterContent/Textures/T_Fire_SubUV.uasset" 483
"../../../Despair/Content/StarterContent/Textures/T_Fire_Tiled_D.uasset" 484
"../../../Despair/Content/StarterContent/Particles/Materials/M_Fire_SubUV.uasset" 485
"../../../Despair/Content/StarterContent/Textures/T_Water_N.uasset" 486
"../../../Despair/Content/StarterContent/Particles/Materials/M_Heat_Distortion.uasset" 487
"../../../Despair/Content/StarterContent/Particles/Materials/M_Radial_Gradient.uasset" 488
"../../../Despair/Content/StarterContent/Particles/P_Fire.uasset" 489
"../../../Despair/Content/StarterContent/Blueprints/Blueprint_Effect_Fire.uasset" 490
"../../../Despair/Content/StarterContent/Audio/Smoke01_Cue.uasset" 491
"../../../Despair/Content/StarterContent/Particles/P_Smoke.uasset" 492
"../../../Despair/Content/StarterContent/Blueprints/Blueprint_Effect_Smoke.uasset" 493
"../../../Despair/Content/StarterContent/Audio/Fire_Sparks01_Cue.uasset" 494
"../../../Despair/Content/StarterContent/Textures/T_Spark_Core.uasset" 495
"../../../Despair/Content/StarterContent/Particles/Materials/M_Spark.uasset" 496
"../../../Despair/Content/StarterContent/Particles/P_Sparks.uasset" 497
"../../../Despair/Content/StarterContent/Blueprints/Blueprint_Effect_Sparks.uasset" 498
"../../../Despair/Content/StarterContent/Audio/Steam01_Cue.uasset" 499
"../../../Despair/Content/StarterContent/Particles/P_Steam_Lit.uasset" 500
"../../../Despair/Content/StarterContent/Blueprints/Blueprint_Effect_Steam.uasset" 501
"../../../Despair/Content/StarterContent/Textures/T_Lamp_M.uasset" 502
"../../../Despair/Content/StarterContent/Textures/T_Lamp_N.uasset" 503
"../../../Despair/Content/StarterContent/Props/Materials/M_Lamp.uasset" 504
"../../../Despair/Content/StarterContent/Props/SM_Lamp_Ceiling.uasset" 505
"../../../Despair/Content/StarterContent/Blueprints/Blueprint_CeilingLight.uasset" 506
"../../../Despair/Content/StarterContent/Props/SM_Lamp_Wall.uasset" 507
"../../../Despair/Content/StarterContent/Blueprints/Blueprint_WallSconce.uasset" 508
"../../../Despair/Content/StarterContent/Maps/StarterMap_BuiltData.uasset" 509
"../../../Engine/Content/Functions/Engine_MaterialFunctions03/Procedurals/ComputeFilterWidth.uasset" 510
"../../../Engine/Content/EngineMaterials/AntiAliasedTextMaterialTranslucent.uasset" 511
"../../../Despair/Content/StarterContent/Textures/T_Brick_Clay_Beveled_D.uasset" 512
"../../../Despair/Content/StarterContent/Textures/T_Brick_Clay_Beveled_M.uasset" 513
"../../../Despair/Content/StarterContent/Textures/T_Brick_Clay_Beveled_N.uasset" 514
"../../../Despair/Content/StarterContent/Materials/M_Brick_Clay_Beveled.uasset" 515
"../../../Despair/Content/StarterContent/Textures/T_Brick_Clay_New_D.uasset" 516
"../../../Despair/Content/StarterContent/Textures/T_Brick_Clay_New_M.uasset" 517
"../../../Despair/Content/StarterContent/Textures/T_Brick_Clay_New_N.uasset" 518
"../../../Despair/Content/StarterContent/Materials/M_Brick_Clay_New.uasset" 519
"../../../Despair/Content/StarterContent/Textures/T_Brick_Clay_Old_D.uasset" 520
"../../../Despair/Content/StarterContent/Textures/T_Brick_Clay_Old_N.uasset" 521
"../../../Despair/Content/StarterContent/Textures/T_Perlin_Noise_M.uasset" 522
"../../../Despair/Content/StarterContent/Materials/M_Brick_Clay_Old.uasset" 523
"../../../Despair/Content/StarterContent/Textures/T_Brick_Cut_Stone_D.uasset" 524
"../../../Despair/Content/StarterContent/Textures/T_Brick_Cut_Stone_N.uasset" 525
"../../../Despair/Content/StarterContent/Materials/M_Brick_Cut_Stone.uasset" 526
"../../../Despair/Content/StarterContent/Textures/T_Brick_Hewn_Stone_D.uasset" 527
"../../../Despair/Content/StarterContent/Textures/T_Brick_Hewn_Stone_M.uasset" 528
"../../../Despair/Content/StarterContent/Textures/T_Brick_Hewn_Stone_N.uasset" 529
"../../../Despair/Content/StarterContent/Materials/M_Brick_Hewn_Stone.uasset" 530
"../../../Despair/Content/StarterContent/Textures/T_Ceramic_Tile_M.uasset" 531
"../../../Despair/Content/StarterContent/Textures/T_Ceramic_Tile_N.uasset" 532
"../../../Despair/Content/StarterContent/Textures/T_Rock_Marble_Polished_D.uasset" 533
"../../../Despair/Content/StarterContent/Materials/M_Ceramic_Tile_Checker.uasset" 534
"../../../Despair/Content/StarterContent/Textures/T_CobbleStone_Pebble_D.uasset" 535
"../../../Despair/Content/StarterContent/Textures/T_CobbleStone_Pebble_M.uasset" 536
"../../../Despair/Content/StarterContent/Textures/T_CobbleStone_Pebble_N.uasset" 537
"../../../Despair/Content/StarterContent/Materials/M_CobbleStone_Pebble.uasset" 538
"../../../Despair/Content/StarterContent/Textures/T_CobbleStone_Rough_D.uasset" 539
"../../../Despair/Content/StarterContent/Textures/T_CobbleStone_Rough_N.uasset" 540
"../../../Despair/Content/StarterContent/Textures/T_Gradinet_01.uasset" 541
"../../../Despair/Content/StarterContent/Textures/T_Rock_Smooth_Granite_D.uasset" 542
"../../../Despair/Content/StarterContent/Materials/M_CobbleStone_Rough.uasset" 543
"../../../Despair/Content/StarterContent/Textures/T_CobbleStone_Smooth_D.uasset" 544
"../../../Despair/Content/StarterContent/Textures/T_CobbleStone_Smooth_M.uasset" 545
"../../../Despair/Content/StarterContent/Textures/T_CobbleStone_Smooth_N.uasset" 546
"../../../Despair/Content/StarterContent/Materials/M_CobbleStone_Smooth.uasset" 547
"../../../Despair/Content/StarterContent/Textures/T_Concrete_Grime_D.uasset" 548
"../../../Despair/Content/StarterContent/Textures/T_Metal_Rust_N.uasset" 549
"../../../Despair/Content/StarterContent/Materials/M_Concrete_Grime.uasset" 550
"../../../Despair/Content/StarterContent/Textures/T_Concrete_Panels_D.uasset" 551
"../../../Despair/Content/StarterContent/Textures/T_Concrete_Panels_N.uasset" 552
"../../../Despair/Content/StarterContent/Materials/M_Concrete_Panels.uasset" 553
"../../../Despair/Content/StarterContent/Textures/T_Concrete_Poured_D.uasset" 554
"../../../Despair/Content/StarterContent/Textures/T_Concrete_Poured_N.uasset" 555
"../../../Despair/Content/StarterContent/Materials/M_Concrete_Poured.uasset" 556
"../../../Despair/Content/StarterContent/Textures/T_Concrete_Tiles_D.uasset" 557
"../../../Despair/Content/StarterContent/Textures/T_Concrete_Tiles_M.uasset" 558
"../../../Despair/Content/StarterContent/Textures/T_Concrete_Tiles_N.uasset" 559
"../../../Despair/Content/StarterContent/Textures/T_Concrete_Tiles_Variation_M.uasset" 560
"../../../Despair/Content/StarterContent/Materials/M_Concrete_Tiles.uasset" 561
"../../../Despair/Content/StarterContent/Textures/T_Ground_Grass_D.uasset" 562
"../../../Despair/Content/StarterContent/Textures/T_Ground_Grass_N.uasset" 563
"../../../Despair/Content/StarterContent/Materials/M_Ground_Grass.uasset" 564
"../../../Despair/Content/StarterContent/Textures/T_Ground_Gravel_D.uasset" 565
"../../../Despair/Content/StarterContent/Textures/T_Ground_Gravel_N.uasset" 566
"../../../Despair/Content/StarterContent/Materials/M_Ground_Gravel.uasset" 567
"../../../Despair/Content/StarterContent/Textures/T_ground_Moss_D.uasset" 568
"../../../Despair/Content/StarterContent/Textures/T_Ground_Moss_N.uasset" 569
"../../../Despair/Content/StarterContent/Materials/M_Ground_Moss.uasset" 570
"../../../Despair/Content/StarterContent/Materials/M_Metal_Chrome.uasset" 571
"../../../Despair/Content/StarterContent/Textures/T_Metal_Gold_D.uasset" 572
"../../../Despair/Content/StarterContent/Materials/M_Metal_Gold.uasset" 573
"../../../Despair/Content/StarterContent/Textures/T_Metal_Rust_D.uasset" 574
"../../../Despair/Content/StarterContent/Materials/M_Metal_Rust.uasset" 575
"../../../Despair/Content/StarterContent/Textures/T_Metal_Steel_D.uasset" 576
"../../../Despair/Content/StarterContent/Textures/T_Metal_Steel_N.uasset" 577
"../../../Despair/Content/StarterContent/Materials/M_Metal_Steel.uasset" 578
"../../../Despair/Content/StarterContent/Textures/T_Rock_Basalt_N.uasset" 579
"../../../Despair/Content/StarterContent/Materials/M_Rock_Basalt.uasset" 580
"../../../Despair/Content/StarterContent/Materials/M_Rock_Marble_Polished.uasset" 581
"../../../Despair/Content/StarterContent/Textures/T_Rock_Sandstone_D.uasset" 582
"../../../Despair/Content/StarterContent/Textures/T_Rock_Sandstone_N.uasset" 583
"../../../Despair/Content/StarterContent/Materials/M_Rock_Sandstone.uasset" 584
"../../../Despair/Content/StarterContent/Textures/T_Rock_Slate_D.uasset" 585
"../../../Despair/Content/StarterContent/Textures/T_Rock_Slate_N.uasset" 586
"../../../Despair/Content/StarterContent/Materials/M_Rock_Slate.uasset" 587
"../../../Despair/Content/StarterContent/Textures/T_Checker_Noise_M.uasset" 588
"../../../Despair/Content/StarterContent/Textures/T_Single_Tile_N.uasset" 589
"../../../Despair/Content/StarterContent/Textures/T_Tech_Dot_M.uasset" 590
"../../../Despair/Content/StarterContent/Textures/T_Tech_Dot_N.uasset" 591
"../../../Despair/Content/StarterContent/Materials/M_Tech_Checker_Dot.uasset" 592
"../../../Despair/Content/StarterContent/Textures/T_Tech_Hex_Tile_M.uasset" 593
"../../../Despair/Content/StarterContent/Textures/T_Tech_Hex_Tile_N.uasset" 594
"../../../Despair/Content/StarterContent/Materials/M_Tech_Hex_Tile.uasset" 595
"../../../Despair/Content/StarterContent/Materials/M_Tech_Hex_Tile_Pulse.uasset" 596
"../../../Despair/Content/StarterContent/Textures/T_Tech_Panel_M.uasset" 597
"../../../Despair/Content/StarterContent/Textures/T_Tech_Panel_N.uasset" 598
"../../../Despair/Content/StarterContent/Materials/M_Tech_Panel.uasset" 599
"../../../Despair/Content/StarterContent/Materials/M_Water_Lake.uasset" 600
"../../../Despair/Content/StarterContent/Textures/T_Water_M.uasset" 601
"../../../Despair/Content/StarterContent/Materials/M_Water_Ocean.uasset" 602
"../../../Despair/Content/StarterContent/Textures/T_Wood_Floor_Walnut_D.uasset" 603
"../../../Despair/Content/StarterContent/Textures/T_Wood_Floor_Walnut_M.uasset" 604
"../../../Despair/Content/StarterContent/Textures/T_Wood_Floor_Walnut_N.uasset" 605
"../../../Despair/Content/StarterContent/Materials/M_Wood_Floor_Walnut_Polished.uasset" 606
"../../../Engine/Content/Functions/Engine_MaterialFunctions01/Opacity/AlphaOffset.uasset" 607
"../../../Despair/Content/StarterContent/Materials/M_Wood_Floor_Walnut_Worn.uasset" 608
"../../../Despair/Content/StarterContent/Textures/T_Wood_Oak_D.uasset" 609
"../../../Despair/Content/StarterContent/Textures/T_Wood_Oak_N.uasset" 610
"../../../Despair/Content/StarterContent/Materials/M_Wood_Oak.uasset" 611
"../../../Despair/Content/StarterContent/Textures/T_Wood_Pine_D.uasset" 612
"../../../Despair/Content/StarterContent/Textures/T_Wood_Pine_N.uasset" 613
"../../../Despair/Content/StarterContent/Materials/M_Wood_Pine.uasset" 614
"../../../Despair/Content/StarterContent/Textures/T_Wood_Walnut_D.uasset" 615
"../../../Despair/Content/StarterContent/Textures/T_Wood_Walnut_N.uasset" 616
"../../../Despair/Content/StarterContent/Materials/M_Wood_Walnut.uasset" 617
"../../../Despair/Content/StarterContent/Architecture/Wall_400x200.uasset" 618
"../../../Despair/Content/StarterContent/Architecture/Wall_Door_400x300.uasset" 619
"../../../Despair/Content/StarterContent/Architecture/Wall_Window_400x300.uasset" 620
"../../../Despair/Content/StarterContent/Audio/Collapse_Cue.uasset" 621
"../../../Despair/Content/StarterContent/Audio/Starter_Music_Cue.uasset" 622
"../../../Despair/Content/StarterContent/Textures/T_Dust_Particle_D.uasset" 623
"../../../Despair/Content/StarterContent/Particles/Materials/M_Dust_Particle.uasset" 624
"../../../Despair/Content/StarterContent/Particles/P_Ambient_Dust.uasset" 625
"../../../Despair/Content/StarterContent/Props/MaterialSphere.uasset" 626
"../../../Despair/Content/StarterContent/Props/SM_CornerFrame.uasset" 627
"../../../Despair/Content/StarterContent/Props/SM_GlassWindow.uasset" 628
"../../../Despair/Content/StarterContent/Props/SM_PillarFrame.uasset" 629
"../../../Despair/Content/StarterContent/Props/SM_PillarFrame300.uasset" 630
"../../../Despair/Content/StarterContent/Props/SM_WindowFrame.uasset" 631
"../../../Despair/Content/StarterContent/Shapes/Shape_QuadPyramid.uasset" 632
"../../../Despair/Content/StarterContent/Maps/StarterMap.umap" 633
"../../../Engine/Content/Maps/Entry.umap" 634
