"../../../Despair/Content/Maps/EndLevel_BuiltData.uasset" 0
"../../../Despair/Content/Maps/TestMap01_BuiltData.uasset" 1
"../../../Despair/Content/Blueprints/GameInstance_BP.uasset" 2
"../../../Despair/Content/Blueprints/EndScreen1.uasset" 3
"../../../Despair/Content/Materials/M_FlatColor.uasset" 4
"../../../Despair/Content/Materials/MI_Platform01.uasset" 5
"../../../Engine/Content/Functions/Engine_MaterialFunctions01/Opacity/CameraDepthFade.uasset" 6
"../../../Engine/Content/EngineMaterials/T_Default_Material_Grid_M.uasset" 7
"../../../Engine/Content/EngineMaterials/T_Default_Material_Grid_N.uasset" 8
"../../../Engine/Content/EngineMaterials/WorldGridMaterial.uasset" 9
"../../../Engine/Content/BasicShapes/Cube.uasset" 10
"../../../Despair/Content/Blueprints/SwapCollisionBlock_Class.uasset" 11
"../../../Despair/Content/Materials/MI_Platform02.uasset" 12
"../../../Despair/Content/Blueprints/SwapCollisionBlock_Class_Child1.uasset" 13
"../../../Despair/Content/Materials/M_Glow.uasset" 14
"../../../Despair/Content/Materials/MI_GlowMoon1.uasset" 15
"../../../Despair/Content/Materials/M_WorldGradient.uasset" 16
"../../../Despair/Content/Materials/MI_IntroGradient.uasset" 17
"../../../Despair/Content/Materials/M_BackgroundDark.uasset" 18
"../../../Despair/Content/Materials/M_FlatColor_Inst.uasset" 19
"../../../Despair/Content/Materials/M_FlatColor_Pickup.uasset" 20
"../../../Despair/Content/Materials/M_Platform01_Brighten.uasset" 21
"../../../Engine/Content/Functions/Engine_MaterialFunctions02/Utility/BreakOutFloat2Components.uasset" 22
"../../../Engine/Content/Functions/Engine_MaterialFunctions02/Utility/VectorToRadialValue.uasset" 23
"../../../Despair/Content/Materials/M_RadialGlow.uasset" 24
"../../../Despair/Content/Materials/M_RadialGlow_Inst.uasset" 25
"../../../Despair/Content/Materials/M_WorldGradient_Inst.uasset" 26
"../../../Despair/Content/Textures/Background/T_Hills_01.uasset" 27
"../../../Despair/Content/Materials/T_TranslucentBackground_Inst_Inst.uasset" 28
"../../../Despair/Content/Textures/Background/T_Trees_01.uasset" 29
"../../../Despair/Content/Materials/Backgrounds/M_BackgroundMaster.uasset" 30
"../../../Despair/Content/Textures/Background/T_Trees_02.uasset" 31
"../../../Despair/Content/Materials/Backgrounds/T_TranslucentBackground_Inst.uasset" 32
"../../../Despair/Content/Textures/Background/T_Factory01.uasset" 33
"../../../Despair/Content/Materials/Backgrounds/MI_FactoryBackground.uasset" 34
"../../../Despair/Content/Materials/Backgrounds/MI_FactoryBackground1.uasset" 35
"../../../Despair/Content/Materials/Backgrounds/T_TranslucentBackground.uasset" 36
"../../../Despair/Content/Materials/MI_Checkpoint.uasset" 37
"../../../Despair/Content/Meshes/SM_Checkpoint.uasset" 38
"../../../Engine/Content/Functions/Engine_MaterialFunctions01/Density/ExponentialDensity.uasset" 39
"../../../Engine/Content/Functions/Engine_MaterialFunctions01/Gradient/RadialGradientExponential.uasset" 40
"../../../Despair/Content/Materials/M_Particle.uasset" 41
"../../../Despair/Content/Materials/M_Particle_Inst.uasset" 42
"../../../Despair/Content/Particles/P_Rain.uasset" 43
"../../../Despair/Content/StarterContent/Materials/M_Basic_Wall.uasset" 44
"../../../Despair/Content/StarterContent/Shapes/Shape_Cone.uasset" 45
"../../../Despair/Content/StarterContent/Shapes/Shape_Cylinder.uasset" 46
"../../../Despair/Content/StarterContent/Shapes/Shape_NarrowCapsule.uasset" 47
"../../../Despair/Content/StarterContent/Shapes/Shape_Pipe.uasset" 48
"../../../Despair/Content/StarterContent/Shapes/Shape_Pipe_180.uasset" 49
"../../../Despair/Content/StarterContent/Shapes/Shape_Pipe_90.uasset" 50
"../../../Despair/Content/StarterContent/Shapes/Shape_QuadPyramid.uasset" 51
"../../../Despair/Content/StarterContent/Shapes/Shape_Torus.uasset" 52
"../../../Despair/Content/StarterContent/Shapes/Shape_Trim.uasset" 53
"../../../Despair/Content/StarterContent/Shapes/Shape_Trim_90_In.uasset" 54
"../../../Despair/Content/StarterContent/Shapes/Shape_Trim_90_Out.uasset" 55
"../../../Despair/Content/StarterContent/Shapes/Shape_TriPyramid.uasset" 56
"../../../Despair/Content/StarterContent/Shapes/Shape_Tube.uasset" 57
"../../../Despair/Content/StarterContent/Shapes/Shape_Wedge_A.uasset" 58
"../../../Despair/Content/StarterContent/Shapes/Shape_Wedge_B.uasset" 59
"../../../Despair/Content/StarterContent/Shapes/Shape_WideCapsule.uasset" 60
"../../../Despair/Content/Textures/CharacterLedge.uasset" 61
"../../../Despair/Content/Textures/CharacterLedge_Sprite_0.uasset" 62
"../../../Despair/Content/Textures/CharacterLedge_Sprite_1.uasset" 63
"../../../Despair/Content/Textures/CharacterSheet01.uasset" 64
"../../../Despair/Content/Textures/CharacterSheet02.uasset" 65
"../../../Despair/Content/Textures/CharacterSprite.uasset" 66
"../../../Despair/Content/Textures/Character_Sprite.uasset" 67
"../../../Engine/Content/EngineMaterials/DefaultMaterial.uasset" 68
"../../../Engine/Content/BasicShapes/Cone.uasset" 69
"../../../Engine/Content/BasicShapes/Cylinder.uasset" 70
"../../../Engine/Content/BasicShapes/Plane.uasset" 71
"../../../Engine/Content/EditorLandscapeResources/DataLayer.uasset" 72
"../../../Engine/Content/EditorMaterials/GizmoMaterial.uasset" 73
"../../../Engine/Content/EditorMaterials/MAT_Groups_Toggle.uasset" 74
"../../../Engine/Content/EditorMaterials/MAT_Groups_Visibility.uasset" 75
"../../../Engine/Content/EditorMaterials/PreviewShadowIndicator.uasset" 76
"../../../Engine/Content/EditorMaterials/PreviewShadowIndicatorMaterial.uasset" 77
"../../../Engine/Content/EditorMaterials/AssetViewer/EpicQuadPanorama_CC+EV1.uasset" 78
"../../../Engine/Content/EditorMaterials/MatineeGroups/MAT_ColorTrack.uasset" 79
"../../../Engine/Content/EditorMaterials/MatineeGroups/MAT_Groups_Anim.uasset" 80
"../../../Engine/Content/EditorMaterials/MatineeGroups/MAT_Groups_AudioMaster.uasset" 81
"../../../Engine/Content/EditorMaterials/MatineeGroups/MAT_Groups_Director.uasset" 82
"../../../Engine/Content/EditorMaterials/MatineeGroups/MAT_Groups_Event.uasset" 83
"../../../Engine/Content/EditorMaterials/MatineeGroups/MAT_Groups_Fade.uasset" 84
"../../../Engine/Content/EditorMaterials/MatineeGroups/MAT_Groups_Float.uasset" 85
"../../../Engine/Content/EditorMaterials/MatineeGroups/MAT_Groups_Move.uasset" 86
"../../../Engine/Content/EditorMaterials/MatineeGroups/MAT_Groups_Slomo.uasset" 87
"../../../Engine/Content/EditorMaterials/MatineeGroups/MAT_Groups_Sound.uasset" 88
"../../../Engine/Content/EditorMaterials/MatineeGroups/MAT_Groups_Vector.uasset" 89
"../../../Engine/Content/EditorMaterials/ParticleSystems/PSysThumbnail_NoImage.uasset" 90
"../../../Engine/Content/EditorMaterials/ParticleSystems/PSysThumbnail_OOD.uasset" 91
"../../../Engine/Content/EditorMaterials/Camera/CineMat.uasset" 92
"../../../Engine/Content/EditorMaterials/Camera/MI_CineMat_Rig.uasset" 93
"../../../Engine/Content/EditorMeshes/Camera/SM_CraneRig_Arm.uasset" 94
"../../../Engine/Content/EditorMeshes/Camera/SM_CraneRig_Base.uasset" 95
"../../../Engine/Content/EditorMeshes/Camera/SM_CraneRig_Body.uasset" 96
"../../../Engine/Content/EditorMeshes/Camera/SM_CraneRig_Mount.uasset" 97
"../../../Engine/Content/EditorMeshes/Camera/SM_RailRig_Mount.uasset" 98
"../../../Engine/Content/EditorMeshes/Camera/SM_RailRig_Track.uasset" 99
"../../../Engine/Content/EditorMeshes/ColorCalibrator/M_ChromeBall.uasset" 100
"../../../Engine/Content/EditorMeshes/ColorCalibrator/M_ClearCoat.uasset" 101
"../../../Engine/Content/EditorMeshes/ColorCalibrator/M_ClearCoatBlack.uasset" 102
"../../../Engine/Content/EditorMeshes/ColorCalibrator/T_ColorGrid.uasset" 103
"../../../Engine/Content/EditorMeshes/ColorCalibrator/M_ColorGrid.uasset" 104
"../../../Engine/Content/EditorMeshes/ColorCalibrator/M_GreyBall.uasset" 105
"../../../Engine/Content/EditorMeshes/ColorCalibrator/SM_ColorCalibrator.uasset" 106
"../../../Engine/Content/EditorResources/BSPVertex.uasset" 107
"../../../Engine/Content/EditorResources/EmptyActor.uasset" 108
"../../../Engine/Content/EditorResources/S_Actor.uasset" 109
"../../../Engine/Content/EditorResources/S_Trigger.uasset" 110
"../../../Engine/Content/EditorResources/LightIcons/S_LightError.uasset" 111
"../../../Engine/Content/EditorResources/SequenceRecorder/Countdown.uasset" 112
"../../../Engine/Content/EditorResources/SequenceRecorder/RecordingIndicator.uasset" 113
"../../../Engine/Content/EditorSounds/Notifications/CompileFailed.uasset" 114
"../../../Engine/Content/EditorSounds/Notifications/CompileFailed_Cue.uasset" 115
"../../../Engine/Content/EditorSounds/Notifications/CompileSuccess.uasset" 116
"../../../Engine/Content/EditorSounds/Notifications/CompileStart_Cue.uasset" 117
"../../../Engine/Content/EditorSounds/Notifications/CompileSuccess_Cue.uasset" 118
"../../../Engine/Content/EngineDamageTypes/DmgTypeBP_Environmental.uasset" 119
"../../../Engine/Content/EngineDebugMaterials/HeatmapGradient.uasset" 120
"../../../Engine/Content/EngineDebugMaterials/BoneWeightMaterial.uasset" 121
"../../../Engine/Content/EngineDebugMaterials/ClothMaterial.uasset" 122
"../../../Engine/Content/EngineDebugMaterials/DebugMeshMaterial.uasset" 123
"../../../Engine/Content/EngineDebugMaterials/GeomMaterial.uasset" 124
"../../../Engine/Content/EngineFonts/Faces/RobotoBold.uasset" 125
"../../../Engine/Content/EngineFonts/Faces/RobotoBoldItalic.uasset" 126
"../../../Engine/Content/EngineFonts/Faces/RobotoItalic.uasset" 127
"../../../Engine/Content/EngineFonts/Faces/RobotoLight.uasset" 128
"../../../Engine/Content/EngineFonts/Faces/RobotoRegular.uasset" 129
"../../../Engine/Content/EngineFonts/Roboto.uasset" 130
"../../../Engine/Content/EngineFonts/Faces/RobotoTiny.uasset" 131
"../../../Engine/Content/EngineFonts/RobotoTiny.uasset" 132
"../../../Engine/Content/EngineMaterials/DefaultBloomKernel.uasset" 133
"../../../Engine/Content/EngineMaterials/DefaultBokeh.uasset" 134
"../../../Engine/Content/EngineMaterials/DefaultDiffuse.uasset" 135
"../../../Engine/Content/EngineMaterials/DefaultDeferredDecalMaterial.uasset" 136
"../../../Engine/Content/EngineMaterials/DefaultLightFunctionMaterial.uasset" 137
"../../../Engine/Content/EngineMaterials/DefaultPhysicalMaterial.uasset" 138
"../../../Engine/Content/EngineMaterials/DefaultPostProcessMaterial.uasset" 139
"../../../Engine/Content/EngineFonts/RobotoDistanceField.uasset" 140
"../../../Engine/Content/EngineMaterials/DefaultTextMaterialOpaque.uasset" 141
"../../../Engine/Content/EngineMaterials/DefaultWhiteGrid.uasset" 142
"../../../Engine/Content/EngineMaterials/EditorBrushMaterial.uasset" 143
"../../../Engine/Content/EngineMaterials/Good64x64TilingNoiseHighFreq.uasset" 144
"../../../Engine/Content/EngineMaterials/MiniFont.uasset" 145
"../../../Engine/Content/EngineMaterials/InvalidLightmapSettings.uasset" 146
"../../../Engine/Content/EngineMaterials/M_InvalidLightmapSettings.uasset" 147
"../../../Engine/Content/EngineMaterials/PhAT_JointLimitMaterial.uasset" 148
"../../../Engine/Content/EngineMaterials/PreintegratedSkinBRDF.uasset" 149
"../../../Engine/Content/EngineMaterials/RemoveSurfaceMaterial.uasset" 150
"../../../Engine/Content/EngineMaterials/WeightMapPlaceholderTexture.uasset" 151
"../../../Engine/Content/EngineResources/WhiteSquareTexture.uasset" 152
"../../../Engine/Content/EngineMaterials/Widget3DPassThrough.uasset" 153
"../../../Engine/Content/EngineMaterials/Widget3DPassThrough_Masked.uasset" 154
"../../../Engine/Content/EngineMaterials/Widget3DPassThrough_Opaque.uasset" 155
"../../../Engine/Content/EngineMaterials/Widget3DPassThrough_Masked_OneSided.uasset" 156
"../../../Engine/Content/EngineMaterials/Widget3DPassThrough_Opaque_OneSided.uasset" 157
"../../../Engine/Content/EngineMaterials/Widget3DPassThrough_Translucent.uasset" 158
"../../../Engine/Content/EngineMaterials/Widget3DPassThrough_Translucent_OneSided.uasset" 159
"../../../Engine/Content/EngineMeshes/Cube.uasset" 160
"../../../Engine/Content/EngineMeshes/Cylinder.uasset" 161
"../../../Engine/Content/EngineMeshes/Sphere.uasset" 162
"../../../Engine/Content/EngineResources/Black.uasset" 163
"../../../Engine/Content/EngineResources/DefaultTexture.uasset" 164
"../../../Engine/Content/EngineResources/DefaultTextureCube.uasset" 165
"../../../Engine/Content/EngineResources/GradientTexture0.uasset" 166
"../../../Engine/Content/EngineSounds/Master.uasset" 167
"../../../Engine/Content/Functions/Engine_MaterialFunctions01/Shading/ConvertFromDiffSpec.uasset" 168
"../../../Engine/Content/Functions/Engine_MaterialFunctions01/Shading/PowerToRoughness.uasset" 169
"../../../Engine/Content/Maps/Templates/Thumbnails/Default.uasset" 170
"../../../Engine/Content/Maps/Templates/Thumbnails/VR-Basic.uasset" 171
"../../../Engine/Content/MobileResources/T_MobileControls_texture.uasset" 172
"../../../Engine/Content/MobileResources/T_MobileMenu2.uasset" 173
"../../../Engine/Content/MobileResources/HUD/AnalogHat.uasset" 174
"../../../Engine/Content/MobileResources/HUD/VirtualJoystick_Background.uasset" 175
"../../../Engine/Content/MobileResources/HUD/VirtualJoystick_Thumb.uasset" 176
"../../../Engine/Content/MobileResources/HUD/DefaultVirtualJoysticks.uasset" 177
"../../../Engine/Content/MobileResources/HUD/LeftVirtualJoystickOnly.uasset" 178
"../../../Engine/Content/MobileResources/HUD/MobileHUDButton1_off.uasset" 179
"../../../Engine/Content/MobileResources/HUD/MobileHUDButton1_on.uasset" 180
"../../../Engine/Content/MobileResources/HUD/MobileHUDButton2_off.uasset" 181
"../../../Engine/Content/MobileResources/HUD/MobileHUDButton2_on.uasset" 182
"../../../Engine/Content/MobileResources/HUD/MobileHUDButton3.uasset" 183
"../../../Engine/Content/MobileResources/HUD/MobileHUDButtonFire.uasset" 184
"../../../Engine/Content/MobileResources/HUD/MobileHUDDirectionPad.uasset" 185
"../../../Engine/Content/MobileResources/HUD/MobileHUDDirectionPad2.uasset" 186
"../../../Engine/Content/MobileResources/HUD/MobileHUDDirectionPad3.uasset" 187
"../../../Engine/Content/MobileResources/HUD/MobileHUDDirectionStick.uasset" 188
"../../../Engine/Content/MobileResources/HUD/T_Castle_ThumbstickInner.uasset" 189
"../../../Engine/Content/MobileResources/HUD/T_Castle_ThumbstickOutter.uasset" 190
"../../../Engine/Content/Tutorial/ContentIntroCurve.uasset" 191
"../../../Engine/Content/Tutorial/Basics/TutorialAssets/icon_tab_Levels_40x.uasset" 192
"../../../Engine/Content/Tutorial/BlueprintTutorials/TutorialAssets/BlueprintInterface_64x.uasset" 193
"../../../Engine/Content/Tutorial/BlueprintTutorials/TutorialAssets/BlueprintMacroLibrary_64x.uasset" 194
"../../../Engine/Content/Tutorial/BlueprintTutorials/TutorialAssets/Blueprint_64x.uasset" 195
"../../../Engine/Content/Tutorial/BlueprintTutorials/TutorialAssets/Tutorial_BP_Interface.uasset" 196
"../../../Engine/Content/Tutorial/Foliage/TutorialAssets/Foliage.uasset" 197
"../../../Engine/Content/Tutorial/Landscape/TutorialAssets/Landscape.uasset" 198
"../../../Engine/Content/Tutorial/Paper2D/TutorialAssets/Paper2DFlipbook_TutorialIcon.uasset" 199
"../../../Engine/Content/Tutorial/Paper2D/TutorialAssets/Paper2DSprite_TutorialIcon.uasset" 200
"../../../Engine/Content/Tutorial/SubEditors/TutorialAssets/icon_Editor_Preferences_General_40x.uasset" 201
"../../../Engine/Content/Tutorial/SubEditors/TutorialAssets/icon_ShowSkeletalMeshes_40x.uasset" 202
"../../../Engine/Content/Tutorial/SubEditors/TutorialAssets/TutorialMaterial.uasset" 203
"../../../Engine/Content/Tutorial/SubEditors/TutorialAssets/T_SmokeSubUV_8X8.uasset" 204
"../../../Engine/Content/Tutorial/SubEditors/TutorialAssets/T_soft_smoke.uasset" 205
"../../../Engine/Content/Tutorial/SubEditors/TutorialAssets/M_smoke_subUV_blackbody.uasset" 206
"../../../Engine/Content/Tutorial/SubEditors/TutorialAssets/TutorialParticleSystem.uasset" 207
"../../../Engine/Content/EditorMeshes/EditorCube.uasset" 208
"../../../Engine/Content/Tutorial/SubEditors/TutorialAssets/Tutorial_DM.uasset" 209
"../../../Engine/Content/VREditor/Devices/Generic/GenericHMDMaterial.uasset" 210
"../../../Engine/Content/VREditor/Devices/Generic/GenericHMD.uasset" 211
"../../../Engine/Content/VREditor/FloatingText/LineMaterial.uasset" 212
"../../../Engine/Content/VREditor/FloatingText/JointSphere.uasset" 213
"../../../Engine/Content/VREditor/FloatingText/LineSegmentCylinder.uasset" 214
"../../../Engine/Content/VREditor/Fonts/VRText_RobotoLarge.uasset" 215
"../../../Engine/Content/VREditor/Fonts/VRTextMaterial.uasset" 216
"../../../Engine/Content/VREditor/Fonts/TranslucentVRTextMaterial.uasset" 217
"../../../Engine/Content/VREditor/LaserPointer/VR_LaserPower_01.uasset" 218
"../../../Engine/Content/VREditor/TransformGizmo/TransformGizmoMaterial.uasset" 219
"../../../Engine/Content/VREditor/LaserPointer/HoverMaterial.uasset" 220
"../../../Engine/Content/VREditor/TransformGizmo/TranslucentTransformGizmoMaterial.uasset" 221
"../../../Engine/Content/VREditor/LaserPointer/TranslucentHoverMaterial.uasset" 222
"../../../Engine/Content/VREditor/LaserPointer/HoverMesh.uasset" 223
"../../../Engine/Content/VREditor/LaserPointer/LaserPointerMaterial.uasset" 224
"../../../Engine/Content/VREditor/LaserPointer/LaserPointerMaterialInst.uasset" 225
"../../../Engine/Content/VREditor/LaserPointer/TranslucentLaserPointerMaterialInst.uasset" 226
"../../../Engine/Content/VREditor/LaserPointer/LaserPointerMesh.uasset" 227
"../../../Engine/Content/VREditor/LaserPointer/LaserPointerMesh_End.uasset" 228
"../../../Engine/Content/VREditor/LaserPointer/LaserPointerMesh_Start.uasset" 229
"../../../Engine/Content/Functions/Engine_MaterialFunctions02/Utility/BreakOutFloat3Components.uasset" 230
"../../../Engine/Content/Functions/Engine_MaterialFunctions02/Math/Transform3x3Matrix.uasset" 231
"../../../Engine/Content/Functions/Engine_MaterialFunctions02/SplitComponents.uasset" 232
"../../../Engine/Content/Functions/Engine_MaterialFunctions02/Utility/MakeFloat3.uasset" 233
"../../../Engine/Content/VREditor/SnapGrid/SnapGridMaterial.uasset" 234
"../../../Engine/Content/VREditor/SnapGrid/SnapGridPlaneMesh.uasset" 235
"../../../Engine/Content/VREditor/Sounds/VR_teleport_Cue.uasset" 236
"../../../Engine/Content/VREditor/Sounds/UI/Click_on_Button_Cue.uasset" 237
"../../../Engine/Content/VREditor/Sounds/UI/Dockable_Window_Close.uasset" 238
"../../../Engine/Content/VREditor/Sounds/UI/Dockable_Window_Drop.uasset" 239
"../../../Engine/Content/VREditor/Sounds/UI/Dockable_Window_Open.uasset" 240
"../../../Engine/Content/VREditor/Sounds/UI/Dockable_Window_Pick_Up.uasset" 241
"../../../Engine/Content/VREditor/Sounds/UI/Drop_Item_From_ContentBrowser.uasset" 242
"../../../Engine/Content/VREditor/Sounds/UI/Floating_UI_Open-001.uasset" 243
"../../../Engine/Content/VREditor/Sounds/UI/Gizmo_Handle_Clicked.uasset" 244
"../../../Engine/Content/VREditor/Sounds/UI/Object_PickUp.uasset" 245
"../../../Engine/Content/VREditor/Sounds/UI/Object_Snaps_To_Another_Actor.uasset" 246
"../../../Engine/Content/VREditor/Sounds/UI/Object_Snaps_To_Grid.uasset" 247
"../../../Engine/Content/VREditor/Sounds/UI/Radial_Menu_FadeOut.uasset" 248
"../../../Engine/Content/VREditor/Sounds/UI/Scaling_Down.uasset" 249
"../../../Engine/Content/VREditor/Sounds/UI/Scaling_Up.uasset" 250
"../../../Engine/Content/VREditor/Sounds/UI/Selection_Changes.uasset" 251
"../../../Engine/Content/VREditor/Sounds/UI/Teleport_Mode_Entered.uasset" 252
"../../../Engine/Content/VREditor/Teleport/TeleportDirectionMaterial.uasset" 253
"../../../Engine/Content/VREditor/Teleport/TeleportDirectionMaterial_Inst.uasset" 254
"../../../Engine/Content/VREditor/Teleport/TeleportDirectionMesh.uasset" 255
"../../../Engine/Content/VREditor/TransformGizmo/BoundingBoxCorner.uasset" 256
"../../../Engine/Content/VREditor/TransformGizmo/BoundingBoxEdge.uasset" 257
"../../../Engine/Content/VREditor/TransformGizmo/PlaneTranslationHandle.uasset" 258
"../../../Engine/Content/VREditor/TransformGizmo/RotationHandle.uasset" 259
"../../../Engine/Content/VREditor/TransformGizmo/RotationHandleFull.uasset" 260
"../../../Engine/Content/VREditor/TransformGizmo/RotationHandleIndicator.uasset" 261
"../../../Engine/Content/VREditor/TransformGizmo/RotationHandleQuarter.uasset" 262
"../../../Engine/Content/VREditor/TransformGizmo/Main.uasset" 263
"../../../Engine/Content/VREditor/TransformGizmo/Xray.uasset" 264
"../../../Engine/Content/VREditor/TransformGizmo/SM_Dialog_Close.uasset" 265
"../../../Engine/Content/VREditor/TransformGizmo/SM_Dialog_Move.uasset" 266
"../../../Engine/Content/VREditor/TransformGizmo/SM_Sequencer_Key.uasset" 267
"../../../Engine/Content/VREditor/TransformGizmo/StartRotationHandleIndicator.uasset" 268
"../../../Engine/Content/VREditor/TransformGizmo/TransformGizmoMaterial_Inst.uasset" 269
"../../../Engine/Content/VREditor/TransformGizmo/TranslateArrowHandle.uasset" 270
"../../../Engine/Content/VREditor/TransformGizmo/TranslationHandle.uasset" 271
"../../../Engine/Content/VREditor/TransformGizmo/TranslucentTransformGizmoMaterial_Inst.uasset" 272
"../../../Engine/Content/VREditor/TransformGizmo/UniformScaleHandle.uasset" 273
"../../../Engine/Content/VREditor/UI/KeyDiskMaterial.uasset" 274
"../../../Engine/Content/VREditor/UI/DiscMaterial.uasset" 275
"../../../Engine/Content/VREditor/UI/SM_Radial_Disk.uasset" 276
"../../../Engine/Content/Functions/Engine_MaterialFunctions01/Gradient/RadialGradient.uasset" 277
"../../../Engine/Content/VREditor/WorldMovementGrid/SimpleGrid.uasset" 278
"../../../Engine/Content/VREditor/WorldMovementGrid/GridMaterial.uasset" 279
"../../../Engine/Content/VREditor/WorldMovementGrid/GridPostProcess.uasset" 280
"../../../Engine/Content/EditorLandscapeResources/FlattenHeightMat.uasset" 281
"../../../Engine/Content/VREditor/WorldMovementGrid/PlaneMesh.uasset" 282
"../../../Engine/Plugins/2D/Paper2D/Content/DummySprite.uasset" 283
"../../../Engine/Plugins/2D/Paper2D/Content/DefaultPaperTerrainMaterial.uasset" 284
"../../../Engine/Plugins/2D/Paper2D/Content/DefaultSpriteMaterial.uasset" 285
"../../../Engine/Plugins/2D/Paper2D/Content/MaskedUnlitSpriteMaterial.uasset" 286
"../../../Engine/Plugins/2D/Paper2D/Content/OpaqueUnlitSpriteMaterial.uasset" 287
"../../../Engine/Plugins/2D/Paper2D/Content/PlaceholderTextures/DummySpriteTexture.uasset" 288
"../../../Engine/Plugins/Runtime/GearVR/Content/Textures/GearVRController_AO.uasset" 289
"../../../Engine/Plugins/Runtime/GearVR/Content/Textures/GearVRController_Color.uasset" 290
"../../../Engine/Plugins/Runtime/GearVR/Content/Textures/GearVRController_Normal.uasset" 291
"../../../Engine/Plugins/Runtime/GearVR/Content/Materials/GearVRControllerMaterial.uasset" 292
"../../../Engine/Plugins/Runtime/GearVR/Content/Meshes/GearVrController.uasset" 293
"../../../Engine/Content/EditorBlueprintResources/StandardMacros.uasset" 294
"../../../Engine/Content/EngineSky/C_Sky_Cloud_Color.uasset" 295
"../../../Engine/Content/EngineSky/C_Sky_Horizon_Color.uasset" 296
"../../../Engine/Content/EngineSky/C_Sky_Zenith_Color.uasset" 297
"../../../Engine/Content/EngineSky/T_Sky_Blue.uasset" 298
"../../../Engine/Content/EngineSky/T_Sky_Clouds_M.uasset" 299
"../../../Engine/Content/EngineSky/T_Sky_Stars.uasset" 300
"../../../Engine/Content/EngineSky/M_Sky_Panning_Clouds2.uasset" 301
"../../../Engine/Content/EngineSky/SM_SkySphere.uasset" 302
"../../../Engine/Content/EngineSky/BP_Sky_Sphere.uasset" 303
"../../../Engine/Content/BasicShapes/BasicShapeMaterial.uasset" 304
"../../../Despair/Content/Materials/MI_PlayerCharacter.uasset" 305
"../../../Engine/Content/BasicShapes/Sphere.uasset" 306
"../../../Despair/Content/Blueprints/CharacterAnimState_Enum.uasset" 307
"../../../Despair/Content/Blueprints/Left_Right.uasset" 308
"../../../Despair/Content/Blueprints/Paused_UI.uasset" 309
"../../../Despair/Content/Sounds/Death2Sound.uasset" 310
"../../../Despair/Content/Sounds/DeathSound.uasset" 311
"../../../Despair/Content/Sounds/JumpSound.uasset" 312
"../../../Despair/Content/Textures/Character_Death.uasset" 313
"../../../Despair/Content/Textures/Character_Death_Sprite.uasset" 314
"../../../Despair/Content/Textures/Character_Deathbook.uasset" 315
"../../../Despair/Content/Textures/CharacterFall.uasset" 316
"../../../Despair/Content/Textures/CharacterFall_Sprite.uasset" 317
"../../../Despair/Content/Textures/Character_Fall.uasset" 318
"../../../Despair/Content/Textures/CharacterSheet02_Sprite_0.uasset" 319
"../../../Despair/Content/Textures/CharacterSheet02_Sprite_1.uasset" 320
"../../../Despair/Content/Textures/CharacterSheet02_Sprite_2.uasset" 321
"../../../Despair/Content/Textures/Character_Idle.uasset" 322
"../../../Despair/Content/Textures/CharacterSheet02_Sprite_10.uasset" 323
"../../../Despair/Content/Textures/CharacterSheet02_Sprite_3.uasset" 324
"../../../Despair/Content/Textures/CharacterSheet02_Sprite_4.uasset" 325
"../../../Despair/Content/Textures/Character_Run.uasset" 326
"../../../Despair/Content/Textures/CharacterJump.uasset" 327
"../../../Despair/Content/Textures/CharacterLedge_Sprite_2.uasset" 328
"../../../Despair/Content/Textures/CharacterLedge_Sprite_3.uasset" 329
"../../../Despair/Content/Textures/CharacterLedge1.uasset" 330
"../../../Despair/Content/Blueprints/PlayerPawn2_BP.uasset" 331
"../../../Despair/Content/Meshes/SM_Saw.uasset" 332
"../../../Despair/Content/Blueprints/Saw_BP.uasset" 333
"../../../Despair/Content/Materials/MI_HeartGlow.uasset" 334
"../../../Despair/Content/Meshes/SM_Heart.uasset" 335
"../../../Despair/Content/Sounds/HeartGrab.uasset" 336
"../../../Despair/Content/Blueprints/BP_Pickup.uasset" 337
"../../../Despair/Content/Blueprints/SwapCollisionPlatform01.uasset" 338
"../../../Despair/Content/Sounds/Hope_Fades_-_Melody_Only.uasset" 339
"../../../Despair/Content/Blueprints/GameState_BP.uasset" 340
"../../../Despair/Content/Blueprints/PlayerController_BP.uasset" 341
"../../../Despair/Content/Blueprints/DespairGameMode_BP.uasset" 342
"../../../Despair/Content/Materials/MI_WorldGradient.uasset" 343
"../../../Despair/Content/Maps/PressStart2P.uasset" 344
"../../../Despair/Content/Maps/PressStart2P_Font.uasset" 345
"../../../Despair/Content/Blueprints/EndScreen.uasset" 346
"../../../Despair/Content/Sounds/StartSound.uasset" 347
"../../../Despair/Content/StarterContent/Shapes/Shape_Plane.uasset" 348
"../../../Despair/Content/Textures/Character_cheering.uasset" 349
"../../../Despair/Content/Textures/Character_cheering_Sprite_5.uasset" 350
"../../../Despair/Content/Textures/Character_cheering_Sprite_6.uasset" 351
"../../../Despair/Content/Textures/Character_cheering_Sprite_7.uasset" 352
"../../../Despair/Content/Textures/Character_cheering_Sprite_8.uasset" 353
"../../../Despair/Content/Textures/Character_cheering_Sprite_9.uasset" 354
"../../../Despair/Content/Textures/Character_Cheer.uasset" 355
"../../../Despair/Content/Maps/EndLevel.umap" 356
"../../../Despair/Content/Blueprints/DeathVolume_BP.uasset" 357
"../../../Despair/Content/Sounds/DoorSound.uasset" 358
"../../../Despair/Content/StarterContent/Props/SM_Door.uasset" 359
"../../../Despair/Content/StarterContent/Props/SM_DoorFrame.uasset" 360
"../../../Despair/Content/Blueprints/DoorExit_BP.uasset" 361
"../../../Despair/Content/Textures/Background/T_City01.uasset" 362
"../../../Despair/Content/Materials/Backgrounds/MI_CityBackground01.uasset" 363
"../../../Despair/Content/Blueprints/Story.uasset" 364
"../../../Despair/Content/Maps/Level01.umap" 365
"../../../Despair/Content/Materials/Backgrounds/Hills_background.uasset" 366
"../../../Despair/Content/Materials/MI_GlowMoon.uasset" 367
"../../../Despair/Content/StarterContent/Shapes/Shape_Sphere.uasset" 368
"../../../Despair/Content/Maps/Level02.umap" 369
"../../../Despair/Content/Meshes/SM_Flag.uasset" 370
"../../../Despair/Content/Meshes/SM_FlagPole.uasset" 371
"../../../Despair/Content/Sounds/FlagSound.uasset" 372
"../../../Despair/Content/Blueprints/CheckPoint_BP.uasset" 373
"../../../Despair/Content/Materials/MI_GlowStars.uasset" 374
"../../../Despair/Content/StarterContent/Shapes/Shape_Cube.uasset" 375
"../../../Despair/Content/Maps/Level03.umap" 376
"../../../Despair/Content/Textures/Background/T_Ruins1.uasset" 377
"../../../Despair/Content/Materials/Backgrounds/MI_RuinsBackground.uasset" 378
"../../../Despair/Content/Textures/Background/T_Ruins2.uasset" 379
"../../../Despair/Content/Materials/Backgrounds/MI_RuinsBackground1.uasset" 380
"../../../Despair/Content/Textures/Background/T_Ruins3.uasset" 381
"../../../Despair/Content/Materials/Backgrounds/MI_RuinsBackground2.uasset" 382
"../../../Despair/Content/Materials/GlowSun.uasset" 383
"../../../Despair/Content/Maps/Level04.umap" 384
"../../../Despair/Content/Textures/Background/T_Cloud01.uasset" 385
"../../../Despair/Content/Materials/Backgrounds/MI_Cloud.uasset" 386
"../../../Despair/Content/Textures/Background/T_Flag01.uasset" 387
"../../../Despair/Content/Materials/Backgrounds/MI_FlagBackground.uasset" 388
"../../../Despair/Content/Maps/Level05.umap" 389
"../../../Despair/Content/Meshes/SM_Heart01.uasset" 390
"../../../Despair/Content/Meshes/SM_Heart02.uasset" 391
"../../../Despair/Content/Blueprints/IntroAnimation.uasset" 392
"../../../Despair/Content/Maps/StartLevel_BuiltData.uasset" 393
"../../../Despair/Content/Blueprints/StartMenu_BP.uasset" 394
"../../../Despair/Content/Maps/StartLevel.umap" 395
"../../../Despair/Content/Maps/TestMap02.umap" 396
"../../../Engine/Content/Maps/Entry.umap" 397
